[    2312ms] [INFO] 喜欢看豆瓣的代码，还是发现了什么bug？不如和我们一起为豆瓣添砖加瓦吧！
http://jobs.douban.com/#position-zsqd @ https://img1.doubanio.com/f/vendors/e258329ca4b2122b4efe53fddc418967441e0e7f/js/douban.js:3213
[    2512ms] [LOG] voteSelector .vote-comment @ https://img1.doubanio.com/f/vendors/6eba6f43fb7592ab783e390f654c0d6a96b1598e/subject-comments/comments-section.js:0
[    2560ms] Uncaught (in promise) Error: Minified React error #200; visit https://reactjs.org/docs/error-decoder.html?invariant=200 for the full message or use the non-minified dev environment for full errors and additional helpful warnings.
    at n.render (https://img9.doubanio.com/cuphead/federation/961.js:8:27993)
    at 693 (https://img1.doubanio.com/cuphead/movie-static/updated_progress/693.c.feeab.a.js:0:35858)
    at p (https://img1.doubanio.com/cuphead/movie-static/updated_progress/index.f7790.js:0:802)
[    2657ms] [WARNING] An iframe which has both allow-scripts and allow-same-origin for its sandbox attribute can escape its sandboxing. @ https://img1.doubanio.com/ZHdhZ2Y4eC9mL2FkanMvZmE3NGZkMWY5NzhhZmM4NmZhZjMxMTllNTQ5MGIyYWRlNTUwYmI0NS9hZC5yZWxlYXNlLmpz?company_token=kX69T8w1wyOE-dale:1
[    2661ms] [WARNING] [Warning]: dale_movie_subject_hovering_video content is empty @ https://img1.doubanio.com/ZHdhZ2Y4eC9mL2FkanMvZmE3NGZkMWY5NzhhZmM4NmZhZjMxMTllNTQ5MGIyYWRlNTUwYmI0NS9hZC5yZWxlYXNlLmpz?company_token=kX69T8w1wyOE-dale:1
[    2662ms] [WARNING] [Warning]: dale_movie_subject_banner_after_intro content is empty @ https://img1.doubanio.com/ZHdhZ2Y4eC9mL2FkanMvZmE3NGZkMWY5NzhhZmM4NmZhZjMxMTllNTQ5MGIyYWRlNTUwYmI0NS9hZC5yZWxlYXNlLmpz?company_token=kX69T8w1wyOE-dale:1
[    2671ms] [WARNING] [Warning]: dale_subject_right_guess_you_like content is empty @ https://img1.doubanio.com/ZHdhZ2Y4eC9mL2FkanMvZmE3NGZkMWY5NzhhZmM4NmZhZjMxMTllNTQ5MGIyYWRlNTUwYmI0NS9hZC5yZWxlYXNlLmpz?company_token=kX69T8w1wyOE-dale:1
[    3386ms] [LOG] frame on registerListener @ https://game.weixin.qq.com/cgi-bin/minigame/static/pc-gamesdk-alpha/wxgamesdkframe.html:0
[    3872ms] [LOG] frame on sync_method {getGameSession: } @ https://game.weixin.qq.com/cgi-bin/minigame/static/pc-gamesdk-alpha/wxgamesdkframe.html:0
[    3974ms] [LOG] frame on invoke {apiName: getGameSession, args: Object} @ https://game.weixin.qq.com/cgi-bin/minigame/static/pc-gamesdk-alpha/wxgamesdkframe.html:0
[    6878ms] [LOG] [GDTAdSDK]: 初始化成功 undefined @ :6
[    6917ms] [LOG] frame on invoke {apiName: getGameSession, args: Object} @ https://game.weixin.qq.com/cgi-bin/minigame/static/pc-gamesdk-alpha/wxgamesdkframe.html:0
[    9986ms] [ERROR] [GDTAdSdk]: loadNativeAdData failed GDTError: Match no ad. Please DON'T retry immediately.
    at LocalPlugin.loadNativeAdData (https://qzs.gdtimg.com/union/res/pc/ylh-pc-ad-sdk.v1.29.29.js:44:64117)
    at async SDKAdapter.execute (https://qzs.gdtimg.com/union/res/pc/ylh-pc-ad-sdk.v1.29.29.js:44:64659)
    at async Proxy.loadNativeAdData (https://qzs.gdtimg.com/union/res/pc/ylh-pc-ad-sdk.v1.29.29.js:44:66446) @ :213
[   11980ms] [ERROR] Error: timeout
    at https://game.weixin.qq.com/cgi-bin/minigame/static/pc-gamesdk-alpha/wxgamesdkframe.html:1:9167
    at Generator.throw (<anonymous>)
    at a (https://game.weixin.qq.com/cgi-bin/minigame/static/pc-gamesdk-alpha/wxgamesdkframe.html:1:7941) @ https://game.weixin.qq.com/cgi-bin/minigame/static/pc-gamesdk-alpha/wxgamesdkframe.html:0
[   14920ms] [ERROR] Error: timeout
    at https://game.weixin.qq.com/cgi-bin/minigame/static/pc-gamesdk-alpha/wxgamesdkframe.html:1:9167
    at Generator.throw (<anonymous>)
    at a (https://game.weixin.qq.com/cgi-bin/minigame/static/pc-gamesdk-alpha/wxgamesdkframe.html:1:7941) @ https://game.weixin.qq.com/cgi-bin/minigame/static/pc-gamesdk-alpha/wxgamesdkframe.html:0
