[     599ms] [INFO] %cDownload the React DevTools for a better development experience: https://reactjs.org/link/react-devtools font-weight:bold @ webpack-internal:///(app-pages-browser)/./node_modules/.pnpm/next@14.2.30_@babel+core@7._9960d4ec3ace0dc381872aaaee443d1f/node_modules/next/dist/compiled/react-dom/cjs/react-dom.development.js:38559
[     819ms] [WARNING] Image with src "/api/image-proxy?url=https%3A%2F%2Fimg.picbf.com%2Fupload%2Fvod%2F20260326-1%2Fe4976db97a5120dc995ec9a2f7c64897.jpg" is using deprecated "onLoadingComplete" property. Please use the "onLoad" property instead. @ webpack-internal:///(app-pages-browser)/./node_modules/.pnpm/next@14.2.30_@babel+core@7._9960d4ec3ace0dc381872aaaee443d1f/node_modules/next/dist/shared/lib/utils/warn-once.js:15
[     820ms] [WARNING] Image with src "/api/image-proxy?url=https%3A%2F%2Fimg.picbf.com%2Fupload%2Fvod%2F20250919-1%2F50802e724bfe48b222be3fcf634b24a2.webp" is using deprecated "onLoadingComplete" property. Please use the "onLoad" property instead. @ webpack-internal:///(app-pages-browser)/./node_modules/.pnpm/next@14.2.30_@babel+core@7._9960d4ec3ace0dc381872aaaee443d1f/node_modules/next/dist/shared/lib/utils/warn-once.js:15
[     821ms] [WARNING] Image with src "/api/image-proxy?url=https%3A%2F%2Fimg.bfzypic.com%2Fupload%2Fvod%2F20240926-1%2F668e19b985f30e153620be2635baa80f.jpeg" is using deprecated "onLoadingComplete" property. Please use the "onLoad" property instead. @ webpack-internal:///(app-pages-browser)/./node_modules/.pnpm/next@14.2.30_@babel+core@7._9960d4ec3ace0dc381872aaaee443d1f/node_modules/next/dist/shared/lib/utils/warn-once.js:15
[     822ms] [WARNING] Image with src "/api/image-proxy?url=https%3A%2F%2Fimg.bfzypic.com%2Fupload%2Fvod%2F20240507-1%2F5d2fda00777eb9519160645b805f9b58.jpg" is using deprecated "onLoadingComplete" property. Please use the "onLoad" property instead. @ webpack-internal:///(app-pages-browser)/./node_modules/.pnpm/next@14.2.30_@babel+core@7._9960d4ec3ace0dc381872aaaee443d1f/node_modules/next/dist/shared/lib/utils/warn-once.js:15
[     823ms] [WARNING] Image with src "/api/image-proxy?url=https%3A%2F%2Fimg.bfzypic.com%2Fupload%2Fvod%2F20240511-1%2Ffede33dfa395b214c94e3212755f4a6a.jpg" is using deprecated "onLoadingComplete" property. Please use the "onLoad" property instead. @ webpack-internal:///(app-pages-browser)/./node_modules/.pnpm/next@14.2.30_@babel+core@7._9960d4ec3ace0dc381872aaaee443d1f/node_modules/next/dist/shared/lib/utils/warn-once.js:15
[     824ms] [WARNING] Image with src "/api/image-proxy?url=https%3A%2F%2Fvip.dytt-img.com%2Fupload%2Fvod%2F20250417-1%2F1d67fa9821f15cdf616a6810739e0ea6.jpg" is using deprecated "onLoadingComplete" property. Please use the "onLoad" property instead. @ webpack-internal:///(app-pages-browser)/./node_modules/.pnpm/next@14.2.30_@babel+core@7._9960d4ec3ace0dc381872aaaee443d1f/node_modules/next/dist/shared/lib/utils/warn-once.js:15
[     826ms] [WARNING] Image with src "/api/image-proxy?url=https%3A%2F%2Fimg.picbf.com%2Fupload%2Fvod%2F20260126-1%2F124e6a4149365aea78faf1f973b697b9.jpg" is using deprecated "onLoadingComplete" property. Please use the "onLoad" property instead. @ webpack-internal:///(app-pages-browser)/./node_modules/.pnpm/next@14.2.30_@babel+core@7._9960d4ec3ace0dc381872aaaee443d1f/node_modules/next/dist/shared/lib/utils/warn-once.js:15
[     827ms] [WARNING] Image with src "/api/image-proxy?url=https%3A%2F%2Fimg.picbf.com%2Fupload%2Fvod%2F20260202-1%2Fea72f9827fb1ed2736b58f6da9ea7fa0.jpg" is using deprecated "onLoadingComplete" property. Please use the "onLoad" property instead. @ webpack-internal:///(app-pages-browser)/./node_modules/.pnpm/next@14.2.30_@babel+core@7._9960d4ec3ace0dc381872aaaee443d1f/node_modules/next/dist/shared/lib/utils/warn-once.js:15
[     828ms] [WARNING] Image with src "/api/image-proxy?url=https%3A%2F%2Fimg.picbf.com%2Fupload%2Fvod%2F20260205-1%2Ff1f7a9af177d32f61fc6a2dea0dcb7f1.jpg" is using deprecated "onLoadingComplete" property. Please use the "onLoad" property instead. @ webpack-internal:///(app-pages-browser)/./node_modules/.pnpm/next@14.2.30_@babel+core@7._9960d4ec3ace0dc381872aaaee443d1f/node_modules/next/dist/shared/lib/utils/warn-once.js:15
[     829ms] [WARNING] Image with src "/api/image-proxy?url=https%3A%2F%2Fvip.dytt-img.com%2Fupload%2Fvod%2F20250429-1%2F7c2e491e9a6cd8afcc042b32b5e5887f.jpg" is using deprecated "onLoadingComplete" property. Please use the "onLoad" property instead. @ webpack-internal:///(app-pages-browser)/./node_modules/.pnpm/next@14.2.30_@babel+core@7._9960d4ec3ace0dc381872aaaee443d1f/node_modules/next/dist/shared/lib/utils/warn-once.js:15
[     855ms] [WARNING] Image with src "/api/image-proxy?url=https%3A%2F%2Fwww.mdzypic.com%2Fupload%2Fvod%2F20240722-1%2F58d534faed2a252ea75536f006871f2c.jpg" is using deprecated "onLoadingComplete" property. Please use the "onLoad" property instead. @ webpack-internal:///(app-pages-browser)/./node_modules/.pnpm/next@14.2.30_@babel+core@7._9960d4ec3ace0dc381872aaaee443d1f/node_modules/next/dist/shared/lib/utils/warn-once.js:15
[     859ms] [WARNING] Image with src "/api/image-proxy?url=https%3A%2F%2Fok.zuidapic.com%2Fupload%2Fvod%2F20240531-1%2F7bf72b5565cea19e7abca979039c7457.jpg" is using deprecated "onLoadingComplete" property. Please use the "onLoad" property instead. @ webpack-internal:///(app-pages-browser)/./node_modules/.pnpm/next@14.2.30_@babel+core@7._9960d4ec3ace0dc381872aaaee443d1f/node_modules/next/dist/shared/lib/utils/warn-once.js:15
[     859ms] [WARNING] Image with src "/api/image-proxy?url=https%3A%2F%2Fwww.imgzy360.com%3A7788%2Fupload%2Fvod%2F20240512-1%2Fe0fe5d19e898c893c9c6c285e603519d.jpg" is using deprecated "onLoadingComplete" property. Please use the "onLoad" property instead. @ webpack-internal:///(app-pages-browser)/./node_modules/.pnpm/next@14.2.30_@babel+core@7._9960d4ec3ace0dc381872aaaee443d1f/node_modules/next/dist/shared/lib/utils/warn-once.js:15
[     860ms] [WARNING] Image with src "/api/image-proxy?url=https%3A%2F%2Fpic.youkupic.com%2Fupload%2Fvod%2F20241127-1%2F7051981f2ddd12face9f14c8fa4ddebd.jpg" is using deprecated "onLoadingComplete" property. Please use the "onLoad" property instead. @ webpack-internal:///(app-pages-browser)/./node_modules/.pnpm/next@14.2.30_@babel+core@7._9960d4ec3ace0dc381872aaaee443d1f/node_modules/next/dist/shared/lib/utils/warn-once.js:15
[     861ms] [WARNING] Image with src "/api/image-proxy?url=https%3A%2F%2Fpic.youkupic.com%2Fupload%2Fvod%2F20240913-1%2F2778b8be6f4400033b74d90f8dcf119c.jpeg" is using deprecated "onLoadingComplete" property. Please use the "onLoad" property instead. @ webpack-internal:///(app-pages-browser)/./node_modules/.pnpm/next@14.2.30_@babel+core@7._9960d4ec3ace0dc381872aaaee443d1f/node_modules/next/dist/shared/lib/utils/warn-once.js:15
[     862ms] [WARNING] Image with src "/api/image-proxy?url=https%3A%2F%2Fpic.youkupic.com%2Fupload%2Fvod%2F20240422-1%2Ffae6d06dec251e2459e1e00f1750b8cd.jpg" is using deprecated "onLoadingComplete" property. Please use the "onLoad" property instead. @ webpack-internal:///(app-pages-browser)/./node_modules/.pnpm/next@14.2.30_@babel+core@7._9960d4ec3ace0dc381872aaaee443d1f/node_modules/next/dist/shared/lib/utils/warn-once.js:15
[     863ms] [WARNING] Image with src "/api/image-proxy?url=https%3A%2F%2Fimg.ffzy888.com%2Fupload%2Fvod%2F20240509-1%2Fbe02966c8a66a57991c228c48b4705a3.jpg" is using deprecated "onLoadingComplete" property. Please use the "onLoad" property instead. @ webpack-internal:///(app-pages-browser)/./node_modules/.pnpm/next@14.2.30_@babel+core@7._9960d4ec3ace0dc381872aaaee443d1f/node_modules/next/dist/shared/lib/utils/warn-once.js:15
[     864ms] [WARNING] Image with src "/api/image-proxy?url=https%3A%2F%2Fmtzy2.com%2Fupload%2Fvod%2F20250109-3%2Fc6171cf11384a845e2f0fed88ea6335a.jpg" is using deprecated "onLoadingComplete" property. Please use the "onLoad" property instead. @ webpack-internal:///(app-pages-browser)/./node_modules/.pnpm/next@14.2.30_@babel+core@7._9960d4ec3ace0dc381872aaaee443d1f/node_modules/next/dist/shared/lib/utils/warn-once.js:15
[     864ms] [WARNING] Image with src "/api/image-proxy?url=https%3A%2F%2Fmtzy2.com%2Fupload%2Fvod%2F20250107-15%2Fdfd1b841011659a49917e66b354103f8.jpg" is using deprecated "onLoadingComplete" property. Please use the "onLoad" property instead. @ webpack-internal:///(app-pages-browser)/./node_modules/.pnpm/next@14.2.30_@babel+core@7._9960d4ec3ace0dc381872aaaee443d1f/node_modules/next/dist/shared/lib/utils/warn-once.js:15
[     865ms] [WARNING] Image with src "/api/image-proxy?url=https%3A%2F%2Fmtzy2.com%2Fupload%2Fvod%2F20250109-2%2Fd15adedb0ad0236d7a8768b2ed5c711a.jpg" is using deprecated "onLoadingComplete" property. Please use the "onLoad" property instead. @ webpack-internal:///(app-pages-browser)/./node_modules/.pnpm/next@14.2.30_@babel+core@7._9960d4ec3ace0dc381872aaaee443d1f/node_modules/next/dist/shared/lib/utils/warn-once.js:15
[     865ms] [WARNING] Image with src "/api/image-proxy?url=https%3A%2F%2Fpic.youkupic.com%2Fupload%2Fvod%2F20240523-1%2F2e077f66b7eaba296ef96f6b6ac9a731.png" is using deprecated "onLoadingComplete" property. Please use the "onLoad" property instead. @ webpack-internal:///(app-pages-browser)/./node_modules/.pnpm/next@14.2.30_@babel+core@7._9960d4ec3ace0dc381872aaaee443d1f/node_modules/next/dist/shared/lib/utils/warn-once.js:15
[     866ms] [WARNING] Image with src "/api/image-proxy?url=https%3A%2F%2Fmtzy2.com%2Fupload%2Fvod%2F20250108-65%2F3639c9c90754c68086b1c0f28f65b2a5.jpg" is using deprecated "onLoadingComplete" property. Please use the "onLoad" property instead. @ webpack-internal:///(app-pages-browser)/./node_modules/.pnpm/next@14.2.30_@babel+core@7._9960d4ec3ace0dc381872aaaee443d1f/node_modules/next/dist/shared/lib/utils/warn-once.js:15
[     925ms] [WARNING] Image with src "/api/image-proxy?url=https%3A%2F%2Fimg.picbf.com%2Fupload%2Fvod%2F20260326-1%2Fe4976db97a5120dc995ec9a2f7c64897.jpg" was detected as the Largest Contentful Paint (LCP). Please add the "priority" property if this image is above the fold.
Read more: https://nextjs.org/docs/api-reference/next/image#priority @ webpack-internal:///(app-pages-browser)/./node_modules/.pnpm/next@14.2.30_@babel+core@7._9960d4ec3ace0dc381872aaaee443d1f/node_modules/next/dist/shared/lib/utils/warn-once.js:15
[   61105ms] [ERROR] Failed to load resource: the server responded with a status of 500 (Internal Server Error) @ http://localhost:3000/api/image-proxy?url=https%3A%2F%2Fwww.imgzy360.com%3A7788%2Fupload%2Fvod%2F20240512-1%2Fe0fe5d19e898c893c9c6c285e603519d.jpg:0
[  719472ms] [LOG] mdzy 16302 @ webpack-internal:///(app-pages-browser)/./src/app/play/page.tsx:614
[  719542ms] [LOG] %c ArtPlayer %c 5.2.3 %c https://artplayer.org color: #fff; background: #5f5f5f color: #fff; background: #4bc729  @ webpack-internal:///(app-pages-browser)/./node_modules/.pnpm/artplayer@5.2.3/node_modules/artplayer/dist/artplayer.js:8
[  720483ms] [LOG] https://play.modujx13.com/20240721/PmYCNEBT/index.m3u8 @ webpack-internal:///(app-pages-browser)/./src/app/play/page.tsx:1038
[  720817ms] [WARNING] HLS播放源异常: hlsError {type: networkError, details: manifestLoadError, fatal: true, url: https://play.modujx13.com/20240721/PmYCNEBT/index.m3u8, loader: CustomHlsJsLoader} @ webpack-internal:///(app-pages-browser)/./src/app/play/page.tsx:1142
[  720818ms] [LOG] 网络错误，尝试恢复... @ webpack-internal:///(app-pages-browser)/./src/app/play/page.tsx:1148
[  720818ms] [ERROR] Failed to load resource: net::ERR_CONNECTION_CLOSED @ https://play.modujx13.com/20240721/PmYCNEBT/index.m3u8:0
[  731956ms] [ERROR] Failed to load resource: net::ERR_CONNECTION_CLOSED @ https://play.modujx13.com/20240721/lABJThNi/index.m3u8:0
[  731960ms] [ERROR] HLS错误: {type: networkError, details: manifestLoadError, fatal: true, url: https://play.modujx13.com/20240721/lABJThNi/index.m3u8, loader: XhrLoader} @ webpack-internal:///(app-pages-browser)/./node_modules/.pnpm/next@14.2.30_@babel+core@7._9960d4ec3ace0dc381872aaaee443d1f/node_modules/next/dist/client/app-index.js:32
[  731962ms] [ERROR] Failed to load resource: net::ERR_CONNECTION_CLOSED @ https://play.modujx13.com/20240721/lABJThNi/index.m3u8:0
[  739284ms] [ERROR] Failed to load resource: net::ERR_CONNECTION_CLOSED @ https://vodcnd12.myqqdd.com/20250220/eKdIUjls/index.m3u8:0
[  739284ms] [ERROR] HLS错误: {type: networkError, details: manifestLoadError, fatal: true, url: https://vodcnd12.myqqdd.com/20250220/eKdIUjls/index.m3u8, loader: XhrLoader} @ webpack-internal:///(app-pages-browser)/./node_modules/.pnpm/next@14.2.30_@babel+core@7._9960d4ec3ace0dc381872aaaee443d1f/node_modules/next/dist/client/app-index.js:32
[  739285ms] [ERROR] Failed to load resource: net::ERR_CONNECTION_CLOSED @ https://vodcnd12.myqqdd.com/20250220/eKdIUjls/index.m3u8:0
[  739310ms] [ERROR] Failed to load resource: the server responded with a status of 502 () @ https://vip.ffzy-online.com/20221029/5954_a8592b0d/index.m3u8:0
[  739535ms] [ERROR] Failed to load resource: the server responded with a status of 404 () @ https://p.bvvvvvvvvv1f.com/video/qingyuniandiyiji/%E7%AC%AC02%E9%9B%86/index.m3u8:0
[  739536ms] [ERROR] Access to XMLHttpRequest at 'https://p.bvvvvvvvvv1f.com/video/qingyuniandiyiji/%E7%AC%AC02%E9%9B%86/index.m3u8' from origin 'http://localhost:3000' has been blocked by CORS policy: No 'Access-Control-Allow-Origin' header is present on the requested resource. @ http://localhost:3000/play?source=bfzy&id=139597&title=%E5%BA%86%E4%BD%99%E5%B9%B4%20%E7%AC%AC%E4%B8%80%E5%AD%A3&year=2019&prefer=true&stitle=%E5%BA%86%E4%BD%99%E5%B9%B4&stype=tv:0
[  739536ms] [ERROR] HLS错误: {type: networkError, details: manifestLoadError, fatal: true, url: https://p.bvvvvvvvvv1f.com/video/qingyuniandiyiji/第02集/index.m3u8, loader: XhrLoader} @ webpack-internal:///(app-pages-browser)/./node_modules/.pnpm/next@14.2.30_@babel+core@7._9960d4ec3ace0dc381872aaaee443d1f/node_modules/next/dist/client/app-index.js:32
[  739536ms] [ERROR] Failed to load resource: net::ERR_FAILED @ https://p.bvvvvvvvvv1f.com/video/qingyuniandiyiji/%E7%AC%AC02%E9%9B%86/index.m3u8:0
[  739776ms] [ERROR] Failed to load resource: the server responded with a status of 404 () @ https://s3.bfllvip.com/video/qingyuniandiyiji/10a7cdc6195c/index.m3u8:0
[  739776ms] [ERROR] Access to XMLHttpRequest at 'https://s3.bfllvip.com/video/qingyuniandiyiji/10a7cdc6195c/index.m3u8' from origin 'http://localhost:3000' has been blocked by CORS policy: No 'Access-Control-Allow-Origin' header is present on the requested resource. @ http://localhost:3000/play?source=bfzy&id=139597&title=%E5%BA%86%E4%BD%99%E5%B9%B4%20%E7%AC%AC%E4%B8%80%E5%AD%A3&year=2019&prefer=true&stitle=%E5%BA%86%E4%BD%99%E5%B9%B4&stype=tv:0
[  739777ms] [ERROR] HLS错误: {type: networkError, details: manifestLoadError, fatal: true, url: https://s3.bfllvip.com/video/qingyuniandiyiji/10a7cdc6195c/index.m3u8, loader: XhrLoader} @ webpack-internal:///(app-pages-browser)/./node_modules/.pnpm/next@14.2.30_@babel+core@7._9960d4ec3ace0dc381872aaaee443d1f/node_modules/next/dist/client/app-index.js:32
[  739777ms] [ERROR] Failed to load resource: net::ERR_FAILED @ https://s3.bfllvip.com/video/qingyuniandiyiji/10a7cdc6195c/index.m3u8:0
[  742035ms] [ERROR] Failed to load resource: net::ERR_CONNECTION_CLOSED @ https://play.modujx13.com/20240720/HLaD21aa/index.m3u8:0
[  742035ms] [ERROR] HLS错误: {type: networkError, details: manifestLoadError, fatal: true, url: https://play.modujx13.com/20240720/HLaD21aa/index.m3u8, loader: XhrLoader} @ webpack-internal:///(app-pages-browser)/./node_modules/.pnpm/next@14.2.30_@babel+core@7._9960d4ec3ace0dc381872aaaee443d1f/node_modules/next/dist/client/app-index.js:32
[  742036ms] [ERROR] Failed to load resource: net::ERR_CONNECTION_CLOSED @ https://play.modujx13.com/20240720/HLaD21aa/index.m3u8:0
[  742816ms] [ERROR] Failed to load resource: the server responded with a status of 503 (Service Temporarily Unavailable) @ https://v7.ppqrrs.com/wjv7/202309/12/PBQSwGxGz51/video/index.m3u8:0
[  742928ms] [ERROR] Failed to load resource: the server responded with a status of 503 (Service Temporarily Unavailable) @ https://v7.zuidazym3u8.com/yyv7/202309/12/PBQSwGxGz51/video/index.m3u8:0
[  742929ms] [ERROR] Failed to load resource: the server responded with a status of 404 () @ https://cdn3.ryplay3.com/20240811/10341_d0e245a3/index.m3u8:0
[  745899ms] [LOG] 播放源评分排序结果: @ webpack-internal:///(app-pages-browser)/./src/app/play/page.tsx:245
[  745900ms] [LOG] 1. 如意资源 - 评分: 77.29 (1080p, 1.0 MB/s, 1035ms) @ webpack-internal:///(app-pages-browser)/./src/app/play/page.tsx:247
[  745900ms] [LOG] 2. 电影天堂资源 - 评分: 62.09 (1080p, 309.6 KB/s, 578ms) @ webpack-internal:///(app-pages-browser)/./src/app/play/page.tsx:247
[  745900ms] [LOG] 3. 量子资源站 - 评分: 54.28 (480p, 737.1 KB/s, 956ms) @ webpack-internal:///(app-pages-browser)/./src/app/play/page.tsx:247
[  745900ms] [LOG] 4. 360资源 - 评分: 36.47 (720p, 277.2 KB/s, 1238ms) @ webpack-internal:///(app-pages-browser)/./src/app/play/page.tsx:247
[  745900ms] [LOG] 5. 非凡影视 - 评分: 36.21 (720p, 312.7 KB/s, 1297ms) @ webpack-internal:///(app-pages-browser)/./src/app/play/page.tsx:247
[  745900ms] [LOG] ruyi 2738 @ webpack-internal:///(app-pages-browser)/./src/app/play/page.tsx:614
[  746909ms] [LOG] https://cdn3.ryplay3.com/20240811/10338_99303d06/index.m3u8 @ webpack-internal:///(app-pages-browser)/./src/app/play/page.tsx:1038
[  748507ms] [ERROR] Failed to load resource: the server responded with a status of 404 () @ https://s3.bfllvip.com/video/qingyuniandiyiji/10a7cdc6195c/index.m3u8:0
[  748508ms] [ERROR] Access to XMLHttpRequest at 'https://s3.bfllvip.com/video/qingyuniandiyiji/10a7cdc6195c/index.m3u8' from origin 'http://localhost:3000' has been blocked by CORS policy: No 'Access-Control-Allow-Origin' header is present on the requested resource. @ http://localhost:3000/play?source=ruyi&id=2738&title=%E5%BA%86%E4%BD%99%E5%B9%B4%E7%AC%AC%E4%B8%80%E5%AD%A3&year=2019&stitle=%E5%BA%86%E4%BD%99%E5%B9%B4&stype=tv:0
[  748508ms] [ERROR] HLS错误: {type: networkError, details: manifestLoadError, fatal: true, url: https://s3.bfllvip.com/video/qingyuniandiyiji/10a7cdc6195c/index.m3u8, loader: XhrLoader} @ webpack-internal:///(app-pages-browser)/./node_modules/.pnpm/next@14.2.30_@babel+core@7._9960d4ec3ace0dc381872aaaee443d1f/node_modules/next/dist/client/app-index.js:32
[  748509ms] [ERROR] Failed to load resource: net::ERR_FAILED @ https://s3.bfllvip.com/video/qingyuniandiyiji/10a7cdc6195c/index.m3u8:0
[  748532ms] [ERROR] Failed to load resource: net::ERR_CONNECTION_CLOSED @ https://vodcnd12.myqqdd.com/20250220/eKdIUjls/index.m3u8:0
[  748532ms] [ERROR] HLS错误: {type: networkError, details: manifestLoadError, fatal: true, url: https://vodcnd12.myqqdd.com/20250220/eKdIUjls/index.m3u8, loader: XhrLoader} @ webpack-internal:///(app-pages-browser)/./node_modules/.pnpm/next@14.2.30_@babel+core@7._9960d4ec3ace0dc381872aaaee443d1f/node_modules/next/dist/client/app-index.js:32
[  748533ms] [ERROR] Failed to load resource: net::ERR_CONNECTION_CLOSED @ https://vodcnd12.myqqdd.com/20250220/eKdIUjls/index.m3u8:0
[  748574ms] [ERROR] Failed to load resource: the server responded with a status of 404 () @ https://p.bvvvvvvvvv1f.com/video/qingyuniandiyiji/%E7%AC%AC02%E9%9B%86/index.m3u8:0
[  748574ms] [ERROR] Access to XMLHttpRequest at 'https://p.bvvvvvvvvv1f.com/video/qingyuniandiyiji/%E7%AC%AC02%E9%9B%86/index.m3u8' from origin 'http://localhost:3000' has been blocked by CORS policy: No 'Access-Control-Allow-Origin' header is present on the requested resource. @ http://localhost:3000/play?source=ruyi&id=2738&title=%E5%BA%86%E4%BD%99%E5%B9%B4%E7%AC%AC%E4%B8%80%E5%AD%A3&year=2019&stitle=%E5%BA%86%E4%BD%99%E5%B9%B4&stype=tv:0
[  748575ms] [ERROR] HLS错误: {type: networkError, details: manifestLoadError, fatal: true, url: https://p.bvvvvvvvvv1f.com/video/qingyuniandiyiji/第02集/index.m3u8, loader: XhrLoader} @ webpack-internal:///(app-pages-browser)/./node_modules/.pnpm/next@14.2.30_@babel+core@7._9960d4ec3ace0dc381872aaaee443d1f/node_modules/next/dist/client/app-index.js:32
[  748577ms] [ERROR] Failed to load resource: net::ERR_FAILED @ https://p.bvvvvvvvvv1f.com/video/qingyuniandiyiji/%E7%AC%AC02%E9%9B%86/index.m3u8:0
[  749180ms] [ERROR] Failed to load resource: net::ERR_CONNECTION_CLOSED @ https://play.modujx13.com/20240720/HLaD21aa/index.m3u8:0
[  749180ms] [ERROR] HLS错误: {type: networkError, details: manifestLoadError, fatal: true, url: https://play.modujx13.com/20240720/HLaD21aa/index.m3u8, loader: XhrLoader} @ webpack-internal:///(app-pages-browser)/./node_modules/.pnpm/next@14.2.30_@babel+core@7._9960d4ec3ace0dc381872aaaee443d1f/node_modules/next/dist/client/app-index.js:32
[  749181ms] [ERROR] Failed to load resource: net::ERR_CONNECTION_CLOSED @ https://play.modujx13.com/20240720/HLaD21aa/index.m3u8:0
[  752158ms] [LOG] 播放进度已保存: {title: 庆余年第一季, episode: 1, year: 2019, progress: 4/2637} @ webpack-internal:///(app-pages-browser)/./src/app/play/page.tsx:893
[  756058ms] [ERROR] Failed to load resource: the server responded with a status of 404 () @ https://s3.bfllvip.com/video/qingyuniandiyiji/10a7cdc6195c/index.m3u8:0
[  756060ms] [ERROR] Access to XMLHttpRequest at 'https://s3.bfllvip.com/video/qingyuniandiyiji/10a7cdc6195c/index.m3u8' from origin 'http://localhost:3000' has been blocked by CORS policy: No 'Access-Control-Allow-Origin' header is present on the requested resource. @ http://localhost:3000/play?source=bfzy&id=139597&title=%E5%BA%86%E4%BD%99%E5%B9%B4%20%E7%AC%AC%E4%B8%80%E5%AD%A3&year=2019&prefer=true&stitle=%E5%BA%86%E4%BD%99%E5%B9%B4&stype=tv:0
[  756060ms] [ERROR] HLS错误: {type: networkError, details: manifestLoadError, fatal: true, url: https://s3.bfllvip.com/video/qingyuniandiyiji/10a7cdc6195c/index.m3u8, loader: XhrLoader} @ webpack-internal:///(app-pages-browser)/./node_modules/.pnpm/next@14.2.30_@babel+core@7._9960d4ec3ace0dc381872aaaee443d1f/node_modules/next/dist/client/app-index.js:32
[  756061ms] [ERROR] Failed to load resource: net::ERR_FAILED @ https://s3.bfllvip.com/video/qingyuniandiyiji/10a7cdc6195c/index.m3u8:0
[  756073ms] [ERROR] Failed to load resource: net::ERR_CONNECTION_CLOSED @ https://vodcnd12.myqqdd.com/20250220/eKdIUjls/index.m3u8:0
[  756073ms] [ERROR] HLS错误: {type: networkError, details: manifestLoadError, fatal: true, url: https://vodcnd12.myqqdd.com/20250220/eKdIUjls/index.m3u8, loader: XhrLoader} @ webpack-internal:///(app-pages-browser)/./node_modules/.pnpm/next@14.2.30_@babel+core@7._9960d4ec3ace0dc381872aaaee443d1f/node_modules/next/dist/client/app-index.js:32
[  756073ms] [ERROR] Failed to load resource: net::ERR_CONNECTION_CLOSED @ https://vodcnd12.myqqdd.com/20250220/eKdIUjls/index.m3u8:0
[  756139ms] [ERROR] Failed to load resource: the server responded with a status of 404 () @ https://p.bvvvvvvvvv1f.com/video/qingyuniandiyiji/%E7%AC%AC02%E9%9B%86/index.m3u8:0
[  756139ms] [ERROR] Access to XMLHttpRequest at 'https://p.bvvvvvvvvv1f.com/video/qingyuniandiyiji/%E7%AC%AC02%E9%9B%86/index.m3u8' from origin 'http://localhost:3000' has been blocked by CORS policy: No 'Access-Control-Allow-Origin' header is present on the requested resource. @ http://localhost:3000/play?source=bfzy&id=139597&title=%E5%BA%86%E4%BD%99%E5%B9%B4%20%E7%AC%AC%E4%B8%80%E5%AD%A3&year=2019&prefer=true&stitle=%E5%BA%86%E4%BD%99%E5%B9%B4&stype=tv:0
[  756139ms] [ERROR] HLS错误: {type: networkError, details: manifestLoadError, fatal: true, url: https://p.bvvvvvvvvv1f.com/video/qingyuniandiyiji/第02集/index.m3u8, loader: XhrLoader} @ webpack-internal:///(app-pages-browser)/./node_modules/.pnpm/next@14.2.30_@babel+core@7._9960d4ec3ace0dc381872aaaee443d1f/node_modules/next/dist/client/app-index.js:32
[  756139ms] [ERROR] Failed to load resource: net::ERR_FAILED @ https://p.bvvvvvvvvv1f.com/video/qingyuniandiyiji/%E7%AC%AC02%E9%9B%86/index.m3u8:0
[  757531ms] [ERROR] Failed to load resource: net::ERR_CONNECTION_CLOSED @ https://play.modujx13.com/20240720/HLaD21aa/index.m3u8:0
[  757531ms] [ERROR] HLS错误: {type: networkError, details: manifestLoadError, fatal: true, url: https://play.modujx13.com/20240720/HLaD21aa/index.m3u8, loader: XhrLoader} @ webpack-internal:///(app-pages-browser)/./node_modules/.pnpm/next@14.2.30_@babel+core@7._9960d4ec3ace0dc381872aaaee443d1f/node_modules/next/dist/client/app-index.js:32
[  757532ms] [ERROR] Failed to load resource: net::ERR_CONNECTION_CLOSED @ https://play.modujx13.com/20240720/HLaD21aa/index.m3u8:0
[  757630ms] [ERROR] Failed to load resource: the server responded with a status of 404 () @ https://cdn3.ryplay3.com/20240811/10341_d0e245a3/index.m3u8:0
[  758136ms] [LOG] 播放源评分排序结果: @ webpack-internal:///(app-pages-browser)/./src/app/play/page.tsx:245
[  758136ms] [LOG] 1. 电影天堂资源 - 评分: 87.59 (1080p, 145.9 MB/s, 70ms) @ webpack-internal:///(app-pages-browser)/./src/app/play/page.tsx:247
[  758136ms] [LOG] 2. 如意资源 - 评分: 81.47 (1080p, 146.0 MB/s, 243ms) @ webpack-internal:///(app-pages-browser)/./src/app/play/page.tsx:247
[  758136ms] [LOG] 3. 非凡影视 - 评分: 61.41 (720p, 64.2 MB/s, 8ms) @ webpack-internal:///(app-pages-browser)/./src/app/play/page.tsx:247
[  758136ms] [LOG] 4. 量子资源站 - 评分: 54.44 (480p, 67.3 MB/s, 3ms) @ webpack-internal:///(app-pages-browser)/./src/app/play/page.tsx:247
[  758136ms] [LOG] 5. 无尽资源 - 评分: 50.32 (720p, 23.2 MB/s, 4ms) @ webpack-internal:///(app-pages-browser)/./src/app/play/page.tsx:247
[  758136ms] [LOG] 6. 最大资源 - 评分: 49.35 (720p, 19.8 MB/s, 5ms) @ webpack-internal:///(app-pages-browser)/./src/app/play/page.tsx:247
[  758136ms] [LOG] 7. 360资源 - 评分: 44.85 (720p, 76.1 MB/s, 566ms) @ webpack-internal:///(app-pages-browser)/./src/app/play/page.tsx:247
[  758137ms] [LOG] dyttzy 35200 @ webpack-internal:///(app-pages-browser)/./src/app/play/page.tsx:614
[  759144ms] [LOG] https://vip.dytt-tvs.com/20251221/8140_e2db7186/index.m3u8 @ webpack-internal:///(app-pages-browser)/./src/app/play/page.tsx:1038
[  759741ms] [WARNING] Image with src "/api/image-proxy?url=https%3A%2F%2Fvip.dytt-img.com%2Fupload%2Fvod%2F20250417-1%2Fb2439d0c0be1caea9c433b62fc91b11c.jpg" is using deprecated "onLoadingComplete" property. Please use the "onLoad" property instead. @ webpack-internal:///(app-pages-browser)/./node_modules/.pnpm/next@14.2.30_@babel+core@7._9960d4ec3ace0dc381872aaaee443d1f/node_modules/next/dist/shared/lib/utils/warn-once.js:15
[  759742ms] [WARNING] Image with src "/api/image-proxy?url=https%3A%2F%2Fvip.dytt-img.com%2Fupload%2Fvod%2F20250419-1%2F3c2087be20a7beeceaf0a66bcd8e3c38.jpg" is using deprecated "onLoadingComplete" property. Please use the "onLoad" property instead. @ webpack-internal:///(app-pages-browser)/./node_modules/.pnpm/next@14.2.30_@babel+core@7._9960d4ec3ace0dc381872aaaee443d1f/node_modules/next/dist/shared/lib/utils/warn-once.js:15
[  759743ms] [WARNING] Image with src "/api/image-proxy?url=https%3A%2F%2Fvip.dytt-img.com%2Fupload%2Fvod%2F20250403-1%2F6eaf2686603632bd5947107d76beaf71.jpg" is using deprecated "onLoadingComplete" property. Please use the "onLoad" property instead. @ webpack-internal:///(app-pages-browser)/./node_modules/.pnpm/next@14.2.30_@babel+core@7._9960d4ec3ace0dc381872aaaee443d1f/node_modules/next/dist/shared/lib/utils/warn-once.js:15
[  759743ms] [WARNING] Image with src "/api/image-proxy?url=https%3A%2F%2Fvip.dytt-img.com%2Fupload%2Fvod%2F20250427-1%2F87785b33c297dd2d983d8357d35a63e8.jpg" is using deprecated "onLoadingComplete" property. Please use the "onLoad" property instead. @ webpack-internal:///(app-pages-browser)/./node_modules/.pnpm/next@14.2.30_@babel+core@7._9960d4ec3ace0dc381872aaaee443d1f/node_modules/next/dist/shared/lib/utils/warn-once.js:15
[  761130ms] [ERROR] Failed to load resource: the server responded with a status of 404 () @ https://v.fengbao8.com/video/qingyuniandierjiyueyu/%E7%AC%AC2%E9%9B%86/index.m3u8:0
[  761130ms] [ERROR] Access to XMLHttpRequest at 'https://v.fengbao8.com/video/qingyuniandierjiyueyu/%E7%AC%AC2%E9%9B%86/index.m3u8' from origin 'http://localhost:3000' has been blocked by CORS policy: No 'Access-Control-Allow-Origin' header is present on the requested resource. @ http://localhost:3000/play?source=bfzy&id=101819&title=%E5%BA%86%E4%BD%99%E5%B9%B4%E7%AC%AC%E4%BA%8C%E5%AD%A3%E7%B2%A4%E8%AF%AD&year=2024&prefer=true&stitle=%E5%BA%86%E4%BD%99%E5%B9%B4&stype=tv:0
[  761130ms] [ERROR] HLS错误: {type: networkError, details: manifestLoadError, fatal: true, url: https://v.fengbao8.com/video/qingyuniandierjiyueyu/第2集/index.m3u8, loader: XhrLoader} @ webpack-internal:///(app-pages-browser)/./node_modules/.pnpm/next@14.2.30_@babel+core@7._9960d4ec3ace0dc381872aaaee443d1f/node_modules/next/dist/client/app-index.js:32
[  761130ms] [ERROR] Failed to load resource: net::ERR_FAILED @ https://v.fengbao8.com/video/qingyuniandierjiyueyu/%E7%AC%AC2%E9%9B%86/index.m3u8:0
[  761735ms] [ERROR] Failed to load resource: the server responded with a status of 502 () @ https://vip.dytt-tv.com/20250419/8664_6562a2c4/index.m3u8:0
[  765534ms] [ERROR] Failed to load resource: the server responded with a status of 502 () @ https://vip.ffzy-online2.com/20250420/49523_116b8961/index.m3u8:0
[  767947ms] [LOG] 播放源评分排序结果: @ webpack-internal:///(app-pages-browser)/./src/app/play/page.tsx:245
[  767948ms] [LOG] 1. 电影天堂资源 - 评分: 90.00 (1080p, 790.3 KB/s, 1239ms) @ webpack-internal:///(app-pages-browser)/./src/app/play/page.tsx:247
[  767948ms] [LOG] dyttzy 35910 @ webpack-internal:///(app-pages-browser)/./src/app/play/page.tsx:614
[  771988ms] [ERROR] Failed to load resource: the server responded with a status of 404 () @ https://v.fengbao8.com/video/qingyuniandierjiyueyu/%E7%AC%AC2%E9%9B%86/index.m3u8:0
[  771988ms] [ERROR] Access to XMLHttpRequest at 'https://v.fengbao8.com/video/qingyuniandierjiyueyu/%E7%AC%AC2%E9%9B%86/index.m3u8' from origin 'http://localhost:3000' has been blocked by CORS policy: No 'Access-Control-Allow-Origin' header is present on the requested resource. @ http://localhost:3000/play?source=bfzy&id=101819&title=%E5%BA%86%E4%BD%99%E5%B9%B4%E7%AC%AC%E4%BA%8C%E5%AD%A3%E7%B2%A4%E8%AF%AD&year=2024&prefer=true&stitle=%E5%BA%86%E4%BD%99%E5%B9%B4&stype=tv:0
[  771989ms] [ERROR] HLS错误: {type: networkError, details: manifestLoadError, fatal: true, url: https://v.fengbao8.com/video/qingyuniandierjiyueyu/第2集/index.m3u8, loader: XhrLoader} @ webpack-internal:///(app-pages-browser)/./node_modules/.pnpm/next@14.2.30_@babel+core@7._9960d4ec3ace0dc381872aaaee443d1f/node_modules/next/dist/client/app-index.js:32
[  771990ms] [ERROR] Failed to load resource: net::ERR_FAILED @ https://v.fengbao8.com/video/qingyuniandierjiyueyu/%E7%AC%AC2%E9%9B%86/index.m3u8:0
[  772995ms] [LOG] 播放源评分排序结果: @ webpack-internal:///(app-pages-browser)/./src/app/play/page.tsx:245
[  772996ms] [LOG] 1. 电影天堂资源 - 评分: 70.00 (1080p, 153.3 MB/s, 9ms) @ webpack-internal:///(app-pages-browser)/./src/app/play/page.tsx:247
[  772996ms] [LOG] 2. 非凡影视 - 评分: 50.29 (1080p, 1.1 MB/s, 2ms) @ webpack-internal:///(app-pages-browser)/./src/app/play/page.tsx:247
[  772996ms] [LOG] dyttzy 35910 @ webpack-internal:///(app-pages-browser)/./src/app/play/page.tsx:614
[  774023ms] [LOG] https://vip.dytt-tv.com/20250419/8663_1f9702db/index.m3u8 @ webpack-internal:///(app-pages-browser)/./src/app/play/page.tsx:1038
[  781788ms] [ERROR] Failed to load resource: net::ERR_CONNECTION_CLOSED @ https://vodcnd13.myqqdd.com/20250220/1Qh9Lcbp/index.m3u8:0
[  781790ms] [ERROR] HLS错误: {type: networkError, details: manifestLoadError, fatal: true, url: https://vodcnd13.myqqdd.com/20250220/1Qh9Lcbp/index.m3u8, loader: XhrLoader} @ webpack-internal:///(app-pages-browser)/./node_modules/.pnpm/next@14.2.30_@babel+core@7._9960d4ec3ace0dc381872aaaee443d1f/node_modules/next/dist/client/app-index.js:32
[  781790ms] [LOG] 播放源评分排序结果: @ webpack-internal:///(app-pages-browser)/./src/app/play/page.tsx:245
[  781791ms] [LOG] 1. 360资源 - 评分: 84.00 (720p, 201.4 KB/s, 538ms) @ webpack-internal:///(app-pages-browser)/./src/app/play/page.tsx:247
[  781791ms] [LOG] zy360 57739 @ webpack-internal:///(app-pages-browser)/./src/app/play/page.tsx:614
[  781791ms] [ERROR] Failed to load resource: net::ERR_CONNECTION_CLOSED @ https://vodcnd13.myqqdd.com/20250220/1Qh9Lcbp/index.m3u8:0
[  782799ms] [LOG] https://vod2.maowushi.com/20240512/FXgaaEEt/index.m3u8 @ webpack-internal:///(app-pages-browser)/./src/app/play/page.tsx:1038
[  797355ms] [ERROR] Failed to load resource: the server responded with a status of 500 (Internal Server Error) @ http://localhost:3000/api/image-proxy?url=https%3A%2F%2Fwww.imgzy360.com%3A7788%2Fupload%2Fvod%2F20240512-1%2Fe0fe5d19e898c893c9c6c285e603519d.jpg:0
[  800162ms] [WARNING] HLS播放源异常: hlsError {type: mediaError, parent: main, details: bufferFullError, sourceBufferName: video, frag: Fragment} @ webpack-internal:///(app-pages-browser)/./src/app/play/page.tsx:1142
[  808704ms] [ERROR] Failed to load resource: the server responded with a status of 500 (Internal Server Error) @ http://localhost:3000/api/image-proxy?url=https%3A%2F%2Fwww.imgzy360.com%3A7788%2Fupload%2Fvod%2F20240422-1%2Fdf054257f344250c776010d693ad8269.jpg:0
[  809537ms] [WARNING] Image with src "/api/image-proxy?url=https%3A%2F%2Fvip.dytt-img.com%2Fupload%2Fvod%2F20250326-1%2F1e8ea09154e2b051f9602dbd8d6d5ab5.jpg" is using deprecated "onLoadingComplete" property. Please use the "onLoad" property instead. @ webpack-internal:///(app-pages-browser)/./node_modules/.pnpm/next@14.2.30_@babel+core@7._9960d4ec3ace0dc381872aaaee443d1f/node_modules/next/dist/shared/lib/utils/warn-once.js:15
[  809537ms] [WARNING] Image with src "/api/image-proxy?url=https%3A%2F%2Fvip.dytt-img.com%2Fupload%2Fvod%2F20250205-1%2F3fe7b522e2b667a7ca4ca2420293c024.jpg" is using deprecated "onLoadingComplete" property. Please use the "onLoad" property instead. @ webpack-internal:///(app-pages-browser)/./node_modules/.pnpm/next@14.2.30_@babel+core@7._9960d4ec3ace0dc381872aaaee443d1f/node_modules/next/dist/shared/lib/utils/warn-once.js:15
[  809538ms] [WARNING] Image with src "/api/image-proxy?url=https%3A%2F%2Fvip.dytt-img.com%2Fupload%2Fvod%2F20250718-1%2Ffd87747d0d09acc123ad6b60e62499c8.jpg" is using deprecated "onLoadingComplete" property. Please use the "onLoad" property instead. @ webpack-internal:///(app-pages-browser)/./node_modules/.pnpm/next@14.2.30_@babel+core@7._9960d4ec3ace0dc381872aaaee443d1f/node_modules/next/dist/shared/lib/utils/warn-once.js:15
[  809539ms] [WARNING] Image with src "/api/image-proxy?url=https%3A%2F%2Fvip.dytt-img.com%2Fupload%2Fvod%2F20250212-1%2Feeb72b10c86930e1ff1433dce716e909.jpg" is using deprecated "onLoadingComplete" property. Please use the "onLoad" property instead. @ webpack-internal:///(app-pages-browser)/./node_modules/.pnpm/next@14.2.30_@babel+core@7._9960d4ec3ace0dc381872aaaee443d1f/node_modules/next/dist/shared/lib/utils/warn-once.js:15
[  809655ms] [WARNING] Image with src "/api/image-proxy?url=https%3A%2F%2Fimg.ffzy888.com%2Fupload%2Fvod%2F20221104-1%2Fe952ace198baf5a6e38d70c11a4af07b.jpg" is using deprecated "onLoadingComplete" property. Please use the "onLoad" property instead. @ webpack-internal:///(app-pages-browser)/./node_modules/.pnpm/next@14.2.30_@babel+core@7._9960d4ec3ace0dc381872aaaee443d1f/node_modules/next/dist/shared/lib/utils/warn-once.js:15
[  809656ms] [WARNING] Image with src "/api/image-proxy?url=https%3A%2F%2Fimg.ffzy888.com%2Fupload%2Fvod%2F20230501-1%2Ff168692994402075632e7b934f51c983.jpg" is using deprecated "onLoadingComplete" property. Please use the "onLoad" property instead. @ webpack-internal:///(app-pages-browser)/./node_modules/.pnpm/next@14.2.30_@babel+core@7._9960d4ec3ace0dc381872aaaee443d1f/node_modules/next/dist/shared/lib/utils/warn-once.js:15
[  809656ms] [WARNING] Image with src "/api/image-proxy?url=https%3A%2F%2Fimg.ffzy888.com%2Fupload%2Fvod%2F20240103-1%2F1d930cbb8a729f0621b0495020d9e798.png" is using deprecated "onLoadingComplete" property. Please use the "onLoad" property instead. @ webpack-internal:///(app-pages-browser)/./node_modules/.pnpm/next@14.2.30_@babel+core@7._9960d4ec3ace0dc381872aaaee443d1f/node_modules/next/dist/shared/lib/utils/warn-once.js:15
[  810478ms] [WARNING] Image with src "/api/image-proxy?url=https%3A%2F%2Fimg.bfzypic.com%2Fupload%2Fvod%2F20230424-22%2F0df2c21a95b5d82c5a549dfec1bfe60a.jpg" is using deprecated "onLoadingComplete" property. Please use the "onLoad" property instead. @ webpack-internal:///(app-pages-browser)/./node_modules/.pnpm/next@14.2.30_@babel+core@7._9960d4ec3ace0dc381872aaaee443d1f/node_modules/next/dist/shared/lib/utils/warn-once.js:15
[  810478ms] [WARNING] Image with src "/api/image-proxy?url=https%3A%2F%2Fimg.picbf.com%2Fupload%2Fvod%2F20260228-1%2F28e93db251e45fe51c64c052913a4462.jpg" is using deprecated "onLoadingComplete" property. Please use the "onLoad" property instead. @ webpack-internal:///(app-pages-browser)/./node_modules/.pnpm/next@14.2.30_@babel+core@7._9960d4ec3ace0dc381872aaaee443d1f/node_modules/next/dist/shared/lib/utils/warn-once.js:15
[  810478ms] [WARNING] Image with src "/api/image-proxy?url=https%3A%2F%2Fimg.picbf.com%2Fupload%2Fvod%2F20250718-1%2Fcb75ddc0028c4602faabc5d43df31740.jpg" is using deprecated "onLoadingComplete" property. Please use the "onLoad" property instead. @ webpack-internal:///(app-pages-browser)/./node_modules/.pnpm/next@14.2.30_@babel+core@7._9960d4ec3ace0dc381872aaaee443d1f/node_modules/next/dist/shared/lib/utils/warn-once.js:15
[  810479ms] [WARNING] Image with src "/api/image-proxy?url=https%3A%2F%2Fimg.picbf.com%2Fupload%2Fvod%2F20260116-1%2F91c525148b16ac8ec0709f8201c7ad06.jpg" is using deprecated "onLoadingComplete" property. Please use the "onLoad" property instead. @ webpack-internal:///(app-pages-browser)/./node_modules/.pnpm/next@14.2.30_@babel+core@7._9960d4ec3ace0dc381872aaaee443d1f/node_modules/next/dist/shared/lib/utils/warn-once.js:15
[  810479ms] [WARNING] Image with src "/api/image-proxy?url=https%3A%2F%2Fimg.bfzypic.com%2Fupload%2Fvod%2F20230704-1%2Fe643f77a05c0f4cbc9c90b4e42614a52.jpg" is using deprecated "onLoadingComplete" property. Please use the "onLoad" property instead. @ webpack-internal:///(app-pages-browser)/./node_modules/.pnpm/next@14.2.30_@babel+core@7._9960d4ec3ace0dc381872aaaee443d1f/node_modules/next/dist/shared/lib/utils/warn-once.js:15
[  810479ms] [WARNING] Image with src "/api/image-proxy?url=https%3A%2F%2Fimg.picbf.com%2Fupload%2Fvod%2F20251211-1%2Fe5e138eaf1b5358698fd718c278849be.jpg" is using deprecated "onLoadingComplete" property. Please use the "onLoad" property instead. @ webpack-internal:///(app-pages-browser)/./node_modules/.pnpm/next@14.2.30_@babel+core@7._9960d4ec3ace0dc381872aaaee443d1f/node_modules/next/dist/shared/lib/utils/warn-once.js:15
[  810480ms] [WARNING] Image with src "/api/image-proxy?url=https%3A%2F%2Fimg.bfzypic.com%2Fupload%2Fvod%2F20240617-1%2Facb69c7c0090af284b857c34d470a065.jpg" is using deprecated "onLoadingComplete" property. Please use the "onLoad" property instead. @ webpack-internal:///(app-pages-browser)/./node_modules/.pnpm/next@14.2.30_@babel+core@7._9960d4ec3ace0dc381872aaaee443d1f/node_modules/next/dist/shared/lib/utils/warn-once.js:15
[  810481ms] [WARNING] Image with src "/api/image-proxy?url=https%3A%2F%2Fimg.bfzypic.com%2Fupload%2Fvod%2F20230424-22%2F7e11bd2b215168ade000ccfcaa77f6c5.jpg" is using deprecated "onLoadingComplete" property. Please use the "onLoad" property instead. @ webpack-internal:///(app-pages-browser)/./node_modules/.pnpm/next@14.2.30_@babel+core@7._9960d4ec3ace0dc381872aaaee443d1f/node_modules/next/dist/shared/lib/utils/warn-once.js:15
[  810481ms] [WARNING] Image with src "/api/image-proxy?url=https%3A%2F%2Fimg.bfzypic.com%2Fupload%2Fvod%2F20230424-22%2F4618488f685812ba499b6c82a40fcb1b.jpg" is using deprecated "onLoadingComplete" property. Please use the "onLoad" property instead. @ webpack-internal:///(app-pages-browser)/./node_modules/.pnpm/next@14.2.30_@babel+core@7._9960d4ec3ace0dc381872aaaee443d1f/node_modules/next/dist/shared/lib/utils/warn-once.js:15
[  810482ms] [WARNING] Image with src "/api/image-proxy?url=https%3A%2F%2Fimg.bfzypic.com%2Fupload%2Fvod%2F20240829-1%2Fb71e89175d90fe8cbe584d64436a4c62.jpg" is using deprecated "onLoadingComplete" property. Please use the "onLoad" property instead. @ webpack-internal:///(app-pages-browser)/./node_modules/.pnpm/next@14.2.30_@babel+core@7._9960d4ec3ace0dc381872aaaee443d1f/node_modules/next/dist/shared/lib/utils/warn-once.js:15
[  810482ms] [WARNING] Image with src "/api/image-proxy?url=https%3A%2F%2Fimg.bfzypic.com%2Fupload%2Fvod%2F20230424-4%2F4dd7a9849c80f7a1fa6b7323838c8598.jpg" is using deprecated "onLoadingComplete" property. Please use the "onLoad" property instead. @ webpack-internal:///(app-pages-browser)/./node_modules/.pnpm/next@14.2.30_@babel+core@7._9960d4ec3ace0dc381872aaaee443d1f/node_modules/next/dist/shared/lib/utils/warn-once.js:15
[  810483ms] [WARNING] Image with src "/api/image-proxy?url=https%3A%2F%2Fimg.bfzypic.com%2Fupload%2Fvod%2F20240914-1%2F85b1ca675c3db5a725f2f7a30d2fee34.jpg" is using deprecated "onLoadingComplete" property. Please use the "onLoad" property instead. @ webpack-internal:///(app-pages-browser)/./node_modules/.pnpm/next@14.2.30_@babel+core@7._9960d4ec3ace0dc381872aaaee443d1f/node_modules/next/dist/shared/lib/utils/warn-once.js:15
[  810502ms] [WARNING] Image with src "/api/image-proxy?url=https%3A%2F%2Fry-pic.com%2Fupload%2Fvod%2F20240930-1%2F88620280ef4fe66f8e1379baf47e3391.jpg" is using deprecated "onLoadingComplete" property. Please use the "onLoad" property instead. @ webpack-internal:///(app-pages-browser)/./node_modules/.pnpm/next@14.2.30_@babel+core@7._9960d4ec3ace0dc381872aaaee443d1f/node_modules/next/dist/shared/lib/utils/warn-once.js:15
[  810504ms] [WARNING] Image with src "/api/image-proxy?url=https%3A%2F%2Fps.ryzypics.com%2Fupload%2Fvod%2F20251211-1%2F8d98cd5c2c7df65c8d8d859c27b43bf3.webp" is using deprecated "onLoadingComplete" property. Please use the "onLoad" property instead. @ webpack-internal:///(app-pages-browser)/./node_modules/.pnpm/next@14.2.30_@babel+core@7._9960d4ec3ace0dc381872aaaee443d1f/node_modules/next/dist/shared/lib/utils/warn-once.js:15
[  811269ms] [WARNING] Image with src "/api/image-proxy?url=https%3A%2F%2Fwww.imgzy360.com%3A7788%2Fupload%2Fvod%2F20240830-1%2F25100302ff725f3d2858510a59acc62f.jpg" is using deprecated "onLoadingComplete" property. Please use the "onLoad" property instead. @ webpack-internal:///(app-pages-browser)/./node_modules/.pnpm/next@14.2.30_@babel+core@7._9960d4ec3ace0dc381872aaaee443d1f/node_modules/next/dist/shared/lib/utils/warn-once.js:15
[  811270ms] [WARNING] Image with src "/api/image-proxy?url=https%3A%2F%2Fwww.imgzy360.com%3A7788%2Fupload%2Fvod%2F20250718-1%2F748fd0c2f25f735893ac1727495f7f25.jpg" is using deprecated "onLoadingComplete" property. Please use the "onLoad" property instead. @ webpack-internal:///(app-pages-browser)/./node_modules/.pnpm/next@14.2.30_@babel+core@7._9960d4ec3ace0dc381872aaaee443d1f/node_modules/next/dist/shared/lib/utils/warn-once.js:15
[  811270ms] [WARNING] Image with src "/api/image-proxy?url=https%3A%2F%2Fwww.imgzy360.com%3A7788%2Fupload%2Fvod%2F20240928-1%2F5936cc88ecf5b2505ec98eeab2478f73.jpg" is using deprecated "onLoadingComplete" property. Please use the "onLoad" property instead. @ webpack-internal:///(app-pages-browser)/./node_modules/.pnpm/next@14.2.30_@babel+core@7._9960d4ec3ace0dc381872aaaee443d1f/node_modules/next/dist/shared/lib/utils/warn-once.js:15
[  811271ms] [WARNING] Image with src "/api/image-proxy?url=https%3A%2F%2Fwww.imgzy360.com%3A7788%2Fupload%2Fvod%2F20260512-1%2F662d1d099ec2d9d12db6d812ffe1d231.jpg" is using deprecated "onLoadingComplete" property. Please use the "onLoad" property instead. @ webpack-internal:///(app-pages-browser)/./node_modules/.pnpm/next@14.2.30_@babel+core@7._9960d4ec3ace0dc381872aaaee443d1f/node_modules/next/dist/shared/lib/utils/warn-once.js:15
[  812162ms] [WARNING] Image with src "/api/image-proxy?url=https%3A%2F%2Fwww.mdzypic.com%2Fupload%2Fvod%2F20240621-1%2F92b431bffac48030a1c91236f87e85dc.jpg" is using deprecated "onLoadingComplete" property. Please use the "onLoad" property instead. @ webpack-internal:///(app-pages-browser)/./node_modules/.pnpm/next@14.2.30_@babel+core@7._9960d4ec3ace0dc381872aaaee443d1f/node_modules/next/dist/shared/lib/utils/warn-once.js:15
[  812163ms] [WARNING] Image with src "/api/image-proxy?url=https%3A%2F%2Fwww.mdzypic.com%2Fupload%2Fvod%2F20241009-1%2Ffe7372b176f691f80f27e988a8deffb0.jpg" is using deprecated "onLoadingComplete" property. Please use the "onLoad" property instead. @ webpack-internal:///(app-pages-browser)/./node_modules/.pnpm/next@14.2.30_@babel+core@7._9960d4ec3ace0dc381872aaaee443d1f/node_modules/next/dist/shared/lib/utils/warn-once.js:15
[  812164ms] [WARNING] Image with src "/api/image-proxy?url=https%3A%2F%2Fwww.mdzypic.com%2Fupload%2Fvod%2F20240920-9%2Fbbd75d6ce8e30a257adc1be26bd19814.jpg" is using deprecated "onLoadingComplete" property. Please use the "onLoad" property instead. @ webpack-internal:///(app-pages-browser)/./node_modules/.pnpm/next@14.2.30_@babel+core@7._9960d4ec3ace0dc381872aaaee443d1f/node_modules/next/dist/shared/lib/utils/warn-once.js:15
[  812315ms] [WARNING] Image with src "/api/image-proxy?url=https%3A%2F%2Fok.zuidapic.com%2Fupload%2Fvod%2F20240801-1%2F3eab806c8589fad264d417a7df9e87a9.jpg" is using deprecated "onLoadingComplete" property. Please use the "onLoad" property instead. @ webpack-internal:///(app-pages-browser)/./node_modules/.pnpm/next@14.2.30_@babel+core@7._9960d4ec3ace0dc381872aaaee443d1f/node_modules/next/dist/shared/lib/utils/warn-once.js:15
[  812316ms] [WARNING] Image with src "/api/image-proxy?url=https%3A%2F%2Fok.zuidapic.com%2Fupload%2Fvod%2F20231031-1%2F45772dc8d4dd31b1ad3b5123277ec5c3.jpg" is using deprecated "onLoadingComplete" property. Please use the "onLoad" property instead. @ webpack-internal:///(app-pages-browser)/./node_modules/.pnpm/next@14.2.30_@babel+core@7._9960d4ec3ace0dc381872aaaee443d1f/node_modules/next/dist/shared/lib/utils/warn-once.js:15
[  812365ms] [WARNING] Image with src "/api/image-proxy?url=https%3A%2F%2Fwangwangzyimg.com%2Fupload%2Fvod%2F20240721-2%2Fcf5d81ac2a4c9a7aa26bcef13e383f2e.jpg" is using deprecated "onLoadingComplete" property. Please use the "onLoad" property instead. @ webpack-internal:///(app-pages-browser)/./node_modules/.pnpm/next@14.2.30_@babel+core@7._9960d4ec3ace0dc381872aaaee443d1f/node_modules/next/dist/shared/lib/utils/warn-once.js:15
[  812493ms] [WARNING] Image with src "/api/image-proxy?url=https%3A%2F%2Fmtzy2.com%2Fupload%2Fvod%2F20250718-1%2Feac42a845debf38d9bea9fa22aa65d05.jpg" is using deprecated "onLoadingComplete" property. Please use the "onLoad" property instead. @ webpack-internal:///(app-pages-browser)/./node_modules/.pnpm/next@14.2.30_@babel+core@7._9960d4ec3ace0dc381872aaaee443d1f/node_modules/next/dist/shared/lib/utils/warn-once.js:15
[  812495ms] [WARNING] Image with src "/api/image-proxy?url=https%3A%2F%2Fmtzy2.com%2Fupload%2Fvod%2F20250108-52%2Fca275734349c4dee94eda632fece1eb0.jpg" is using deprecated "onLoadingComplete" property. Please use the "onLoad" property instead. @ webpack-internal:///(app-pages-browser)/./node_modules/.pnpm/next@14.2.30_@babel+core@7._9960d4ec3ace0dc381872aaaee443d1f/node_modules/next/dist/shared/lib/utils/warn-once.js:15
[  812495ms] [WARNING] Image with src "/api/image-proxy?url=https%3A%2F%2Fmtzy2.com%2Fupload%2Fvod%2F20250108-62%2F2eee425da0b4c6c00c2eeff5f358b638.jpg" is using deprecated "onLoadingComplete" property. Please use the "onLoad" property instead. @ webpack-internal:///(app-pages-browser)/./node_modules/.pnpm/next@14.2.30_@babel+core@7._9960d4ec3ace0dc381872aaaee443d1f/node_modules/next/dist/shared/lib/utils/warn-once.js:15
[  812497ms] [WARNING] Image with src "/api/image-proxy?url=https%3A%2F%2Fmtzy2.com%2Fupload%2Fvod%2F20250304-1%2F0406bc2796f7adb0ade2e9ffe8263abb.jpg" is using deprecated "onLoadingComplete" property. Please use the "onLoad" property instead. @ webpack-internal:///(app-pages-browser)/./node_modules/.pnpm/next@14.2.30_@babel+core@7._9960d4ec3ace0dc381872aaaee443d1f/node_modules/next/dist/shared/lib/utils/warn-once.js:15
[  812498ms] [WARNING] Image with src "/api/image-proxy?url=https%3A%2F%2Fmtzy2.com%2Fupload%2Fvod%2F20260412-1%2F3ba3cf96249e02b052ae5182a26f22bb.jpg" is using deprecated "onLoadingComplete" property. Please use the "onLoad" property instead. @ webpack-internal:///(app-pages-browser)/./node_modules/.pnpm/next@14.2.30_@babel+core@7._9960d4ec3ace0dc381872aaaee443d1f/node_modules/next/dist/shared/lib/utils/warn-once.js:15
[  812749ms] [WARNING] Image with src "/api/image-proxy?url=https%3A%2F%2Fpic.youkupic.com%2Fupload%2Fvod%2F20240409-1%2F21210d18ffed7023bda320667429e796.jpg" is using deprecated "onLoadingComplete" property. Please use the "onLoad" property instead. @ webpack-internal:///(app-pages-browser)/./node_modules/.pnpm/next@14.2.30_@babel+core@7._9960d4ec3ace0dc381872aaaee443d1f/node_modules/next/dist/shared/lib/utils/warn-once.js:15
[  812751ms] [WARNING] Image with src "/api/image-proxy?url=https%3A%2F%2Fpic.youkupic.com%2Fupload%2Fvod%2F20260428-1%2Fd449d62f38d91641d3873ca7fa183f89.jpg" is using deprecated "onLoadingComplete" property. Please use the "onLoad" property instead. @ webpack-internal:///(app-pages-browser)/./node_modules/.pnpm/next@14.2.30_@babel+core@7._9960d4ec3ace0dc381872aaaee443d1f/node_modules/next/dist/shared/lib/utils/warn-once.js:15
[  812752ms] [WARNING] Image with src "/api/image-proxy?url=https%3A%2F%2Fpic.youkupic.com%2Fupload%2Fvod%2F20260126-1%2F74a196747ecb00648fb084e973d52e26.jpg" is using deprecated "onLoadingComplete" property. Please use the "onLoad" property instead. @ webpack-internal:///(app-pages-browser)/./node_modules/.pnpm/next@14.2.30_@babel+core@7._9960d4ec3ace0dc381872aaaee443d1f/node_modules/next/dist/shared/lib/utils/warn-once.js:15
[  814322ms] [WARNING] Image with src "/api/image-proxy?url=https%3A%2F%2Fpic.lzzypic.com%2Fupload%2Fvod%2F20220429-1%2Faf3c00e432f0059e13cd441b6696c562.jpg" is using deprecated "onLoadingComplete" property. Please use the "onLoad" property instead. @ webpack-internal:///(app-pages-browser)/./node_modules/.pnpm/next@14.2.30_@babel+core@7._9960d4ec3ace0dc381872aaaee443d1f/node_modules/next/dist/shared/lib/utils/warn-once.js:15
[  814322ms] [WARNING] Image with src "/api/image-proxy?url=https%3A%2F%2Fpic.lzzypic.com%2Fupload%2Fvod%2F20220517-1%2Fcf66f951174b4a9fd86d874f4a700b65.jpg" is using deprecated "onLoadingComplete" property. Please use the "onLoad" property instead. @ webpack-internal:///(app-pages-browser)/./node_modules/.pnpm/next@14.2.30_@babel+core@7._9960d4ec3ace0dc381872aaaee443d1f/node_modules/next/dist/shared/lib/utils/warn-once.js:15
[  814324ms] [WARNING] Image with src "/api/image-proxy?url=https%3A%2F%2Fimg.lzzyimg.com%2Fupload%2Fvod%2F20231211-1%2Fb1b2f17bc6f861f8262b82c735149f42.jpg" is using deprecated "onLoadingComplete" property. Please use the "onLoad" property instead. @ webpack-internal:///(app-pages-browser)/./node_modules/.pnpm/next@14.2.30_@babel+core@7._9960d4ec3ace0dc381872aaaee443d1f/node_modules/next/dist/shared/lib/utils/warn-once.js:15
[  814325ms] [WARNING] Image with src "/api/image-proxy?url=https%3A%2F%2Fviptulz.com%2Fupload%2Fvod%2F20251211-1%2F7afadaab204b2cc06306b45f166ed527.jpg" is using deprecated "onLoadingComplete" property. Please use the "onLoad" property instead. @ webpack-internal:///(app-pages-browser)/./node_modules/.pnpm/next@14.2.30_@babel+core@7._9960d4ec3ace0dc381872aaaee443d1f/node_modules/next/dist/shared/lib/utils/warn-once.js:15
[  814325ms] [WARNING] Image with src "/api/image-proxy?url=https%3A%2F%2Fpic.lzzypic.com%2Fupload%2Fvod%2F20220529-1%2F5804c6dfec6ff46114471bf20eeba1df.jpg" is using deprecated "onLoadingComplete" property. Please use the "onLoad" property instead. @ webpack-internal:///(app-pages-browser)/./node_modules/.pnpm/next@14.2.30_@babel+core@7._9960d4ec3ace0dc381872aaaee443d1f/node_modules/next/dist/shared/lib/utils/warn-once.js:15
[  814326ms] [WARNING] Image with src "/api/image-proxy?url=https%3A%2F%2Fpic.lzzypic.com%2Fupload%2Fvod%2F20220529-1%2F645e8708f3f304e81ca26efae5f5ebe1.jpg" is using deprecated "onLoadingComplete" property. Please use the "onLoad" property instead. @ webpack-internal:///(app-pages-browser)/./node_modules/.pnpm/next@14.2.30_@babel+core@7._9960d4ec3ace0dc381872aaaee443d1f/node_modules/next/dist/shared/lib/utils/warn-once.js:15
[  814327ms] [WARNING] Image with src "/api/image-proxy?url=https%3A%2F%2Fviptulz.com%2Fupload%2Fvod%2F20251209-1%2F6a78868d4f90c77f8df0d657e1037d40.jpg" is using deprecated "onLoadingComplete" property. Please use the "onLoad" property instead. @ webpack-internal:///(app-pages-browser)/./node_modules/.pnpm/next@14.2.30_@babel+core@7._9960d4ec3ace0dc381872aaaee443d1f/node_modules/next/dist/shared/lib/utils/warn-once.js:15
[  814328ms] [WARNING] Image with src "/api/image-proxy?url=https%3A%2F%2Fpic.lzzypic.com%2Fupload%2Fvod%2F20220511-1%2Fecf618c318c01c7449bcf61aa2d8ae56.jpg" is using deprecated "onLoadingComplete" property. Please use the "onLoad" property instead. @ webpack-internal:///(app-pages-browser)/./node_modules/.pnpm/next@14.2.30_@babel+core@7._9960d4ec3ace0dc381872aaaee443d1f/node_modules/next/dist/shared/lib/utils/warn-once.js:15
[  820686ms] [WARNING] Error while trying to use the following icon from the Manifest: http://localhost:3000/icons/icon-192x192.png (Download error or resource isn't a valid image) @ http://localhost:3000/play?source=mdzy&id=16302&title=%E5%BA%86%E4%BD%99%E5%B9%B4&year=2019&stype=tv:0
[  821285ms] [INFO] %cDownload the React DevTools for a better development experience: https://reactjs.org/link/react-devtools font-weight:bold @ webpack-internal:///(app-pages-browser)/./node_modules/.pnpm/next@14.2.30_@babel+core@7._9960d4ec3ace0dc381872aaaee443d1f/node_modules/next/dist/compiled/react-dom/cjs/react-dom.development.js:38559
[  821423ms] [LOG] %c ArtPlayer %c 5.2.3 %c https://artplayer.org color: #fff; background: #5f5f5f color: #fff; background: #4bc729  @ webpack-internal:///(app-pages-browser)/./node_modules/.pnpm/artplayer@5.2.3/node_modules/artplayer/dist/artplayer.js:8
[  821449ms] [LOG] mdzy 16302 @ webpack-internal:///(app-pages-browser)/./src/app/play/page.tsx:614
[  822461ms] [LOG] https://play.modujx13.com/20240721/PmYCNEBT/index.m3u8 @ webpack-internal:///(app-pages-browser)/./src/app/play/page.tsx:1038
[  822815ms] [WARNING] Image with src "/api/image-proxy?url=https%3A%2F%2Fwww.mdzypic.com%2Fupload%2Fvod%2F20240722-1%2F58d534faed2a252ea75536f006871f2c.jpg" is using deprecated "onLoadingComplete" property. Please use the "onLoad" property instead. @ webpack-internal:///(app-pages-browser)/./node_modules/.pnpm/next@14.2.30_@babel+core@7._9960d4ec3ace0dc381872aaaee443d1f/node_modules/next/dist/shared/lib/utils/warn-once.js:15
[  822816ms] [WARNING] Image with src "/api/image-proxy?url=https%3A%2F%2Fimg.picbf.com%2Fupload%2Fvod%2F20260326-1%2Fe4976db97a5120dc995ec9a2f7c64897.jpg" is using deprecated "onLoadingComplete" property. Please use the "onLoad" property instead. @ webpack-internal:///(app-pages-browser)/./node_modules/.pnpm/next@14.2.30_@babel+core@7._9960d4ec3ace0dc381872aaaee443d1f/node_modules/next/dist/shared/lib/utils/warn-once.js:15
[  822817ms] [WARNING] Image with src "/api/image-proxy?url=https%3A%2F%2Fimg.picbf.com%2Fupload%2Fvod%2F20250919-1%2F50802e724bfe48b222be3fcf634b24a2.webp" is using deprecated "onLoadingComplete" property. Please use the "onLoad" property instead. @ webpack-internal:///(app-pages-browser)/./node_modules/.pnpm/next@14.2.30_@babel+core@7._9960d4ec3ace0dc381872aaaee443d1f/node_modules/next/dist/shared/lib/utils/warn-once.js:15
[  822818ms] [WARNING] Image with src "/api/image-proxy?url=https%3A%2F%2Fok.zuidapic.com%2Fupload%2Fvod%2F20240531-1%2F7bf72b5565cea19e7abca979039c7457.jpg" is using deprecated "onLoadingComplete" property. Please use the "onLoad" property instead. @ webpack-internal:///(app-pages-browser)/./node_modules/.pnpm/next@14.2.30_@babel+core@7._9960d4ec3ace0dc381872aaaee443d1f/node_modules/next/dist/shared/lib/utils/warn-once.js:15
[  822819ms] [WARNING] Image with src "/api/image-proxy?url=https%3A%2F%2Fwww.imgzy360.com%3A7788%2Fupload%2Fvod%2F20240512-1%2Fe0fe5d19e898c893c9c6c285e603519d.jpg" is using deprecated "onLoadingComplete" property. Please use the "onLoad" property instead. @ webpack-internal:///(app-pages-browser)/./node_modules/.pnpm/next@14.2.30_@babel+core@7._9960d4ec3ace0dc381872aaaee443d1f/node_modules/next/dist/shared/lib/utils/warn-once.js:15
[  822820ms] [WARNING] Image with src "/api/image-proxy?url=https%3A%2F%2Fimg.bfzypic.com%2Fupload%2Fvod%2F20240926-1%2F668e19b985f30e153620be2635baa80f.jpeg" is using deprecated "onLoadingComplete" property. Please use the "onLoad" property instead. @ webpack-internal:///(app-pages-browser)/./node_modules/.pnpm/next@14.2.30_@babel+core@7._9960d4ec3ace0dc381872aaaee443d1f/node_modules/next/dist/shared/lib/utils/warn-once.js:15
[  822821ms] [WARNING] Image with src "/api/image-proxy?url=https%3A%2F%2Fpic.youkupic.com%2Fupload%2Fvod%2F20241127-1%2F7051981f2ddd12face9f14c8fa4ddebd.jpg" is using deprecated "onLoadingComplete" property. Please use the "onLoad" property instead. @ webpack-internal:///(app-pages-browser)/./node_modules/.pnpm/next@14.2.30_@babel+core@7._9960d4ec3ace0dc381872aaaee443d1f/node_modules/next/dist/shared/lib/utils/warn-once.js:15
[  822822ms] [WARNING] Image with src "/api/image-proxy?url=https%3A%2F%2Fpic.youkupic.com%2Fupload%2Fvod%2F20240913-1%2F2778b8be6f4400033b74d90f8dcf119c.jpeg" is using deprecated "onLoadingComplete" property. Please use the "onLoad" property instead. @ webpack-internal:///(app-pages-browser)/./node_modules/.pnpm/next@14.2.30_@babel+core@7._9960d4ec3ace0dc381872aaaee443d1f/node_modules/next/dist/shared/lib/utils/warn-once.js:15
[  822823ms] [WARNING] Image with src "/api/image-proxy?url=https%3A%2F%2Fimg.bfzypic.com%2Fupload%2Fvod%2F20240507-1%2F5d2fda00777eb9519160645b805f9b58.jpg" is using deprecated "onLoadingComplete" property. Please use the "onLoad" property instead. @ webpack-internal:///(app-pages-browser)/./node_modules/.pnpm/next@14.2.30_@babel+core@7._9960d4ec3ace0dc381872aaaee443d1f/node_modules/next/dist/shared/lib/utils/warn-once.js:15
[  822824ms] [WARNING] Image with src "/api/image-proxy?url=https%3A%2F%2Fpic.youkupic.com%2Fupload%2Fvod%2F20240422-1%2Ffae6d06dec251e2459e1e00f1750b8cd.jpg" is using deprecated "onLoadingComplete" property. Please use the "onLoad" property instead. @ webpack-internal:///(app-pages-browser)/./node_modules/.pnpm/next@14.2.30_@babel+core@7._9960d4ec3ace0dc381872aaaee443d1f/node_modules/next/dist/shared/lib/utils/warn-once.js:15
[  822825ms] [WARNING] Image with src "/api/image-proxy?url=https%3A%2F%2Fimg.bfzypic.com%2Fupload%2Fvod%2F20240511-1%2Ffede33dfa395b214c94e3212755f4a6a.jpg" is using deprecated "onLoadingComplete" property. Please use the "onLoad" property instead. @ webpack-internal:///(app-pages-browser)/./node_modules/.pnpm/next@14.2.30_@babel+core@7._9960d4ec3ace0dc381872aaaee443d1f/node_modules/next/dist/shared/lib/utils/warn-once.js:15
[  822825ms] [WARNING] Image with src "/api/image-proxy?url=https%3A%2F%2Fimg.ffzy888.com%2Fupload%2Fvod%2F20240509-1%2Fbe02966c8a66a57991c228c48b4705a3.jpg" is using deprecated "onLoadingComplete" property. Please use the "onLoad" property instead. @ webpack-internal:///(app-pages-browser)/./node_modules/.pnpm/next@14.2.30_@babel+core@7._9960d4ec3ace0dc381872aaaee443d1f/node_modules/next/dist/shared/lib/utils/warn-once.js:15
[  822826ms] [WARNING] Image with src "/api/image-proxy?url=https%3A%2F%2Fmtzy2.com%2Fupload%2Fvod%2F20250109-3%2Fc6171cf11384a845e2f0fed88ea6335a.jpg" is using deprecated "onLoadingComplete" property. Please use the "onLoad" property instead. @ webpack-internal:///(app-pages-browser)/./node_modules/.pnpm/next@14.2.30_@babel+core@7._9960d4ec3ace0dc381872aaaee443d1f/node_modules/next/dist/shared/lib/utils/warn-once.js:15
[  822827ms] [WARNING] Image with src "/api/image-proxy?url=https%3A%2F%2Fmtzy2.com%2Fupload%2Fvod%2F20250107-15%2Fdfd1b841011659a49917e66b354103f8.jpg" is using deprecated "onLoadingComplete" property. Please use the "onLoad" property instead. @ webpack-internal:///(app-pages-browser)/./node_modules/.pnpm/next@14.2.30_@babel+core@7._9960d4ec3ace0dc381872aaaee443d1f/node_modules/next/dist/shared/lib/utils/warn-once.js:15
[  822828ms] [WARNING] Image with src "/api/image-proxy?url=https%3A%2F%2Fmtzy2.com%2Fupload%2Fvod%2F20250109-2%2Fd15adedb0ad0236d7a8768b2ed5c711a.jpg" is using deprecated "onLoadingComplete" property. Please use the "onLoad" property instead. @ webpack-internal:///(app-pages-browser)/./node_modules/.pnpm/next@14.2.30_@babel+core@7._9960d4ec3ace0dc381872aaaee443d1f/node_modules/next/dist/shared/lib/utils/warn-once.js:15
[  822828ms] [WARNING] Image with src "/api/image-proxy?url=https%3A%2F%2Fpic.youkupic.com%2Fupload%2Fvod%2F20240523-1%2F2e077f66b7eaba296ef96f6b6ac9a731.png" is using deprecated "onLoadingComplete" property. Please use the "onLoad" property instead. @ webpack-internal:///(app-pages-browser)/./node_modules/.pnpm/next@14.2.30_@babel+core@7._9960d4ec3ace0dc381872aaaee443d1f/node_modules/next/dist/shared/lib/utils/warn-once.js:15
[  822829ms] [WARNING] Image with src "/api/image-proxy?url=https%3A%2F%2Fimg.picbf.com%2Fupload%2Fvod%2F20260205-1%2Ff1f7a9af177d32f61fc6a2dea0dcb7f1.jpg" is using deprecated "onLoadingComplete" property. Please use the "onLoad" property instead. @ webpack-internal:///(app-pages-browser)/./node_modules/.pnpm/next@14.2.30_@babel+core@7._9960d4ec3ace0dc381872aaaee443d1f/node_modules/next/dist/shared/lib/utils/warn-once.js:15
[  822830ms] [WARNING] Image with src "/api/image-proxy?url=https%3A%2F%2Fmtzy2.com%2Fupload%2Fvod%2F20250108-65%2F3639c9c90754c68086b1c0f28f65b2a5.jpg" is using deprecated "onLoadingComplete" property. Please use the "onLoad" property instead. @ webpack-internal:///(app-pages-browser)/./node_modules/.pnpm/next@14.2.30_@babel+core@7._9960d4ec3ace0dc381872aaaee443d1f/node_modules/next/dist/shared/lib/utils/warn-once.js:15
[  822922ms] [WARNING] HLS播放源异常: hlsError {type: networkError, details: manifestLoadError, fatal: true, url: https://play.modujx13.com/20240721/PmYCNEBT/index.m3u8, loader: CustomHlsJsLoader} @ webpack-internal:///(app-pages-browser)/./src/app/play/page.tsx:1142
[  822922ms] [LOG] 网络错误，尝试恢复... @ webpack-internal:///(app-pages-browser)/./src/app/play/page.tsx:1148
[  822922ms] [ERROR] Failed to load resource: net::ERR_CONNECTION_CLOSED @ https://play.modujx13.com/20240721/PmYCNEBT/index.m3u8:0
[  825667ms] [INFO] %cDownload the React DevTools for a better development experience: https://reactjs.org/link/react-devtools font-weight:bold @ webpack-internal:///(app-pages-browser)/./node_modules/.pnpm/next@14.2.30_@babel+core@7._9960d4ec3ace0dc381872aaaee443d1f/node_modules/next/dist/compiled/react-dom/cjs/react-dom.development.js:38559
[  825848ms] [WARNING] Image with src "/api/image-proxy?url=https%3A%2F%2Fwww.mdzypic.com%2Fupload%2Fvod%2F20240722-1%2F58d534faed2a252ea75536f006871f2c.jpg" is using deprecated "onLoadingComplete" property. Please use the "onLoad" property instead. @ webpack-internal:///(app-pages-browser)/./node_modules/.pnpm/next@14.2.30_@babel+core@7._9960d4ec3ace0dc381872aaaee443d1f/node_modules/next/dist/shared/lib/utils/warn-once.js:15
[  825850ms] [WARNING] Image with src "/api/image-proxy?url=https%3A%2F%2Fimg.picbf.com%2Fupload%2Fvod%2F20260326-1%2Fe4976db97a5120dc995ec9a2f7c64897.jpg" is using deprecated "onLoadingComplete" property. Please use the "onLoad" property instead. @ webpack-internal:///(app-pages-browser)/./node_modules/.pnpm/next@14.2.30_@babel+core@7._9960d4ec3ace0dc381872aaaee443d1f/node_modules/next/dist/shared/lib/utils/warn-once.js:15
[  825851ms] [WARNING] Image with src "/api/image-proxy?url=https%3A%2F%2Fimg.picbf.com%2Fupload%2Fvod%2F20250919-1%2F50802e724bfe48b222be3fcf634b24a2.webp" is using deprecated "onLoadingComplete" property. Please use the "onLoad" property instead. @ webpack-internal:///(app-pages-browser)/./node_modules/.pnpm/next@14.2.30_@babel+core@7._9960d4ec3ace0dc381872aaaee443d1f/node_modules/next/dist/shared/lib/utils/warn-once.js:15
[  825853ms] [WARNING] Image with src "/api/image-proxy?url=https%3A%2F%2Fok.zuidapic.com%2Fupload%2Fvod%2F20240531-1%2F7bf72b5565cea19e7abca979039c7457.jpg" is using deprecated "onLoadingComplete" property. Please use the "onLoad" property instead. @ webpack-internal:///(app-pages-browser)/./node_modules/.pnpm/next@14.2.30_@babel+core@7._9960d4ec3ace0dc381872aaaee443d1f/node_modules/next/dist/shared/lib/utils/warn-once.js:15
[  825854ms] [WARNING] Image with src "/api/image-proxy?url=https%3A%2F%2Fwww.imgzy360.com%3A7788%2Fupload%2Fvod%2F20240512-1%2Fe0fe5d19e898c893c9c6c285e603519d.jpg" is using deprecated "onLoadingComplete" property. Please use the "onLoad" property instead. @ webpack-internal:///(app-pages-browser)/./node_modules/.pnpm/next@14.2.30_@babel+core@7._9960d4ec3ace0dc381872aaaee443d1f/node_modules/next/dist/shared/lib/utils/warn-once.js:15
[  825855ms] [WARNING] Image with src "/api/image-proxy?url=https%3A%2F%2Fimg.bfzypic.com%2Fupload%2Fvod%2F20240926-1%2F668e19b985f30e153620be2635baa80f.jpeg" is using deprecated "onLoadingComplete" property. Please use the "onLoad" property instead. @ webpack-internal:///(app-pages-browser)/./node_modules/.pnpm/next@14.2.30_@babel+core@7._9960d4ec3ace0dc381872aaaee443d1f/node_modules/next/dist/shared/lib/utils/warn-once.js:15
[  825856ms] [WARNING] Image with src "/api/image-proxy?url=https%3A%2F%2Fpic.youkupic.com%2Fupload%2Fvod%2F20241127-1%2F7051981f2ddd12face9f14c8fa4ddebd.jpg" is using deprecated "onLoadingComplete" property. Please use the "onLoad" property instead. @ webpack-internal:///(app-pages-browser)/./node_modules/.pnpm/next@14.2.30_@babel+core@7._9960d4ec3ace0dc381872aaaee443d1f/node_modules/next/dist/shared/lib/utils/warn-once.js:15
[  825857ms] [WARNING] Image with src "/api/image-proxy?url=https%3A%2F%2Fpic.youkupic.com%2Fupload%2Fvod%2F20240913-1%2F2778b8be6f4400033b74d90f8dcf119c.jpeg" is using deprecated "onLoadingComplete" property. Please use the "onLoad" property instead. @ webpack-internal:///(app-pages-browser)/./node_modules/.pnpm/next@14.2.30_@babel+core@7._9960d4ec3ace0dc381872aaaee443d1f/node_modules/next/dist/shared/lib/utils/warn-once.js:15
[  825859ms] [WARNING] Image with src "/api/image-proxy?url=https%3A%2F%2Fimg.bfzypic.com%2Fupload%2Fvod%2F20240507-1%2F5d2fda00777eb9519160645b805f9b58.jpg" is using deprecated "onLoadingComplete" property. Please use the "onLoad" property instead. @ webpack-internal:///(app-pages-browser)/./node_modules/.pnpm/next@14.2.30_@babel+core@7._9960d4ec3ace0dc381872aaaee443d1f/node_modules/next/dist/shared/lib/utils/warn-once.js:15
[  825860ms] [WARNING] Image with src "/api/image-proxy?url=https%3A%2F%2Fpic.youkupic.com%2Fupload%2Fvod%2F20240422-1%2Ffae6d06dec251e2459e1e00f1750b8cd.jpg" is using deprecated "onLoadingComplete" property. Please use the "onLoad" property instead. @ webpack-internal:///(app-pages-browser)/./node_modules/.pnpm/next@14.2.30_@babel+core@7._9960d4ec3ace0dc381872aaaee443d1f/node_modules/next/dist/shared/lib/utils/warn-once.js:15
[  825861ms] [WARNING] Image with src "/api/image-proxy?url=https%3A%2F%2Fimg.bfzypic.com%2Fupload%2Fvod%2F20240511-1%2Ffede33dfa395b214c94e3212755f4a6a.jpg" is using deprecated "onLoadingComplete" property. Please use the "onLoad" property instead. @ webpack-internal:///(app-pages-browser)/./node_modules/.pnpm/next@14.2.30_@babel+core@7._9960d4ec3ace0dc381872aaaee443d1f/node_modules/next/dist/shared/lib/utils/warn-once.js:15
[  825863ms] [WARNING] Image with src "/api/image-proxy?url=https%3A%2F%2Fimg.ffzy888.com%2Fupload%2Fvod%2F20240509-1%2Fbe02966c8a66a57991c228c48b4705a3.jpg" is using deprecated "onLoadingComplete" property. Please use the "onLoad" property instead. @ webpack-internal:///(app-pages-browser)/./node_modules/.pnpm/next@14.2.30_@babel+core@7._9960d4ec3ace0dc381872aaaee443d1f/node_modules/next/dist/shared/lib/utils/warn-once.js:15
[  825864ms] [WARNING] Image with src "/api/image-proxy?url=https%3A%2F%2Fmtzy2.com%2Fupload%2Fvod%2F20250109-3%2Fc6171cf11384a845e2f0fed88ea6335a.jpg" is using deprecated "onLoadingComplete" property. Please use the "onLoad" property instead. @ webpack-internal:///(app-pages-browser)/./node_modules/.pnpm/next@14.2.30_@babel+core@7._9960d4ec3ace0dc381872aaaee443d1f/node_modules/next/dist/shared/lib/utils/warn-once.js:15
[  825865ms] [WARNING] Image with src "/api/image-proxy?url=https%3A%2F%2Fmtzy2.com%2Fupload%2Fvod%2F20250107-15%2Fdfd1b841011659a49917e66b354103f8.jpg" is using deprecated "onLoadingComplete" property. Please use the "onLoad" property instead. @ webpack-internal:///(app-pages-browser)/./node_modules/.pnpm/next@14.2.30_@babel+core@7._9960d4ec3ace0dc381872aaaee443d1f/node_modules/next/dist/shared/lib/utils/warn-once.js:15
[  825866ms] [WARNING] Image with src "/api/image-proxy?url=https%3A%2F%2Fmtzy2.com%2Fupload%2Fvod%2F20250109-2%2Fd15adedb0ad0236d7a8768b2ed5c711a.jpg" is using deprecated "onLoadingComplete" property. Please use the "onLoad" property instead. @ webpack-internal:///(app-pages-browser)/./node_modules/.pnpm/next@14.2.30_@babel+core@7._9960d4ec3ace0dc381872aaaee443d1f/node_modules/next/dist/shared/lib/utils/warn-once.js:15
[  825867ms] [WARNING] Image with src "/api/image-proxy?url=https%3A%2F%2Fpic.youkupic.com%2Fupload%2Fvod%2F20240523-1%2F2e077f66b7eaba296ef96f6b6ac9a731.png" is using deprecated "onLoadingComplete" property. Please use the "onLoad" property instead. @ webpack-internal:///(app-pages-browser)/./node_modules/.pnpm/next@14.2.30_@babel+core@7._9960d4ec3ace0dc381872aaaee443d1f/node_modules/next/dist/shared/lib/utils/warn-once.js:15
[  825868ms] [WARNING] Image with src "/api/image-proxy?url=https%3A%2F%2Fimg.picbf.com%2Fupload%2Fvod%2F20260205-1%2Ff1f7a9af177d32f61fc6a2dea0dcb7f1.jpg" is using deprecated "onLoadingComplete" property. Please use the "onLoad" property instead. @ webpack-internal:///(app-pages-browser)/./node_modules/.pnpm/next@14.2.30_@babel+core@7._9960d4ec3ace0dc381872aaaee443d1f/node_modules/next/dist/shared/lib/utils/warn-once.js:15
[  825869ms] [WARNING] Image with src "/api/image-proxy?url=https%3A%2F%2Fmtzy2.com%2Fupload%2Fvod%2F20250108-65%2F3639c9c90754c68086b1c0f28f65b2a5.jpg" is using deprecated "onLoadingComplete" property. Please use the "onLoad" property instead. @ webpack-internal:///(app-pages-browser)/./node_modules/.pnpm/next@14.2.30_@babel+core@7._9960d4ec3ace0dc381872aaaee443d1f/node_modules/next/dist/shared/lib/utils/warn-once.js:15
[  825903ms] [WARNING] Image with src "/api/image-proxy?url=https%3A%2F%2Fimg.picbf.com%2Fupload%2Fvod%2F20260326-1%2Fe4976db97a5120dc995ec9a2f7c64897.jpg" was detected as the Largest Contentful Paint (LCP). Please add the "priority" property if this image is above the fold.
Read more: https://nextjs.org/docs/api-reference/next/image#priority @ webpack-internal:///(app-pages-browser)/./node_modules/.pnpm/next@14.2.30_@babel+core@7._9960d4ec3ace0dc381872aaaee443d1f/node_modules/next/dist/shared/lib/utils/warn-once.js:15
[  830284ms] [LOG] mdzy 16302 @ webpack-internal:///(app-pages-browser)/./src/app/play/page.tsx:614
[  830357ms] [LOG] %c ArtPlayer %c 5.2.3 %c https://artplayer.org color: #fff; background: #5f5f5f color: #fff; background: #4bc729  @ webpack-internal:///(app-pages-browser)/./node_modules/.pnpm/artplayer@5.2.3/node_modules/artplayer/dist/artplayer.js:8
[  831025ms] [INFO] %cDownload the React DevTools for a better development experience: https://reactjs.org/link/react-devtools font-weight:bold @ webpack-internal:///(app-pages-browser)/./node_modules/.pnpm/next@14.2.30_@babel+core@7._9960d4ec3ace0dc381872aaaee443d1f/node_modules/next/dist/compiled/react-dom/cjs/react-dom.development.js:38559
[  831123ms] [LOG] mdzy 16302 @ webpack-internal:///(app-pages-browser)/./src/app/play/page.tsx:614
[  831150ms] [LOG] %c ArtPlayer %c 5.2.3 %c https://artplayer.org color: #fff; background: #5f5f5f color: #fff; background: #4bc729  @ webpack-internal:///(app-pages-browser)/./node_modules/.pnpm/artplayer@5.2.3/node_modules/artplayer/dist/artplayer.js:8
