[    3745ms] [VERBOSE] [DOM] Password forms should have (optionally hidden) username fields for accessibility: (More info: https://goo.gl/9p2vKq) %o @ http://localhost:3000/login?redirect=%2Fsearch%3Fq%3D%25E5%25BA%2586%25E4%25BD%2599%25E5%25B9%25B4:0
[    3990ms] [INFO] %cDownload the React DevTools for a better development experience: https://reactjs.org/link/react-devtools font-weight:bold @ webpack-internal:///(app-pages-browser)/./node_modules/.pnpm/next@14.2.30_@babel+core@7._9960d4ec3ace0dc381872aaaee443d1f/node_modules/next/dist/compiled/react-dom/cjs/react-dom.development.js:38559
[  127173ms] [LOG] [Fast Refresh] rebuilding @ webpack-internal:///(app-pages-browser)/./node_modules/.pnpm/next@14.2.30_@babel+core@7._9960d4ec3ace0dc381872aaaee443d1f/node_modules/next/dist/client/components/react-dev-overlay/app/hot-reloader-client.js:186
[  127958ms] [LOG] [Fast Refresh] done in 785ms @ webpack-internal:///(app-pages-browser)/./node_modules/.pnpm/next@14.2.30_@babel+core@7._9960d4ec3ace0dc381872aaaee443d1f/node_modules/next/dist/client/components/react-dev-overlay/app/hot-reloader-client.js:43
[  129974ms] [WARNING] Image with src "/api/image-proxy?url=https%3A%2F%2Fry-pic.com%2Fupload%2Fvod%2F20240824-1%2Ff35fa5dcda7aba3aa4eebcdd0972985f.jpg" is using deprecated "onLoadingComplete" property. Please use the "onLoad" property instead. @ webpack-internal:///(app-pages-browser)/./node_modules/.pnpm/next@14.2.30_@babel+core@7._9960d4ec3ace0dc381872aaaee443d1f/node_modules/next/dist/shared/lib/utils/warn-once.js:15
[  129976ms] [WARNING] Image with src "/api/image-proxy?url=https%3A%2F%2Fry-pic.com%2Fupload%2Fvod%2F20240811-1%2Fa4ad6d629b8c3b7bf8a075f4eed61c85.jpg" is using deprecated "onLoadingComplete" property. Please use the "onLoad" property instead. @ webpack-internal:///(app-pages-browser)/./node_modules/.pnpm/next@14.2.30_@babel+core@7._9960d4ec3ace0dc381872aaaee443d1f/node_modules/next/dist/shared/lib/utils/warn-once.js:15
[  129977ms] [WARNING] Image with src "/api/image-proxy?url=https%3A%2F%2Fps.ryzypics.com%2Fupload%2Fvod%2F20241201-1%2Fe4c16a33ef783dca9c4c0f5cf33fadf3.png" is using deprecated "onLoadingComplete" property. Please use the "onLoad" property instead. @ webpack-internal:///(app-pages-browser)/./node_modules/.pnpm/next@14.2.30_@babel+core@7._9960d4ec3ace0dc381872aaaee443d1f/node_modules/next/dist/shared/lib/utils/warn-once.js:15
[  130260ms] [WARNING] Image with src "/api/image-proxy?url=https%3A%2F%2Fvip.dytt-img.com%2Fupload%2Fvod%2F20250417-1%2F1d67fa9821f15cdf616a6810739e0ea6.jpg" is using deprecated "onLoadingComplete" property. Please use the "onLoad" property instead. @ webpack-internal:///(app-pages-browser)/./node_modules/.pnpm/next@14.2.30_@babel+core@7._9960d4ec3ace0dc381872aaaee443d1f/node_modules/next/dist/shared/lib/utils/warn-once.js:15
[  130261ms] [WARNING] Image with src "/api/image-proxy?url=https%3A%2F%2Fvip.dytt-img.com%2Fupload%2Fvod%2F20250417-1%2Fb2439d0c0be1caea9c433b62fc91b11c.jpg" is using deprecated "onLoadingComplete" property. Please use the "onLoad" property instead. @ webpack-internal:///(app-pages-browser)/./node_modules/.pnpm/next@14.2.30_@babel+core@7._9960d4ec3ace0dc381872aaaee443d1f/node_modules/next/dist/shared/lib/utils/warn-once.js:15
[  130262ms] [WARNING] Image with src "/api/image-proxy?url=https%3A%2F%2Fvip.dytt-img.com%2Fupload%2Fvod%2F20250419-1%2F3c2087be20a7beeceaf0a66bcd8e3c38.jpg" is using deprecated "onLoadingComplete" property. Please use the "onLoad" property instead. @ webpack-internal:///(app-pages-browser)/./node_modules/.pnpm/next@14.2.30_@babel+core@7._9960d4ec3ace0dc381872aaaee443d1f/node_modules/next/dist/shared/lib/utils/warn-once.js:15
[  130263ms] [WARNING] Image with src "/api/image-proxy?url=https%3A%2F%2Fvip.dytt-img.com%2Fupload%2Fvod%2F20250429-1%2F7c2e491e9a6cd8afcc042b32b5e5887f.jpg" is using deprecated "onLoadingComplete" property. Please use the "onLoad" property instead. @ webpack-internal:///(app-pages-browser)/./node_modules/.pnpm/next@14.2.30_@babel+core@7._9960d4ec3ace0dc381872aaaee443d1f/node_modules/next/dist/shared/lib/utils/warn-once.js:15
[  130264ms] [WARNING] Image with src "/api/image-proxy?url=https%3A%2F%2Fvip.dytt-img.com%2Fupload%2Fvod%2F20250403-1%2F6eaf2686603632bd5947107d76beaf71.jpg" is using deprecated "onLoadingComplete" property. Please use the "onLoad" property instead. @ webpack-internal:///(app-pages-browser)/./node_modules/.pnpm/next@14.2.30_@babel+core@7._9960d4ec3ace0dc381872aaaee443d1f/node_modules/next/dist/shared/lib/utils/warn-once.js:15
[  130265ms] [WARNING] Image with src "/api/image-proxy?url=https%3A%2F%2Fvip.dytt-img.com%2Fupload%2Fvod%2F20250427-1%2F87785b33c297dd2d983d8357d35a63e8.jpg" is using deprecated "onLoadingComplete" property. Please use the "onLoad" property instead. @ webpack-internal:///(app-pages-browser)/./node_modules/.pnpm/next@14.2.30_@babel+core@7._9960d4ec3ace0dc381872aaaee443d1f/node_modules/next/dist/shared/lib/utils/warn-once.js:15
[  130349ms] [WARNING] Image with src "/api/image-proxy?url=https%3A%2F%2Fimg.ffzy888.com%2Fupload%2Fvod%2F20240509-1%2Fbe02966c8a66a57991c228c48b4705a3.jpg" is using deprecated "onLoadingComplete" property. Please use the "onLoad" property instead. @ webpack-internal:///(app-pages-browser)/./node_modules/.pnpm/next@14.2.30_@babel+core@7._9960d4ec3ace0dc381872aaaee443d1f/node_modules/next/dist/shared/lib/utils/warn-once.js:15
[  130446ms] [WARNING] Image with src "/api/image-proxy?url=https%3A%2F%2Fimg.picbf.com%2Fupload%2Fvod%2F20260326-1%2Fe4976db97a5120dc995ec9a2f7c64897.jpg" is using deprecated "onLoadingComplete" property. Please use the "onLoad" property instead. @ webpack-internal:///(app-pages-browser)/./node_modules/.pnpm/next@14.2.30_@babel+core@7._9960d4ec3ace0dc381872aaaee443d1f/node_modules/next/dist/shared/lib/utils/warn-once.js:15
[  130446ms] [WARNING] Image with src "/api/image-proxy?url=https%3A%2F%2Fimg.picbf.com%2Fupload%2Fvod%2F20250919-1%2F50802e724bfe48b222be3fcf634b24a2.webp" is using deprecated "onLoadingComplete" property. Please use the "onLoad" property instead. @ webpack-internal:///(app-pages-browser)/./node_modules/.pnpm/next@14.2.30_@babel+core@7._9960d4ec3ace0dc381872aaaee443d1f/node_modules/next/dist/shared/lib/utils/warn-once.js:15
[  130447ms] [WARNING] Image with src "/api/image-proxy?url=https%3A%2F%2Fimg.bfzypic.com%2Fupload%2Fvod%2F20240926-1%2F668e19b985f30e153620be2635baa80f.jpeg" is using deprecated "onLoadingComplete" property. Please use the "onLoad" property instead. @ webpack-internal:///(app-pages-browser)/./node_modules/.pnpm/next@14.2.30_@babel+core@7._9960d4ec3ace0dc381872aaaee443d1f/node_modules/next/dist/shared/lib/utils/warn-once.js:15
[  130448ms] [WARNING] Image with src "/api/image-proxy?url=https%3A%2F%2Fimg.bfzypic.com%2Fupload%2Fvod%2F20240507-1%2F5d2fda00777eb9519160645b805f9b58.jpg" is using deprecated "onLoadingComplete" property. Please use the "onLoad" property instead. @ webpack-internal:///(app-pages-browser)/./node_modules/.pnpm/next@14.2.30_@babel+core@7._9960d4ec3ace0dc381872aaaee443d1f/node_modules/next/dist/shared/lib/utils/warn-once.js:15
[  130449ms] [WARNING] Image with src "/api/image-proxy?url=https%3A%2F%2Fimg.bfzypic.com%2Fupload%2Fvod%2F20240511-1%2Ffede33dfa395b214c94e3212755f4a6a.jpg" is using deprecated "onLoadingComplete" property. Please use the "onLoad" property instead. @ webpack-internal:///(app-pages-browser)/./node_modules/.pnpm/next@14.2.30_@babel+core@7._9960d4ec3ace0dc381872aaaee443d1f/node_modules/next/dist/shared/lib/utils/warn-once.js:15
[  130451ms] [WARNING] Image with src "/api/image-proxy?url=https%3A%2F%2Fimg.picbf.com%2Fupload%2Fvod%2F20260126-1%2F124e6a4149365aea78faf1f973b697b9.jpg" is using deprecated "onLoadingComplete" property. Please use the "onLoad" property instead. @ webpack-internal:///(app-pages-browser)/./node_modules/.pnpm/next@14.2.30_@babel+core@7._9960d4ec3ace0dc381872aaaee443d1f/node_modules/next/dist/shared/lib/utils/warn-once.js:15
[  130452ms] [WARNING] Image with src "/api/image-proxy?url=https%3A%2F%2Fimg.picbf.com%2Fupload%2Fvod%2F20260202-1%2Fea72f9827fb1ed2736b58f6da9ea7fa0.jpg" is using deprecated "onLoadingComplete" property. Please use the "onLoad" property instead. @ webpack-internal:///(app-pages-browser)/./node_modules/.pnpm/next@14.2.30_@babel+core@7._9960d4ec3ace0dc381872aaaee443d1f/node_modules/next/dist/shared/lib/utils/warn-once.js:15
[  130452ms] [WARNING] Image with src "/api/image-proxy?url=https%3A%2F%2Fimg.picbf.com%2Fupload%2Fvod%2F20260205-1%2Ff1f7a9af177d32f61fc6a2dea0dcb7f1.jpg" is using deprecated "onLoadingComplete" property. Please use the "onLoad" property instead. @ webpack-internal:///(app-pages-browser)/./node_modules/.pnpm/next@14.2.30_@babel+core@7._9960d4ec3ace0dc381872aaaee443d1f/node_modules/next/dist/shared/lib/utils/warn-once.js:15
[  131322ms] [WARNING] Image with src "/api/image-proxy?url=https%3A%2F%2Fwww.imgzy360.com%3A7788%2Fupload%2Fvod%2F20240512-1%2Fe0fe5d19e898c893c9c6c285e603519d.jpg" is using deprecated "onLoadingComplete" property. Please use the "onLoad" property instead. @ webpack-internal:///(app-pages-browser)/./node_modules/.pnpm/next@14.2.30_@babel+core@7._9960d4ec3ace0dc381872aaaee443d1f/node_modules/next/dist/shared/lib/utils/warn-once.js:15
[  131982ms] [WARNING] Image with src "/api/image-proxy?url=https%3A%2F%2Fok.zuidapic.com%2Fupload%2Fvod%2F20240531-1%2F7bf72b5565cea19e7abca979039c7457.jpg" is using deprecated "onLoadingComplete" property. Please use the "onLoad" property instead. @ webpack-internal:///(app-pages-browser)/./node_modules/.pnpm/next@14.2.30_@babel+core@7._9960d4ec3ace0dc381872aaaee443d1f/node_modules/next/dist/shared/lib/utils/warn-once.js:15
[  131983ms] [WARNING] Image with src "/api/image-proxy?url=https%3A%2F%2Fok.zuidapic.com%2Fupload%2Fvod%2F20241127-1%2Fefacbf826359fa09783648b795d13209.jpg" is using deprecated "onLoadingComplete" property. Please use the "onLoad" property instead. @ webpack-internal:///(app-pages-browser)/./node_modules/.pnpm/next@14.2.30_@babel+core@7._9960d4ec3ace0dc381872aaaee443d1f/node_modules/next/dist/shared/lib/utils/warn-once.js:15
[  131985ms] [WARNING] Image with src "/api/image-proxy?url=https%3A%2F%2Fok.zuidapic.com%2Fupload%2Fvod%2F20240913-1%2Fec06c46fb85d19d5b2c14323b5c48d63.jpeg" is using deprecated "onLoadingComplete" property. Please use the "onLoad" property instead. @ webpack-internal:///(app-pages-browser)/./node_modules/.pnpm/next@14.2.30_@babel+core@7._9960d4ec3ace0dc381872aaaee443d1f/node_modules/next/dist/shared/lib/utils/warn-once.js:15
[  131986ms] [WARNING] Image with src "/api/image-proxy?url=https%3A%2F%2Fok.zuidapic.com%2Fupload%2Fvod%2F20240422-1%2Fd26f2ad659f2451d3bac3d5baf2daef2.jpg" is using deprecated "onLoadingComplete" property. Please use the "onLoad" property instead. @ webpack-internal:///(app-pages-browser)/./node_modules/.pnpm/next@14.2.30_@babel+core@7._9960d4ec3ace0dc381872aaaee443d1f/node_modules/next/dist/shared/lib/utils/warn-once.js:15
[  131989ms] [WARNING] Image with src "/api/image-proxy?url=https%3A%2F%2Fok.zuidapic.com%2Fupload%2Fvod%2F20240606-1%2F66e393c3b4216a5c55a63e92fe1c2315.png" is using deprecated "onLoadingComplete" property. Please use the "onLoad" property instead. @ webpack-internal:///(app-pages-browser)/./node_modules/.pnpm/next@14.2.30_@babel+core@7._9960d4ec3ace0dc381872aaaee443d1f/node_modules/next/dist/shared/lib/utils/warn-once.js:15
[  132436ms] [WARNING] Image with src "/api/image-proxy?url=https%3A%2F%2Fwww.mdzypic.com%2Fupload%2Fvod%2F20240722-1%2F58d534faed2a252ea75536f006871f2c.jpg" is using deprecated "onLoadingComplete" property. Please use the "onLoad" property instead. @ webpack-internal:///(app-pages-browser)/./node_modules/.pnpm/next@14.2.30_@babel+core@7._9960d4ec3ace0dc381872aaaee443d1f/node_modules/next/dist/shared/lib/utils/warn-once.js:15
[  133436ms] [WARNING] Image with src "/api/image-proxy?url=https%3A%2F%2Fmtzy2.com%2Fupload%2Fvod%2F20250109-3%2Fc6171cf11384a845e2f0fed88ea6335a.jpg" is using deprecated "onLoadingComplete" property. Please use the "onLoad" property instead. @ webpack-internal:///(app-pages-browser)/./node_modules/.pnpm/next@14.2.30_@babel+core@7._9960d4ec3ace0dc381872aaaee443d1f/node_modules/next/dist/shared/lib/utils/warn-once.js:15
[  133436ms] [WARNING] Image with src "/api/image-proxy?url=https%3A%2F%2Fmtzy2.com%2Fupload%2Fvod%2F20250107-15%2Fdfd1b841011659a49917e66b354103f8.jpg" is using deprecated "onLoadingComplete" property. Please use the "onLoad" property instead. @ webpack-internal:///(app-pages-browser)/./node_modules/.pnpm/next@14.2.30_@babel+core@7._9960d4ec3ace0dc381872aaaee443d1f/node_modules/next/dist/shared/lib/utils/warn-once.js:15
[  133437ms] [WARNING] Image with src "/api/image-proxy?url=https%3A%2F%2Fmtzy2.com%2Fupload%2Fvod%2F20250109-2%2Fd15adedb0ad0236d7a8768b2ed5c711a.jpg" is using deprecated "onLoadingComplete" property. Please use the "onLoad" property instead. @ webpack-internal:///(app-pages-browser)/./node_modules/.pnpm/next@14.2.30_@babel+core@7._9960d4ec3ace0dc381872aaaee443d1f/node_modules/next/dist/shared/lib/utils/warn-once.js:15
[  133438ms] [WARNING] Image with src "/api/image-proxy?url=https%3A%2F%2Fmtzy2.com%2Fupload%2Fvod%2F20250108-65%2F3639c9c90754c68086b1c0f28f65b2a5.jpg" is using deprecated "onLoadingComplete" property. Please use the "onLoad" property instead. @ webpack-internal:///(app-pages-browser)/./node_modules/.pnpm/next@14.2.30_@babel+core@7._9960d4ec3ace0dc381872aaaee443d1f/node_modules/next/dist/shared/lib/utils/warn-once.js:15
[  153491ms] [WARNING] Image with src "/api/image-proxy?url=https%3A%2F%2Fpic.youkupic.com%2Fupload%2Fvod%2F20241127-1%2F7051981f2ddd12face9f14c8fa4ddebd.jpg" is using deprecated "onLoadingComplete" property. Please use the "onLoad" property instead. @ webpack-internal:///(app-pages-browser)/./node_modules/.pnpm/next@14.2.30_@babel+core@7._9960d4ec3ace0dc381872aaaee443d1f/node_modules/next/dist/shared/lib/utils/warn-once.js:15
[  153492ms] [WARNING] Image with src "/api/image-proxy?url=https%3A%2F%2Fpic.youkupic.com%2Fupload%2Fvod%2F20240913-1%2F2778b8be6f4400033b74d90f8dcf119c.jpeg" is using deprecated "onLoadingComplete" property. Please use the "onLoad" property instead. @ webpack-internal:///(app-pages-browser)/./node_modules/.pnpm/next@14.2.30_@babel+core@7._9960d4ec3ace0dc381872aaaee443d1f/node_modules/next/dist/shared/lib/utils/warn-once.js:15
[  153492ms] [WARNING] Image with src "/api/image-proxy?url=https%3A%2F%2Fpic.youkupic.com%2Fupload%2Fvod%2F20240422-1%2Ffae6d06dec251e2459e1e00f1750b8cd.jpg" is using deprecated "onLoadingComplete" property. Please use the "onLoad" property instead. @ webpack-internal:///(app-pages-browser)/./node_modules/.pnpm/next@14.2.30_@babel+core@7._9960d4ec3ace0dc381872aaaee443d1f/node_modules/next/dist/shared/lib/utils/warn-once.js:15
[  153494ms] [WARNING] Image with src "/api/image-proxy?url=https%3A%2F%2Fpic.youkupic.com%2Fupload%2Fvod%2F20240523-1%2F2e077f66b7eaba296ef96f6b6ac9a731.png" is using deprecated "onLoadingComplete" property. Please use the "onLoad" property instead. @ webpack-internal:///(app-pages-browser)/./node_modules/.pnpm/next@14.2.30_@babel+core@7._9960d4ec3ace0dc381872aaaee443d1f/node_modules/next/dist/shared/lib/utils/warn-once.js:15
[  159486ms] [LOG] [Fast Refresh] rebuilding @ webpack-internal:///(app-pages-browser)/./node_modules/.pnpm/next@14.2.30_@babel+core@7._9960d4ec3ace0dc381872aaaee443d1f/node_modules/next/dist/client/components/react-dev-overlay/app/hot-reloader-client.js:186
[  160028ms] [LOG] [Fast Refresh] done in 541ms @ webpack-internal:///(app-pages-browser)/./node_modules/.pnpm/next@14.2.30_@babel+core@7._9960d4ec3ace0dc381872aaaee443d1f/node_modules/next/dist/client/components/react-dev-overlay/app/hot-reloader-client.js:43
[  160366ms] [LOG] %c ArtPlayer %c 5.2.3 %c https://artplayer.org color: #fff; background: #5f5f5f color: #fff; background: #4bc729  @ webpack-internal:///(app-pages-browser)/./node_modules/.pnpm/artplayer@5.2.3/node_modules/artplayer/dist/artplayer.js:8
[  163669ms] [LOG] mdzy 16302 @ webpack-internal:///(app-pages-browser)/./src/app/play/page.tsx:593
[  164713ms] [LOG] https://play.modujx13.com/20240721/PmYCNEBT/index.m3u8 @ webpack-internal:///(app-pages-browser)/./src/app/play/page.tsx:1017
[  165464ms] [ERROR] HLS Error: hlsError {type: networkError, details: manifestLoadError, fatal: true, url: https://play.modujx13.com/20240721/PmYCNEBT/index.m3u8, loader: CustomHlsJsLoader} @ webpack-internal:///(app-pages-browser)/./node_modules/.pnpm/next@14.2.30_@babel+core@7._9960d4ec3ace0dc381872aaaee443d1f/node_modules/next/dist/client/app-index.js:32
[  165464ms] [LOG] 网络错误，尝试恢复... @ webpack-internal:///(app-pages-browser)/./src/app/play/page.tsx:1126
[  165464ms] [ERROR] Failed to load resource: net::ERR_CONNECTION_CLOSED @ https://play.modujx13.com/20240721/PmYCNEBT/index.m3u8:0
[  178468ms] [LOG] [Fast Refresh] rebuilding @ webpack-internal:///(app-pages-browser)/./node_modules/.pnpm/next@14.2.30_@babel+core@7._9960d4ec3ace0dc381872aaaee443d1f/node_modules/next/dist/client/components/react-dev-overlay/app/hot-reloader-client.js:186
[  178856ms] [LOG] https://play.modujx13.com/20240721/PmYCNEBT/index.m3u8 @ webpack-internal:///(app-pages-browser)/./src/app/play/page.tsx:1017
[  178857ms] [LOG] [Fast Refresh] done in 389ms @ webpack-internal:///(app-pages-browser)/./node_modules/.pnpm/next@14.2.30_@babel+core@7._9960d4ec3ace0dc381872aaaee443d1f/node_modules/next/dist/client/components/react-dev-overlay/app/hot-reloader-client.js:43
[  178876ms] [LOG] mdzy 16302 @ webpack-internal:///(app-pages-browser)/./src/app/play/page.tsx:593
[  179298ms] [ERROR] HLS Error: hlsError {type: networkError, details: manifestLoadError, fatal: true, url: https://play.modujx13.com/20240721/PmYCNEBT/index.m3u8, loader: CustomHlsJsLoader} @ webpack-internal:///(app-pages-browser)/./node_modules/.pnpm/next@14.2.30_@babel+core@7._9960d4ec3ace0dc381872aaaee443d1f/node_modules/next/dist/client/app-index.js:32
[  179299ms] [ERROR] Failed to load resource: net::ERR_CONNECTION_CLOSED @ https://play.modujx13.com/20240721/PmYCNEBT/index.m3u8:0
[  179304ms] Event
[  179888ms] [LOG] https://play.modujx13.com/20240721/PmYCNEBT/index.m3u8 @ webpack-internal:///(app-pages-browser)/./src/app/play/page.tsx:1017
[  180097ms] [ERROR] HLS Error: hlsError {type: networkError, details: manifestLoadError, fatal: true, url: https://play.modujx13.com/20240721/PmYCNEBT/index.m3u8, loader: CustomHlsJsLoader} @ webpack-internal:///(app-pages-browser)/./node_modules/.pnpm/next@14.2.30_@babel+core@7._9960d4ec3ace0dc381872aaaee443d1f/node_modules/next/dist/client/app-index.js:32
[  180097ms] [ERROR] Failed to load resource: net::ERR_CONNECTION_CLOSED @ https://play.modujx13.com/20240721/PmYCNEBT/index.m3u8:0
[  180100ms] Event
[  180304ms] [ERROR] 播放器错误: Event @ webpack-internal:///(app-pages-browser)/./node_modules/.pnpm/next@14.2.30_@babel+core@7._9960d4ec3ace0dc381872aaaee443d1f/node_modules/next/dist/client/app-index.js:32
[  180707ms] [ERROR] HLS Error: hlsError {type: networkError, details: manifestLoadError, fatal: true, url: https://play.modujx13.com/20240721/PmYCNEBT/index.m3u8, loader: CustomHlsJsLoader} @ webpack-internal:///(app-pages-browser)/./node_modules/.pnpm/next@14.2.30_@babel+core@7._9960d4ec3ace0dc381872aaaee443d1f/node_modules/next/dist/client/app-index.js:32
[  180708ms] [ERROR] Failed to load resource: net::ERR_CONNECTION_CLOSED @ https://play.modujx13.com/20240721/PmYCNEBT/index.m3u8:0
[  181102ms] [ERROR] 播放器错误: Event @ webpack-internal:///(app-pages-browser)/./node_modules/.pnpm/next@14.2.30_@babel+core@7._9960d4ec3ace0dc381872aaaee443d1f/node_modules/next/dist/client/app-index.js:32
[  181237ms] [ERROR] HLS Error: hlsError {type: networkError, details: manifestLoadError, fatal: true, url: https://play.modujx13.com/20240721/PmYCNEBT/index.m3u8, loader: CustomHlsJsLoader} @ webpack-internal:///(app-pages-browser)/./node_modules/.pnpm/next@14.2.30_@babel+core@7._9960d4ec3ace0dc381872aaaee443d1f/node_modules/next/dist/client/app-index.js:32
[  181238ms] [ERROR] Failed to load resource: net::ERR_CONNECTION_CLOSED @ https://play.modujx13.com/20240721/PmYCNEBT/index.m3u8:0
[  181714ms] [ERROR] 播放器错误: Event @ webpack-internal:///(app-pages-browser)/./node_modules/.pnpm/next@14.2.30_@babel+core@7._9960d4ec3ace0dc381872aaaee443d1f/node_modules/next/dist/client/app-index.js:32
[  181847ms] [ERROR] HLS Error: hlsError {type: networkError, details: manifestLoadError, fatal: true, url: https://play.modujx13.com/20240721/PmYCNEBT/index.m3u8, loader: CustomHlsJsLoader} @ webpack-internal:///(app-pages-browser)/./node_modules/.pnpm/next@14.2.30_@babel+core@7._9960d4ec3ace0dc381872aaaee443d1f/node_modules/next/dist/client/app-index.js:32
[  181848ms] [ERROR] Failed to load resource: net::ERR_CONNECTION_CLOSED @ https://play.modujx13.com/20240721/PmYCNEBT/index.m3u8:0
[  182243ms] [ERROR] 播放器错误: Event @ webpack-internal:///(app-pages-browser)/./node_modules/.pnpm/next@14.2.30_@babel+core@7._9960d4ec3ace0dc381872aaaee443d1f/node_modules/next/dist/client/app-index.js:32
[  182379ms] [ERROR] HLS Error: hlsError {type: networkError, details: manifestLoadError, fatal: true, url: https://play.modujx13.com/20240721/PmYCNEBT/index.m3u8, loader: CustomHlsJsLoader} @ webpack-internal:///(app-pages-browser)/./node_modules/.pnpm/next@14.2.30_@babel+core@7._9960d4ec3ace0dc381872aaaee443d1f/node_modules/next/dist/client/app-index.js:32
[  182379ms] [ERROR] Failed to load resource: net::ERR_CONNECTION_CLOSED @ https://play.modujx13.com/20240721/PmYCNEBT/index.m3u8:0
[  182852ms] [ERROR] 播放器错误: Event @ webpack-internal:///(app-pages-browser)/./node_modules/.pnpm/next@14.2.30_@babel+core@7._9960d4ec3ace0dc381872aaaee443d1f/node_modules/next/dist/client/app-index.js:32
[  182986ms] [ERROR] HLS Error: hlsError {type: networkError, details: manifestLoadError, fatal: true, url: https://play.modujx13.com/20240721/PmYCNEBT/index.m3u8, loader: CustomHlsJsLoader} @ webpack-internal:///(app-pages-browser)/./node_modules/.pnpm/next@14.2.30_@babel+core@7._9960d4ec3ace0dc381872aaaee443d1f/node_modules/next/dist/client/app-index.js:32
[  182987ms] [ERROR] Failed to load resource: net::ERR_CONNECTION_CLOSED @ https://play.modujx13.com/20240721/PmYCNEBT/index.m3u8:0
[  183384ms] [ERROR] 播放器错误: Event @ webpack-internal:///(app-pages-browser)/./node_modules/.pnpm/next@14.2.30_@babel+core@7._9960d4ec3ace0dc381872aaaee443d1f/node_modules/next/dist/client/app-index.js:32
[  183524ms] [ERROR] HLS Error: hlsError {type: networkError, details: manifestLoadError, fatal: true, url: https://play.modujx13.com/20240721/PmYCNEBT/index.m3u8, loader: CustomHlsJsLoader} @ webpack-internal:///(app-pages-browser)/./node_modules/.pnpm/next@14.2.30_@babel+core@7._9960d4ec3ace0dc381872aaaee443d1f/node_modules/next/dist/client/app-index.js:32
[  183525ms] [ERROR] Failed to load resource: net::ERR_CONNECTION_CLOSED @ https://play.modujx13.com/20240721/PmYCNEBT/index.m3u8:0
[  194782ms] [ERROR] Failed to load resource: the server responded with a status of 500 (Internal Server Error) @ http://localhost:3000/api/image-proxy?url=https%3A%2F%2Fwww.imgzy360.com%3A7788%2Fupload%2Fvod%2F20240512-1%2Fe0fe5d19e898c893c9c6c285e603519d.jpg:0
[  211228ms] [LOG] [Fast Refresh] rebuilding @ webpack-internal:///(app-pages-browser)/./node_modules/.pnpm/next@14.2.30_@babel+core@7._9960d4ec3ace0dc381872aaaee443d1f/node_modules/next/dist/client/components/react-dev-overlay/app/hot-reloader-client.js:186
[  211826ms] [LOG] https://play.modujx13.com/20240721/PmYCNEBT/index.m3u8 @ webpack-internal:///(app-pages-browser)/./src/app/play/page.tsx:1017
[  211827ms] [LOG] [Fast Refresh] done in 599ms @ webpack-internal:///(app-pages-browser)/./node_modules/.pnpm/next@14.2.30_@babel+core@7._9960d4ec3ace0dc381872aaaee443d1f/node_modules/next/dist/client/components/react-dev-overlay/app/hot-reloader-client.js:43
[  211847ms] [LOG] mdzy 16302 @ webpack-internal:///(app-pages-browser)/./src/app/play/page.tsx:593
[  211975ms] [ERROR] HLS Error: hlsError {type: networkError, details: manifestLoadError, fatal: true, url: https://play.modujx13.com/20240721/PmYCNEBT/index.m3u8, loader: CustomHlsJsLoader} @ webpack-internal:///(app-pages-browser)/./node_modules/.pnpm/next@14.2.30_@babel+core@7._9960d4ec3ace0dc381872aaaee443d1f/node_modules/next/dist/client/app-index.js:32
[  211976ms] [ERROR] Failed to load resource: net::ERR_CONNECTION_CLOSED @ https://play.modujx13.com/20240721/PmYCNEBT/index.m3u8:0
[  211980ms] Event
[  212856ms] [LOG] https://play.modujx13.com/20240721/PmYCNEBT/index.m3u8 @ webpack-internal:///(app-pages-browser)/./src/app/play/page.tsx:1017
[  212995ms] [ERROR] HLS Error: hlsError {type: networkError, details: manifestLoadError, fatal: true, url: https://play.modujx13.com/20240721/PmYCNEBT/index.m3u8, loader: CustomHlsJsLoader} @ webpack-internal:///(app-pages-browser)/./node_modules/.pnpm/next@14.2.30_@babel+core@7._9960d4ec3ace0dc381872aaaee443d1f/node_modules/next/dist/client/app-index.js:32
[  212996ms] [ERROR] Failed to load resource: net::ERR_CONNECTION_CLOSED @ https://play.modujx13.com/20240721/PmYCNEBT/index.m3u8:0
[  212999ms] Event
