[     611ms] [INFO] %cDownload the React DevTools for a better development experience: https://reactjs.org/link/react-devtools font-weight:bold @ webpack-internal:///(app-pages-browser)/./node_modules/.pnpm/next@14.2.30_@babel+core@7._9960d4ec3ace0dc381872aaaee443d1f/node_modules/next/dist/compiled/react-dom/cjs/react-dom.development.js:38559
[     831ms] [WARNING] Image with src "/api/image-proxy?url=https%3A%2F%2Fimg3.doubanio.com%2Fview%2Fphoto%2Fs_ratio_poster%2Fpublic%2Fp2924183583.jpg" is using deprecated "onLoadingComplete" property. Please use the "onLoad" property instead. @ webpack-internal:///(app-pages-browser)/./node_modules/.pnpm/next@14.2.30_@babel+core@7._9960d4ec3ace0dc381872aaaee443d1f/node_modules/next/dist/shared/lib/utils/warn-once.js:15
[     833ms] [WARNING] Image with src "/api/image-proxy?url=https%3A%2F%2Fimg2.doubanio.com%2Fview%2Fphoto%2Fs_ratio_poster%2Fpublic%2Fp2929524191.jpg" is using deprecated "onLoadingComplete" property. Please use the "onLoad" property instead. @ webpack-internal:///(app-pages-browser)/./node_modules/.pnpm/next@14.2.30_@babel+core@7._9960d4ec3ace0dc381872aaaee443d1f/node_modules/next/dist/shared/lib/utils/warn-once.js:15
[     834ms] [WARNING] Image with src "/api/image-proxy?url=https%3A%2F%2Fimg3.doubanio.com%2Fview%2Fphoto%2Fs_ratio_poster%2Fpublic%2Fp2931424863.jpg" is using deprecated "onLoadingComplete" property. Please use the "onLoad" property instead. @ webpack-internal:///(app-pages-browser)/./node_modules/.pnpm/next@14.2.30_@babel+core@7._9960d4ec3ace0dc381872aaaee443d1f/node_modules/next/dist/shared/lib/utils/warn-once.js:15
[     835ms] [WARNING] Image with src "/api/image-proxy?url=https%3A%2F%2Fimg3.doubanio.com%2Fview%2Fphoto%2Fs_ratio_poster%2Fpublic%2Fp2930163687.jpg" is using deprecated "onLoadingComplete" property. Please use the "onLoad" property instead. @ webpack-internal:///(app-pages-browser)/./node_modules/.pnpm/next@14.2.30_@babel+core@7._9960d4ec3ace0dc381872aaaee443d1f/node_modules/next/dist/shared/lib/utils/warn-once.js:15
[     836ms] [WARNING] Image with src "/api/image-proxy?url=https%3A%2F%2Fimg1.doubanio.com%2Fview%2Fphoto%2Fs_ratio_poster%2Fpublic%2Fp2932377929.jpg" is using deprecated "onLoadingComplete" property. Please use the "onLoad" property instead. @ webpack-internal:///(app-pages-browser)/./node_modules/.pnpm/next@14.2.30_@babel+core@7._9960d4ec3ace0dc381872aaaee443d1f/node_modules/next/dist/shared/lib/utils/warn-once.js:15
[     837ms] [WARNING] Image with src "/api/image-proxy?url=https%3A%2F%2Fimg3.doubanio.com%2Fview%2Fphoto%2Fs_ratio_poster%2Fpublic%2Fp2932103692.jpg" is using deprecated "onLoadingComplete" property. Please use the "onLoad" property instead. @ webpack-internal:///(app-pages-browser)/./node_modules/.pnpm/next@14.2.30_@babel+core@7._9960d4ec3ace0dc381872aaaee443d1f/node_modules/next/dist/shared/lib/utils/warn-once.js:15
[     838ms] [WARNING] Image with src "/api/image-proxy?url=https%3A%2F%2Fimg9.doubanio.com%2Fview%2Fphoto%2Fs_ratio_poster%2Fpublic%2Fp2930019594.jpg" is using deprecated "onLoadingComplete" property. Please use the "onLoad" property instead. @ webpack-internal:///(app-pages-browser)/./node_modules/.pnpm/next@14.2.30_@babel+core@7._9960d4ec3ace0dc381872aaaee443d1f/node_modules/next/dist/shared/lib/utils/warn-once.js:15
[     839ms] [WARNING] Image with src "/api/image-proxy?url=https%3A%2F%2Fimg1.doubanio.com%2Fview%2Fphoto%2Fs_ratio_poster%2Fpublic%2Fp2930744969.jpg" is using deprecated "onLoadingComplete" property. Please use the "onLoad" property instead. @ webpack-internal:///(app-pages-browser)/./node_modules/.pnpm/next@14.2.30_@babel+core@7._9960d4ec3ace0dc381872aaaee443d1f/node_modules/next/dist/shared/lib/utils/warn-once.js:15
[     840ms] [WARNING] Image with src "/api/image-proxy?url=https%3A%2F%2Fimg3.doubanio.com%2Fview%2Fphoto%2Fs_ratio_poster%2Fpublic%2Fp2928787017.jpg" is using deprecated "onLoadingComplete" property. Please use the "onLoad" property instead. @ webpack-internal:///(app-pages-browser)/./node_modules/.pnpm/next@14.2.30_@babel+core@7._9960d4ec3ace0dc381872aaaee443d1f/node_modules/next/dist/shared/lib/utils/warn-once.js:15
[     840ms] [WARNING] Image with src "/api/image-proxy?url=https%3A%2F%2Fimg2.doubanio.com%2Fview%2Fphoto%2Fs_ratio_poster%2Fpublic%2Fp2926397741.jpg" is using deprecated "onLoadingComplete" property. Please use the "onLoad" property instead. @ webpack-internal:///(app-pages-browser)/./node_modules/.pnpm/next@14.2.30_@babel+core@7._9960d4ec3ace0dc381872aaaee443d1f/node_modules/next/dist/shared/lib/utils/warn-once.js:15
[     841ms] [WARNING] Image with src "/api/image-proxy?url=https%3A%2F%2Fimg3.doubanio.com%2Fview%2Fphoto%2Fs_ratio_poster%2Fpublic%2Fp2931370692.jpg" is using deprecated "onLoadingComplete" property. Please use the "onLoad" property instead. @ webpack-internal:///(app-pages-browser)/./node_modules/.pnpm/next@14.2.30_@babel+core@7._9960d4ec3ace0dc381872aaaee443d1f/node_modules/next/dist/shared/lib/utils/warn-once.js:15
[     842ms] [WARNING] Image with src "/api/image-proxy?url=https%3A%2F%2Fimg1.doubanio.com%2Fview%2Fphoto%2Fs_ratio_poster%2Fpublic%2Fp2928835899.jpg" is using deprecated "onLoadingComplete" property. Please use the "onLoad" property instead. @ webpack-internal:///(app-pages-browser)/./node_modules/.pnpm/next@14.2.30_@babel+core@7._9960d4ec3ace0dc381872aaaee443d1f/node_modules/next/dist/shared/lib/utils/warn-once.js:15
[     843ms] [WARNING] Image with src "/api/image-proxy?url=https%3A%2F%2Fimg9.doubanio.com%2Fview%2Fphoto%2Fs_ratio_poster%2Fpublic%2Fp2931205054.jpg" is using deprecated "onLoadingComplete" property. Please use the "onLoad" property instead. @ webpack-internal:///(app-pages-browser)/./node_modules/.pnpm/next@14.2.30_@babel+core@7._9960d4ec3ace0dc381872aaaee443d1f/node_modules/next/dist/shared/lib/utils/warn-once.js:15
[     843ms] [WARNING] Image with src "/api/image-proxy?url=https%3A%2F%2Fimg3.doubanio.com%2Fview%2Fphoto%2Fs_ratio_poster%2Fpublic%2Fp2931434593.jpg" is using deprecated "onLoadingComplete" property. Please use the "onLoad" property instead. @ webpack-internal:///(app-pages-browser)/./node_modules/.pnpm/next@14.2.30_@babel+core@7._9960d4ec3ace0dc381872aaaee443d1f/node_modules/next/dist/shared/lib/utils/warn-once.js:15
[     844ms] [WARNING] Image with src "/api/image-proxy?url=https%3A%2F%2Fimg3.doubanio.com%2Fview%2Fphoto%2Fs_ratio_poster%2Fpublic%2Fp2931974717.jpg" is using deprecated "onLoadingComplete" property. Please use the "onLoad" property instead. @ webpack-internal:///(app-pages-browser)/./node_modules/.pnpm/next@14.2.30_@babel+core@7._9960d4ec3ace0dc381872aaaee443d1f/node_modules/next/dist/shared/lib/utils/warn-once.js:15
[     845ms] [WARNING] Image with src "/api/image-proxy?url=https%3A%2F%2Fimg1.doubanio.com%2Fview%2Fphoto%2Fs_ratio_poster%2Fpublic%2Fp2930602730.jpg" is using deprecated "onLoadingComplete" property. Please use the "onLoad" property instead. @ webpack-internal:///(app-pages-browser)/./node_modules/.pnpm/next@14.2.30_@babel+core@7._9960d4ec3ace0dc381872aaaee443d1f/node_modules/next/dist/shared/lib/utils/warn-once.js:15
[     846ms] [WARNING] Image with src "/api/image-proxy?url=https%3A%2F%2Fimg3.doubanio.com%2Fview%2Fphoto%2Fs_ratio_poster%2Fpublic%2Fp2928835902.jpg" is using deprecated "onLoadingComplete" property. Please use the "onLoad" property instead. @ webpack-internal:///(app-pages-browser)/./node_modules/.pnpm/next@14.2.30_@babel+core@7._9960d4ec3ace0dc381872aaaee443d1f/node_modules/next/dist/shared/lib/utils/warn-once.js:15
[     847ms] [WARNING] Image with src "/api/image-proxy?url=https%3A%2F%2Fimg1.doubanio.com%2Fview%2Fphoto%2Fs_ratio_poster%2Fpublic%2Fp2927082318.jpg" is using deprecated "onLoadingComplete" property. Please use the "onLoad" property instead. @ webpack-internal:///(app-pages-browser)/./node_modules/.pnpm/next@14.2.30_@babel+core@7._9960d4ec3ace0dc381872aaaee443d1f/node_modules/next/dist/shared/lib/utils/warn-once.js:15
[     847ms] [WARNING] Image with src "/api/image-proxy?url=https%3A%2F%2Fimg3.doubanio.com%2Fview%2Fphoto%2Fs_ratio_poster%2Fpublic%2Fp2929654337.jpg" is using deprecated "onLoadingComplete" property. Please use the "onLoad" property instead. @ webpack-internal:///(app-pages-browser)/./node_modules/.pnpm/next@14.2.30_@babel+core@7._9960d4ec3ace0dc381872aaaee443d1f/node_modules/next/dist/shared/lib/utils/warn-once.js:15
[     848ms] [WARNING] Image with src "/api/image-proxy?url=https%3A%2F%2Fimg9.doubanio.com%2Fview%2Fphoto%2Fs_ratio_poster%2Fpublic%2Fp2929427346.jpg" is using deprecated "onLoadingComplete" property. Please use the "onLoad" property instead. @ webpack-internal:///(app-pages-browser)/./node_modules/.pnpm/next@14.2.30_@babel+core@7._9960d4ec3ace0dc381872aaaee443d1f/node_modules/next/dist/shared/lib/utils/warn-once.js:15
[     849ms] [WARNING] Image with src "/api/image-proxy?url=https%3A%2F%2Fimg2.doubanio.com%2Fview%2Fphoto%2Fs_ratio_poster%2Fpublic%2Fp2932320661.jpg" is using deprecated "onLoadingComplete" property. Please use the "onLoad" property instead. @ webpack-internal:///(app-pages-browser)/./node_modules/.pnpm/next@14.2.30_@babel+core@7._9960d4ec3ace0dc381872aaaee443d1f/node_modules/next/dist/shared/lib/utils/warn-once.js:15
[     850ms] [WARNING] Image with src "/api/image-proxy?url=https%3A%2F%2Fimg1.doubanio.com%2Fview%2Fphoto%2Fs_ratio_poster%2Fpublic%2Fp2930448310.jpg" is using deprecated "onLoadingComplete" property. Please use the "onLoad" property instead. @ webpack-internal:///(app-pages-browser)/./node_modules/.pnpm/next@14.2.30_@babel+core@7._9960d4ec3ace0dc381872aaaee443d1f/node_modules/next/dist/shared/lib/utils/warn-once.js:15
[     851ms] [WARNING] Image with src "/api/image-proxy?url=https%3A%2F%2Fimg3.doubanio.com%2Fview%2Fphoto%2Fs_ratio_poster%2Fpublic%2Fp2932040107.jpg" is using deprecated "onLoadingComplete" property. Please use the "onLoad" property instead. @ webpack-internal:///(app-pages-browser)/./node_modules/.pnpm/next@14.2.30_@babel+core@7._9960d4ec3ace0dc381872aaaee443d1f/node_modules/next/dist/shared/lib/utils/warn-once.js:15
[     851ms] [WARNING] Image with src "/api/image-proxy?url=https%3A%2F%2Fimg1.doubanio.com%2Fview%2Fphoto%2Fs_ratio_poster%2Fpublic%2Fp2932378070.jpg" is using deprecated "onLoadingComplete" property. Please use the "onLoad" property instead. @ webpack-internal:///(app-pages-browser)/./node_modules/.pnpm/next@14.2.30_@babel+core@7._9960d4ec3ace0dc381872aaaee443d1f/node_modules/next/dist/shared/lib/utils/warn-once.js:15
[     852ms] [WARNING] Image with src "/api/image-proxy?url=https%3A%2F%2Fimg3.doubanio.com%2Fview%2Fphoto%2Fs_ratio_poster%2Fpublic%2Fp2932204747.jpg" is using deprecated "onLoadingComplete" property. Please use the "onLoad" property instead. @ webpack-internal:///(app-pages-browser)/./node_modules/.pnpm/next@14.2.30_@babel+core@7._9960d4ec3ace0dc381872aaaee443d1f/node_modules/next/dist/shared/lib/utils/warn-once.js:15
[     853ms] [WARNING] Image with src "/api/image-proxy?url=https%3A%2F%2Fimg9.doubanio.com%2Fview%2Fphoto%2Fs_ratio_poster%2Fpublic%2Fp2931782015.jpg" is using deprecated "onLoadingComplete" property. Please use the "onLoad" property instead. @ webpack-internal:///(app-pages-browser)/./node_modules/.pnpm/next@14.2.30_@babel+core@7._9960d4ec3ace0dc381872aaaee443d1f/node_modules/next/dist/shared/lib/utils/warn-once.js:15
[     854ms] [WARNING] Image with src "/api/image-proxy?url=https%3A%2F%2Fimg9.doubanio.com%2Fview%2Fphoto%2Fs_ratio_poster%2Fpublic%2Fp2932006694.jpg" is using deprecated "onLoadingComplete" property. Please use the "onLoad" property instead. @ webpack-internal:///(app-pages-browser)/./node_modules/.pnpm/next@14.2.30_@babel+core@7._9960d4ec3ace0dc381872aaaee443d1f/node_modules/next/dist/shared/lib/utils/warn-once.js:15
[     855ms] [WARNING] Image with src "/api/image-proxy?url=https%3A%2F%2Fimg9.doubanio.com%2Fview%2Fphoto%2Fs_ratio_poster%2Fpublic%2Fp2931979616.jpg" is using deprecated "onLoadingComplete" property. Please use the "onLoad" property instead. @ webpack-internal:///(app-pages-browser)/./node_modules/.pnpm/next@14.2.30_@babel+core@7._9960d4ec3ace0dc381872aaaee443d1f/node_modules/next/dist/shared/lib/utils/warn-once.js:15
[     855ms] [WARNING] Image with src "/api/image-proxy?url=https%3A%2F%2Fimg1.doubanio.com%2Fview%2Fphoto%2Fs_ratio_poster%2Fpublic%2Fp2930570129.jpg" is using deprecated "onLoadingComplete" property. Please use the "onLoad" property instead. @ webpack-internal:///(app-pages-browser)/./node_modules/.pnpm/next@14.2.30_@babel+core@7._9960d4ec3ace0dc381872aaaee443d1f/node_modules/next/dist/shared/lib/utils/warn-once.js:15
[     856ms] [WARNING] Image with src "/api/image-proxy?url=https%3A%2F%2Fimg1.doubanio.com%2Fview%2Fphoto%2Fs_ratio_poster%2Fpublic%2Fp2932349208.jpg" is using deprecated "onLoadingComplete" property. Please use the "onLoad" property instead. @ webpack-internal:///(app-pages-browser)/./node_modules/.pnpm/next@14.2.30_@babel+core@7._9960d4ec3ace0dc381872aaaee443d1f/node_modules/next/dist/shared/lib/utils/warn-once.js:15
[     856ms] [WARNING] Image with src "/api/image-proxy?url=https%3A%2F%2Fimg9.doubanio.com%2Fview%2Fphoto%2Fs_ratio_poster%2Fpublic%2Fp2931959124.jpg" is using deprecated "onLoadingComplete" property. Please use the "onLoad" property instead. @ webpack-internal:///(app-pages-browser)/./node_modules/.pnpm/next@14.2.30_@babel+core@7._9960d4ec3ace0dc381872aaaee443d1f/node_modules/next/dist/shared/lib/utils/warn-once.js:15
[     857ms] [WARNING] Image with src "/api/image-proxy?url=https%3A%2F%2Fimg9.doubanio.com%2Fview%2Fphoto%2Fs_ratio_poster%2Fpublic%2Fp2931715776.jpg" is using deprecated "onLoadingComplete" property. Please use the "onLoad" property instead. @ webpack-internal:///(app-pages-browser)/./node_modules/.pnpm/next@14.2.30_@babel+core@7._9960d4ec3ace0dc381872aaaee443d1f/node_modules/next/dist/shared/lib/utils/warn-once.js:15
[     858ms] [WARNING] Image with src "/api/image-proxy?url=https%3A%2F%2Fimg9.doubanio.com%2Fview%2Fphoto%2Fs_ratio_poster%2Fpublic%2Fp2931001014.jpg" is using deprecated "onLoadingComplete" property. Please use the "onLoad" property instead. @ webpack-internal:///(app-pages-browser)/./node_modules/.pnpm/next@14.2.30_@babel+core@7._9960d4ec3ace0dc381872aaaee443d1f/node_modules/next/dist/shared/lib/utils/warn-once.js:15
[     858ms] [WARNING] Image with src "/api/image-proxy?url=https%3A%2F%2Fimg9.doubanio.com%2Fview%2Fphoto%2Fs_ratio_poster%2Fpublic%2Fp2931885934.jpg" is using deprecated "onLoadingComplete" property. Please use the "onLoad" property instead. @ webpack-internal:///(app-pages-browser)/./node_modules/.pnpm/next@14.2.30_@babel+core@7._9960d4ec3ace0dc381872aaaee443d1f/node_modules/next/dist/shared/lib/utils/warn-once.js:15
[     859ms] [WARNING] Image with src "/api/image-proxy?url=https%3A%2F%2Fimg9.doubanio.com%2Fview%2Fphoto%2Fs_ratio_poster%2Fpublic%2Fp2931975335.jpg" is using deprecated "onLoadingComplete" property. Please use the "onLoad" property instead. @ webpack-internal:///(app-pages-browser)/./node_modules/.pnpm/next@14.2.30_@babel+core@7._9960d4ec3ace0dc381872aaaee443d1f/node_modules/next/dist/shared/lib/utils/warn-once.js:15
[     859ms] [WARNING] Image with src "/api/image-proxy?url=https%3A%2F%2Fimg3.doubanio.com%2Fview%2Fphoto%2Fs_ratio_poster%2Fpublic%2Fp2920718637.jpg" is using deprecated "onLoadingComplete" property. Please use the "onLoad" property instead. @ webpack-internal:///(app-pages-browser)/./node_modules/.pnpm/next@14.2.30_@babel+core@7._9960d4ec3ace0dc381872aaaee443d1f/node_modules/next/dist/shared/lib/utils/warn-once.js:15
[     860ms] [WARNING] Image with src "/api/image-proxy?url=https%3A%2F%2Fimg1.doubanio.com%2Fview%2Fphoto%2Fs_ratio_poster%2Fpublic%2Fp2931577269.jpg" is using deprecated "onLoadingComplete" property. Please use the "onLoad" property instead. @ webpack-internal:///(app-pages-browser)/./node_modules/.pnpm/next@14.2.30_@babel+core@7._9960d4ec3ace0dc381872aaaee443d1f/node_modules/next/dist/shared/lib/utils/warn-once.js:15
[     860ms] [WARNING] Image with src "/api/image-proxy?url=https%3A%2F%2Fimg9.doubanio.com%2Fview%2Fphoto%2Fs_ratio_poster%2Fpublic%2Fp2931068376.jpg" is using deprecated "onLoadingComplete" property. Please use the "onLoad" property instead. @ webpack-internal:///(app-pages-browser)/./node_modules/.pnpm/next@14.2.30_@babel+core@7._9960d4ec3ace0dc381872aaaee443d1f/node_modules/next/dist/shared/lib/utils/warn-once.js:15
[     861ms] [WARNING] Image with src "/api/image-proxy?url=https%3A%2F%2Fimg2.doubanio.com%2Fview%2Fphoto%2Fs_ratio_poster%2Fpublic%2Fp2930974521.jpg" is using deprecated "onLoadingComplete" property. Please use the "onLoad" property instead. @ webpack-internal:///(app-pages-browser)/./node_modules/.pnpm/next@14.2.30_@babel+core@7._9960d4ec3ace0dc381872aaaee443d1f/node_modules/next/dist/shared/lib/utils/warn-once.js:15
[     861ms] [WARNING] Image with src "/api/image-proxy?url=https%3A%2F%2Fimg1.doubanio.com%2Fview%2Fphoto%2Fs_ratio_poster%2Fpublic%2Fp2931623328.jpg" is using deprecated "onLoadingComplete" property. Please use the "onLoad" property instead. @ webpack-internal:///(app-pages-browser)/./node_modules/.pnpm/next@14.2.30_@babel+core@7._9960d4ec3ace0dc381872aaaee443d1f/node_modules/next/dist/shared/lib/utils/warn-once.js:15
[     862ms] [WARNING] Image with src "/api/image-proxy?url=https%3A%2F%2Fimg9.doubanio.com%2Fview%2Fphoto%2Fs_ratio_poster%2Fpublic%2Fp2932412176.jpg" is using deprecated "onLoadingComplete" property. Please use the "onLoad" property instead. @ webpack-internal:///(app-pages-browser)/./node_modules/.pnpm/next@14.2.30_@babel+core@7._9960d4ec3ace0dc381872aaaee443d1f/node_modules/next/dist/shared/lib/utils/warn-once.js:15
[     863ms] [WARNING] Image with src "/api/image-proxy?url=https%3A%2F%2Fimg1.doubanio.com%2Fview%2Fphoto%2Fs_ratio_poster%2Fpublic%2Fp2931284369.jpg" is using deprecated "onLoadingComplete" property. Please use the "onLoad" property instead. @ webpack-internal:///(app-pages-browser)/./node_modules/.pnpm/next@14.2.30_@babel+core@7._9960d4ec3ace0dc381872aaaee443d1f/node_modules/next/dist/shared/lib/utils/warn-once.js:15
[     863ms] [WARNING] Image with src "/api/image-proxy?url=https%3A%2F%2Fimg3.doubanio.com%2Fview%2Fphoto%2Fs_ratio_poster%2Fpublic%2Fp2931631392.jpg" is using deprecated "onLoadingComplete" property. Please use the "onLoad" property instead. @ webpack-internal:///(app-pages-browser)/./node_modules/.pnpm/next@14.2.30_@babel+core@7._9960d4ec3ace0dc381872aaaee443d1f/node_modules/next/dist/shared/lib/utils/warn-once.js:15
[     864ms] [WARNING] Image with src "/api/image-proxy?url=https%3A%2F%2Fimg3.doubanio.com%2Fview%2Fphoto%2Fs_ratio_poster%2Fpublic%2Fp2929826097.jpg" is using deprecated "onLoadingComplete" property. Please use the "onLoad" property instead. @ webpack-internal:///(app-pages-browser)/./node_modules/.pnpm/next@14.2.30_@babel+core@7._9960d4ec3ace0dc381872aaaee443d1f/node_modules/next/dist/shared/lib/utils/warn-once.js:15
[     864ms] [WARNING] Image with src "/api/image-proxy?url=https%3A%2F%2Fimg3.doubanio.com%2Fview%2Fphoto%2Fs_ratio_poster%2Fpublic%2Fp2932540462.jpg" is using deprecated "onLoadingComplete" property. Please use the "onLoad" property instead. @ webpack-internal:///(app-pages-browser)/./node_modules/.pnpm/next@14.2.30_@babel+core@7._9960d4ec3ace0dc381872aaaee443d1f/node_modules/next/dist/shared/lib/utils/warn-once.js:15
[     865ms] [WARNING] Image with src "/api/image-proxy?url=https%3A%2F%2Fimg1.doubanio.com%2Fview%2Fphoto%2Fs_ratio_poster%2Fpublic%2Fp2932210378.jpg" is using deprecated "onLoadingComplete" property. Please use the "onLoad" property instead. @ webpack-internal:///(app-pages-browser)/./node_modules/.pnpm/next@14.2.30_@babel+core@7._9960d4ec3ace0dc381872aaaee443d1f/node_modules/next/dist/shared/lib/utils/warn-once.js:15
[     865ms] [WARNING] Image with src "/api/image-proxy?url=https%3A%2F%2Fimg3.doubanio.com%2Fview%2Fphoto%2Fs_ratio_poster%2Fpublic%2Fp2931362137.jpg" is using deprecated "onLoadingComplete" property. Please use the "onLoad" property instead. @ webpack-internal:///(app-pages-browser)/./node_modules/.pnpm/next@14.2.30_@babel+core@7._9960d4ec3ace0dc381872aaaee443d1f/node_modules/next/dist/shared/lib/utils/warn-once.js:15
[     866ms] [WARNING] Image with src "/api/image-proxy?url=https%3A%2F%2Fimg1.doubanio.com%2Fview%2Fphoto%2Fs_ratio_poster%2Fpublic%2Fp2930917898.jpg" is using deprecated "onLoadingComplete" property. Please use the "onLoad" property instead. @ webpack-internal:///(app-pages-browser)/./node_modules/.pnpm/next@14.2.30_@babel+core@7._9960d4ec3ace0dc381872aaaee443d1f/node_modules/next/dist/shared/lib/utils/warn-once.js:15
[     866ms] [WARNING] Image with src "/api/image-proxy?url=https%3A%2F%2Fimg1.doubanio.com%2Fview%2Fphoto%2Fs_ratio_poster%2Fpublic%2Fp2931487790.jpg" is using deprecated "onLoadingComplete" property. Please use the "onLoad" property instead. @ webpack-internal:///(app-pages-browser)/./node_modules/.pnpm/next@14.2.30_@babel+core@7._9960d4ec3ace0dc381872aaaee443d1f/node_modules/next/dist/shared/lib/utils/warn-once.js:15
[     867ms] [WARNING] Image with src "/api/image-proxy?url=https%3A%2F%2Fimg1.doubanio.com%2Fview%2Fphoto%2Fs_ratio_poster%2Fpublic%2Fp2932240888.jpg" is using deprecated "onLoadingComplete" property. Please use the "onLoad" property instead. @ webpack-internal:///(app-pages-browser)/./node_modules/.pnpm/next@14.2.30_@babel+core@7._9960d4ec3ace0dc381872aaaee443d1f/node_modules/next/dist/shared/lib/utils/warn-once.js:15
[     867ms] [WARNING] Image with src "/api/image-proxy?url=https%3A%2F%2Fimg9.doubanio.com%2Fview%2Fphoto%2Fs_ratio_poster%2Fpublic%2Fp2931360954.jpg" is using deprecated "onLoadingComplete" property. Please use the "onLoad" property instead. @ webpack-internal:///(app-pages-browser)/./node_modules/.pnpm/next@14.2.30_@babel+core@7._9960d4ec3ace0dc381872aaaee443d1f/node_modules/next/dist/shared/lib/utils/warn-once.js:15
[     867ms] [WARNING] Image with src "/api/image-proxy?url=https%3A%2F%2Fimg9.doubanio.com%2Fview%2Fphoto%2Fs_ratio_poster%2Fpublic%2Fp2932611656.jpg" is using deprecated "onLoadingComplete" property. Please use the "onLoad" property instead. @ webpack-internal:///(app-pages-browser)/./node_modules/.pnpm/next@14.2.30_@babel+core@7._9960d4ec3ace0dc381872aaaee443d1f/node_modules/next/dist/shared/lib/utils/warn-once.js:15
[     868ms] [WARNING] Image with src "/api/image-proxy?url=https%3A%2F%2Fimg3.doubanio.com%2Fview%2Fphoto%2Fs_ratio_poster%2Fpublic%2Fp2931471953.jpg" is using deprecated "onLoadingComplete" property. Please use the "onLoad" property instead. @ webpack-internal:///(app-pages-browser)/./node_modules/.pnpm/next@14.2.30_@babel+core@7._9960d4ec3ace0dc381872aaaee443d1f/node_modules/next/dist/shared/lib/utils/warn-once.js:15
[     868ms] [WARNING] Image with src "/api/image-proxy?url=https%3A%2F%2Fimg3.doubanio.com%2Fview%2Fphoto%2Fs_ratio_poster%2Fpublic%2Fp2929200417.jpg" is using deprecated "onLoadingComplete" property. Please use the "onLoad" property instead. @ webpack-internal:///(app-pages-browser)/./node_modules/.pnpm/next@14.2.30_@babel+core@7._9960d4ec3ace0dc381872aaaee443d1f/node_modules/next/dist/shared/lib/utils/warn-once.js:15
[     869ms] [WARNING] Image with src "/api/image-proxy?url=https%3A%2F%2Fimg1.doubanio.com%2Fview%2Fphoto%2Fs_ratio_poster%2Fpublic%2Fp2931579029.jpg" is using deprecated "onLoadingComplete" property. Please use the "onLoad" property instead. @ webpack-internal:///(app-pages-browser)/./node_modules/.pnpm/next@14.2.30_@babel+core@7._9960d4ec3ace0dc381872aaaee443d1f/node_modules/next/dist/shared/lib/utils/warn-once.js:15
[     870ms] [WARNING] Image with src "/api/image-proxy?url=https%3A%2F%2Fimg1.doubanio.com%2Fview%2Fphoto%2Fs_ratio_poster%2Fpublic%2Fp2929613288.jpg" is using deprecated "onLoadingComplete" property. Please use the "onLoad" property instead. @ webpack-internal:///(app-pages-browser)/./node_modules/.pnpm/next@14.2.30_@babel+core@7._9960d4ec3ace0dc381872aaaee443d1f/node_modules/next/dist/shared/lib/utils/warn-once.js:15
[     870ms] [WARNING] Image with src "/api/image-proxy?url=https%3A%2F%2Fimg3.doubanio.com%2Fview%2Fphoto%2Fs_ratio_poster%2Fpublic%2Fp2929827733.jpg" is using deprecated "onLoadingComplete" property. Please use the "onLoad" property instead. @ webpack-internal:///(app-pages-browser)/./node_modules/.pnpm/next@14.2.30_@babel+core@7._9960d4ec3ace0dc381872aaaee443d1f/node_modules/next/dist/shared/lib/utils/warn-once.js:15
[     871ms] [WARNING] Image with src "/api/image-proxy?url=https%3A%2F%2Fimg3.doubanio.com%2Fview%2Fphoto%2Fs_ratio_poster%2Fpublic%2Fp2929886202.jpg" is using deprecated "onLoadingComplete" property. Please use the "onLoad" property instead. @ webpack-internal:///(app-pages-browser)/./node_modules/.pnpm/next@14.2.30_@babel+core@7._9960d4ec3ace0dc381872aaaee443d1f/node_modules/next/dist/shared/lib/utils/warn-once.js:15
[     871ms] [WARNING] Image with src "/api/image-proxy?url=https%3A%2F%2Fimg3.doubanio.com%2Fview%2Fphoto%2Fs_ratio_poster%2Fpublic%2Fp2928981302.jpg" is using deprecated "onLoadingComplete" property. Please use the "onLoad" property instead. @ webpack-internal:///(app-pages-browser)/./node_modules/.pnpm/next@14.2.30_@babel+core@7._9960d4ec3ace0dc381872aaaee443d1f/node_modules/next/dist/shared/lib/utils/warn-once.js:15
[     872ms] [WARNING] Image with src "/api/image-proxy?url=https%3A%2F%2Fimg3.doubanio.com%2Fview%2Fphoto%2Fs_ratio_poster%2Fpublic%2Fp2928771143.jpg" is using deprecated "onLoadingComplete" property. Please use the "onLoad" property instead. @ webpack-internal:///(app-pages-browser)/./node_modules/.pnpm/next@14.2.30_@babel+core@7._9960d4ec3ace0dc381872aaaee443d1f/node_modules/next/dist/shared/lib/utils/warn-once.js:15
[     947ms] [WARNING] Image with src "/api/image-proxy?url=https%3A%2F%2Fimg3.doubanio.com%2Fview%2Fphoto%2Fs_ratio_poster%2Fpublic%2Fp2924183583.jpg" was detected as the Largest Contentful Paint (LCP). Please add the "priority" property if this image is above the fold.
Read more: https://nextjs.org/docs/api-reference/next/image#priority @ webpack-internal:///(app-pages-browser)/./node_modules/.pnpm/next@14.2.30_@babel+core@7._9960d4ec3ace0dc381872aaaee443d1f/node_modules/next/dist/shared/lib/utils/warn-once.js:15
[   20669ms] [LOG] [Fast Refresh] rebuilding @ webpack-internal:///(app-pages-browser)/./node_modules/.pnpm/next@14.2.30_@babel+core@7._9960d4ec3ace0dc381872aaaee443d1f/node_modules/next/dist/client/components/react-dev-overlay/app/hot-reloader-client.js:186
[   21302ms] [LOG] [Fast Refresh] done in 633ms @ webpack-internal:///(app-pages-browser)/./node_modules/.pnpm/next@14.2.30_@babel+core@7._9960d4ec3ace0dc381872aaaee443d1f/node_modules/next/dist/client/components/react-dev-overlay/app/hot-reloader-client.js:43
[   22718ms] [WARNING] Image with src "/api/image-proxy?url=https%3A%2F%2Fimg3.doubanio.com%2Fview%2Fphoto%2Fs_ratio_poster%2Fpublic%2Fp2930745012.jpg" is using deprecated "onLoadingComplete" property. Please use the "onLoad" property instead. @ webpack-internal:///(app-pages-browser)/./node_modules/.pnpm/next@14.2.30_@babel+core@7._9960d4ec3ace0dc381872aaaee443d1f/node_modules/next/dist/shared/lib/utils/warn-once.js:15
[   22719ms] [WARNING] Image with src "/api/image-proxy?url=https%3A%2F%2Fimg3.doubanio.com%2Fview%2Fphoto%2Fs_ratio_poster%2Fpublic%2Fp2931629972.jpg" is using deprecated "onLoadingComplete" property. Please use the "onLoad" property instead. @ webpack-internal:///(app-pages-browser)/./node_modules/.pnpm/next@14.2.30_@babel+core@7._9960d4ec3ace0dc381872aaaee443d1f/node_modules/next/dist/shared/lib/utils/warn-once.js:15
[   22719ms] [WARNING] Image with src "/api/image-proxy?url=https%3A%2F%2Fimg1.doubanio.com%2Fview%2Fphoto%2Fs_ratio_poster%2Fpublic%2Fp2923847559.jpg" is using deprecated "onLoadingComplete" property. Please use the "onLoad" property instead. @ webpack-internal:///(app-pages-browser)/./node_modules/.pnpm/next@14.2.30_@babel+core@7._9960d4ec3ace0dc381872aaaee443d1f/node_modules/next/dist/shared/lib/utils/warn-once.js:15
[   22720ms] [WARNING] Image with src "/api/image-proxy?url=https%3A%2F%2Fimg9.doubanio.com%2Fview%2Fphoto%2Fs_ratio_poster%2Fpublic%2Fp2929977476.jpg" is using deprecated "onLoadingComplete" property. Please use the "onLoad" property instead. @ webpack-internal:///(app-pages-browser)/./node_modules/.pnpm/next@14.2.30_@babel+core@7._9960d4ec3ace0dc381872aaaee443d1f/node_modules/next/dist/shared/lib/utils/warn-once.js:15
[   22721ms] [WARNING] Image with src "/api/image-proxy?url=https%3A%2F%2Fimg3.doubanio.com%2Fview%2Fphoto%2Fs_ratio_poster%2Fpublic%2Fp2928975987.jpg" is using deprecated "onLoadingComplete" property. Please use the "onLoad" property instead. @ webpack-internal:///(app-pages-browser)/./node_modules/.pnpm/next@14.2.30_@babel+core@7._9960d4ec3ace0dc381872aaaee443d1f/node_modules/next/dist/shared/lib/utils/warn-once.js:15
[   45773ms] [LOG] [Fast Refresh] rebuilding @ webpack-internal:///(app-pages-browser)/./node_modules/.pnpm/next@14.2.30_@babel+core@7._9960d4ec3ace0dc381872aaaee443d1f/node_modules/next/dist/client/components/react-dev-overlay/app/hot-reloader-client.js:186
[   46543ms] [LOG] [Fast Refresh] done in 771ms @ webpack-internal:///(app-pages-browser)/./node_modules/.pnpm/next@14.2.30_@babel+core@7._9960d4ec3ace0dc381872aaaee443d1f/node_modules/next/dist/client/components/react-dev-overlay/app/hot-reloader-client.js:43
[   46872ms] [LOG] %c ArtPlayer %c 5.2.3 %c https://artplayer.org color: #fff; background: #5f5f5f color: #fff; background: #4bc729  @ webpack-internal:///(app-pages-browser)/./node_modules/.pnpm/artplayer@5.2.3/node_modules/artplayer/dist/artplayer.js:8
[   51347ms] [ERROR] Failed to load resource: the server responded with a status of 404 () @ https://svip.ryiplay18.com/20260424/5993_d0fb8f3c/index.m3u8:0
[   51582ms] [ERROR] Failed to load resource: the server responded with a status of 502 () @ https://vip.ffzy-play10.com/20260424/56832_9bd29079/index.m3u8:0
[   51628ms] [ERROR] Failed to load resource: the server responded with a status of 502 () @ https://vip.dytt-network.com/20260424/25181_78cc593b/index.m3u8:0
[   51911ms] [ERROR] Failed to load resource: net::ERR_CONNECTION_CLOSED @ https://vodcnd05.myqqdd.com/20260424/T2qUIOfu/index.m3u8:0
[   51912ms] [ERROR] HLS错误: {type: networkError, details: manifestLoadError, fatal: true, url: https://vodcnd05.myqqdd.com/20260424/T2qUIOfu/index.m3u8, loader: XhrLoader} @ webpack-internal:///(app-pages-browser)/./node_modules/.pnpm/next@14.2.30_@babel+core@7._9960d4ec3ace0dc381872aaaee443d1f/node_modules/next/dist/client/app-index.js:32
[   51913ms] [ERROR] Failed to load resource: net::ERR_CONNECTION_CLOSED @ https://vodcnd05.myqqdd.com/20260424/T2qUIOfu/index.m3u8:0
[   53597ms] [ERROR] Failed to load resource: net::ERR_CONNECTION_CLOSED @ https://play.modujx11.com/20260424/E2X0LuF2/index.m3u8:0
[   53599ms] [ERROR] HLS错误: {type: networkError, details: manifestLoadError, fatal: true, url: https://play.modujx11.com/20260424/E2X0LuF2/index.m3u8, loader: XhrLoader} @ webpack-internal:///(app-pages-browser)/./node_modules/.pnpm/next@14.2.30_@babel+core@7._9960d4ec3ace0dc381872aaaee443d1f/node_modules/next/dist/client/app-index.js:32
[   53600ms] [ERROR] Failed to load resource: net::ERR_CONNECTION_CLOSED @ https://play.modujx11.com/20260424/E2X0LuF2/index.m3u8:0
[   53932ms] [ERROR] Failed to load resource: the server responded with a status of 503 (Service Temporarily Unavailable) @ https://v2.zuidazym3u8.com/yyv2/202604/25/hE3DswuYCt19/video/index.m3u8:0
[   53937ms] [ERROR] Failed to load resource: the server responded with a status of 503 (Service Temporarily Unavailable) @ https://v7.ppqrrs.com/wjv7/202604/25/t3EiC9h91886/video/index.m3u8:0
[   56919ms] [LOG] 播放源评分排序结果: @ webpack-internal:///(app-pages-browser)/./src/app/play/page.tsx:225
[   56920ms] [LOG] 1. 暴风资源 - 评分: 86.10 (1080p, 260.7 KB/s, 1077ms) @ webpack-internal:///(app-pages-browser)/./src/app/play/page.tsx:227
[   56920ms] [LOG] 2. 如意资源 - 评分: 76.38 (1080p, 180.0 KB/s, 1036ms) @ webpack-internal:///(app-pages-browser)/./src/app/play/page.tsx:227
[   56920ms] [LOG] 3. 量子资源站 - 评分: 69.52 (1080p, 151.8 KB/s, 1075ms) @ webpack-internal:///(app-pages-browser)/./src/app/play/page.tsx:227
[   56920ms] [LOG] 4. 非凡影视 - 评分: 59.38 (1080p, 168.2 KB/s, 1270ms) @ webpack-internal:///(app-pages-browser)/./src/app/play/page.tsx:227
[   56920ms] [LOG] 5. 电影天堂资源 - 评分: 57.02 (1080p, 176.1 KB/s, 1325ms) @ webpack-internal:///(app-pages-browser)/./src/app/play/page.tsx:227
[   56920ms] [LOG] 6. 最大资源 - 评分: 56.18 (1080p, 40.3 KB/s, 1017ms) @ webpack-internal:///(app-pages-browser)/./src/app/play/page.tsx:227
[   56920ms] [LOG] bfzy 142321 @ webpack-internal:///(app-pages-browser)/./src/app/play/page.tsx:510
[   57954ms] [LOG] https://v10.baofeng10.com/video/shijiedezhuren/6eae28ff3fbb/index.m3u8 @ webpack-internal:///(app-pages-browser)/./src/app/play/page.tsx:927
[   58404ms] [ERROR] Failed to load resource: net::ERR_CONNECTION_CLOSED @ https://play.modujx11.com/20260424/E2X0LuF2/index.m3u8:0
[   58405ms] [ERROR] HLS错误: {type: networkError, details: manifestLoadError, fatal: true, url: https://play.modujx11.com/20260424/E2X0LuF2/index.m3u8, loader: XhrLoader} @ webpack-internal:///(app-pages-browser)/./node_modules/.pnpm/next@14.2.30_@babel+core@7._9960d4ec3ace0dc381872aaaee443d1f/node_modules/next/dist/client/app-index.js:32
[   58406ms] [ERROR] Failed to load resource: net::ERR_CONNECTION_CLOSED @ https://play.modujx11.com/20260424/E2X0LuF2/index.m3u8:0
[   58771ms] [ERROR] Failed to load resource: net::ERR_CONNECTION_CLOSED @ https://vodcnd05.myqqdd.com/20260424/T2qUIOfu/index.m3u8:0
[   58775ms] [ERROR] HLS错误: {type: networkError, details: manifestLoadError, fatal: true, url: https://vodcnd05.myqqdd.com/20260424/T2qUIOfu/index.m3u8, loader: XhrLoader} @ webpack-internal:///(app-pages-browser)/./node_modules/.pnpm/next@14.2.30_@babel+core@7._9960d4ec3ace0dc381872aaaee443d1f/node_modules/next/dist/client/app-index.js:32
[   58777ms] [ERROR] Failed to load resource: net::ERR_CONNECTION_CLOSED @ https://vodcnd05.myqqdd.com/20260424/T2qUIOfu/index.m3u8:0
[   63019ms] [LOG] 播放进度已保存: {title: 世界的主人, episode: 1, year: 2025, progress: 4/6890} @ webpack-internal:///(app-pages-browser)/./src/app/play/page.tsx:784
[   68065ms] [LOG] 播放进度已保存: {title: 世界的主人, episode: 1, year: 2025, progress: 9/6890} @ webpack-internal:///(app-pages-browser)/./src/app/play/page.tsx:784
[   73111ms] [LOG] 播放进度已保存: {title: 世界的主人, episode: 1, year: 2025, progress: 14/6890} @ webpack-internal:///(app-pages-browser)/./src/app/play/page.tsx:784
[   78158ms] [LOG] 播放进度已保存: {title: 世界的主人, episode: 1, year: 2025, progress: 19/6890} @ webpack-internal:///(app-pages-browser)/./src/app/play/page.tsx:784
[   83205ms] [LOG] 播放进度已保存: {title: 世界的主人, episode: 1, year: 2025, progress: 24/6890} @ webpack-internal:///(app-pages-browser)/./src/app/play/page.tsx:784
[   88253ms] [LOG] 播放进度已保存: {title: 世界的主人, episode: 1, year: 2025, progress: 29/6890} @ webpack-internal:///(app-pages-browser)/./src/app/play/page.tsx:784
[   93300ms] [LOG] 播放进度已保存: {title: 世界的主人, episode: 1, year: 2025, progress: 34/6890} @ webpack-internal:///(app-pages-browser)/./src/app/play/page.tsx:784
[   98346ms] [LOG] 播放进度已保存: {title: 世界的主人, episode: 1, year: 2025, progress: 40/6890} @ webpack-internal:///(app-pages-browser)/./src/app/play/page.tsx:784
[  103393ms] [LOG] 播放进度已保存: {title: 世界的主人, episode: 1, year: 2025, progress: 45/6890} @ webpack-internal:///(app-pages-browser)/./src/app/play/page.tsx:784
[  108439ms] [LOG] 播放进度已保存: {title: 世界的主人, episode: 1, year: 2025, progress: 50/6890} @ webpack-internal:///(app-pages-browser)/./src/app/play/page.tsx:784
[  113486ms] [LOG] 播放进度已保存: {title: 世界的主人, episode: 1, year: 2025, progress: 55/6890} @ webpack-internal:///(app-pages-browser)/./src/app/play/page.tsx:784
[  118533ms] [LOG] 播放进度已保存: {title: 世界的主人, episode: 1, year: 2025, progress: 60/6890} @ webpack-internal:///(app-pages-browser)/./src/app/play/page.tsx:784
[  123580ms] [LOG] 播放进度已保存: {title: 世界的主人, episode: 1, year: 2025, progress: 65/6890} @ webpack-internal:///(app-pages-browser)/./src/app/play/page.tsx:784
[  128627ms] [LOG] 播放进度已保存: {title: 世界的主人, episode: 1, year: 2025, progress: 70/6890} @ webpack-internal:///(app-pages-browser)/./src/app/play/page.tsx:784
[  133675ms] [LOG] 播放进度已保存: {title: 世界的主人, episode: 1, year: 2025, progress: 75/6890} @ webpack-internal:///(app-pages-browser)/./src/app/play/page.tsx:784
[  138722ms] [LOG] 播放进度已保存: {title: 世界的主人, episode: 1, year: 2025, progress: 80/6890} @ webpack-internal:///(app-pages-browser)/./src/app/play/page.tsx:784
[  143769ms] [LOG] 播放进度已保存: {title: 世界的主人, episode: 1, year: 2025, progress: 85/6890} @ webpack-internal:///(app-pages-browser)/./src/app/play/page.tsx:784
[  148814ms] [LOG] 播放进度已保存: {title: 世界的主人, episode: 1, year: 2025, progress: 90/6890} @ webpack-internal:///(app-pages-browser)/./src/app/play/page.tsx:784
[  153862ms] [LOG] 播放进度已保存: {title: 世界的主人, episode: 1, year: 2025, progress: 95/6890} @ webpack-internal:///(app-pages-browser)/./src/app/play/page.tsx:784
[  158908ms] [LOG] 播放进度已保存: {title: 世界的主人, episode: 1, year: 2025, progress: 100/6890} @ webpack-internal:///(app-pages-browser)/./src/app/play/page.tsx:784
[  163954ms] [LOG] 播放进度已保存: {title: 世界的主人, episode: 1, year: 2025, progress: 105/6890} @ webpack-internal:///(app-pages-browser)/./src/app/play/page.tsx:784
[  169002ms] [LOG] 播放进度已保存: {title: 世界的主人, episode: 1, year: 2025, progress: 110/6890} @ webpack-internal:///(app-pages-browser)/./src/app/play/page.tsx:784
[  174048ms] [LOG] 播放进度已保存: {title: 世界的主人, episode: 1, year: 2025, progress: 115/6890} @ webpack-internal:///(app-pages-browser)/./src/app/play/page.tsx:784
[  179095ms] [LOG] 播放进度已保存: {title: 世界的主人, episode: 1, year: 2025, progress: 120/6890} @ webpack-internal:///(app-pages-browser)/./src/app/play/page.tsx:784
[  184142ms] [LOG] 播放进度已保存: {title: 世界的主人, episode: 1, year: 2025, progress: 125/6890} @ webpack-internal:///(app-pages-browser)/./src/app/play/page.tsx:784
[  189190ms] [LOG] 播放进度已保存: {title: 世界的主人, episode: 1, year: 2025, progress: 130/6890} @ webpack-internal:///(app-pages-browser)/./src/app/play/page.tsx:784
[  194236ms] [LOG] 播放进度已保存: {title: 世界的主人, episode: 1, year: 2025, progress: 135/6890} @ webpack-internal:///(app-pages-browser)/./src/app/play/page.tsx:784
[  199283ms] [LOG] 播放进度已保存: {title: 世界的主人, episode: 1, year: 2025, progress: 140/6890} @ webpack-internal:///(app-pages-browser)/./src/app/play/page.tsx:784
[  204330ms] [LOG] 播放进度已保存: {title: 世界的主人, episode: 1, year: 2025, progress: 146/6890} @ webpack-internal:///(app-pages-browser)/./src/app/play/page.tsx:784
[  209378ms] [LOG] 播放进度已保存: {title: 世界的主人, episode: 1, year: 2025, progress: 151/6890} @ webpack-internal:///(app-pages-browser)/./src/app/play/page.tsx:784
[  214425ms] [LOG] 播放进度已保存: {title: 世界的主人, episode: 1, year: 2025, progress: 156/6890} @ webpack-internal:///(app-pages-browser)/./src/app/play/page.tsx:784
[  219472ms] [LOG] 播放进度已保存: {title: 世界的主人, episode: 1, year: 2025, progress: 161/6890} @ webpack-internal:///(app-pages-browser)/./src/app/play/page.tsx:784
[  224517ms] [LOG] 播放进度已保存: {title: 世界的主人, episode: 1, year: 2025, progress: 166/6890} @ webpack-internal:///(app-pages-browser)/./src/app/play/page.tsx:784
[  229564ms] [LOG] 播放进度已保存: {title: 世界的主人, episode: 1, year: 2025, progress: 171/6890} @ webpack-internal:///(app-pages-browser)/./src/app/play/page.tsx:784
[  234611ms] [LOG] 播放进度已保存: {title: 世界的主人, episode: 1, year: 2025, progress: 176/6890} @ webpack-internal:///(app-pages-browser)/./src/app/play/page.tsx:784
[  239658ms] [LOG] 播放进度已保存: {title: 世界的主人, episode: 1, year: 2025, progress: 181/6890} @ webpack-internal:///(app-pages-browser)/./src/app/play/page.tsx:784
[  244706ms] [LOG] 播放进度已保存: {title: 世界的主人, episode: 1, year: 2025, progress: 186/6890} @ webpack-internal:///(app-pages-browser)/./src/app/play/page.tsx:784
[  249751ms] [LOG] 播放进度已保存: {title: 世界的主人, episode: 1, year: 2025, progress: 191/6890} @ webpack-internal:///(app-pages-browser)/./src/app/play/page.tsx:784
[  254799ms] [LOG] 播放进度已保存: {title: 世界的主人, episode: 1, year: 2025, progress: 196/6890} @ webpack-internal:///(app-pages-browser)/./src/app/play/page.tsx:784
[  259846ms] [LOG] 播放进度已保存: {title: 世界的主人, episode: 1, year: 2025, progress: 201/6890} @ webpack-internal:///(app-pages-browser)/./src/app/play/page.tsx:784
[  264892ms] [LOG] 播放进度已保存: {title: 世界的主人, episode: 1, year: 2025, progress: 206/6890} @ webpack-internal:///(app-pages-browser)/./src/app/play/page.tsx:784
[  269939ms] [LOG] 播放进度已保存: {title: 世界的主人, episode: 1, year: 2025, progress: 211/6890} @ webpack-internal:///(app-pages-browser)/./src/app/play/page.tsx:784
[  274987ms] [LOG] 播放进度已保存: {title: 世界的主人, episode: 1, year: 2025, progress: 216/6890} @ webpack-internal:///(app-pages-browser)/./src/app/play/page.tsx:784
[  280034ms] [LOG] 播放进度已保存: {title: 世界的主人, episode: 1, year: 2025, progress: 221/6890} @ webpack-internal:///(app-pages-browser)/./src/app/play/page.tsx:784
[  285081ms] [LOG] 播放进度已保存: {title: 世界的主人, episode: 1, year: 2025, progress: 226/6890} @ webpack-internal:///(app-pages-browser)/./src/app/play/page.tsx:784
[  290126ms] [LOG] 播放进度已保存: {title: 世界的主人, episode: 1, year: 2025, progress: 231/6890} @ webpack-internal:///(app-pages-browser)/./src/app/play/page.tsx:784
[  290818ms] [LOG] 播放进度已保存: {title: 世界的主人, episode: 1, year: 2025, progress: 232/6890} @ webpack-internal:///(app-pages-browser)/./src/app/play/page.tsx:784
[ 1889299ms] [LOG] 播放进度已保存: {title: 世界的主人, episode: 1, year: 2025, progress: 232/6890} @ webpack-internal:///(app-pages-browser)/./src/app/play/page.tsx:784
[ 1890756ms] [LOG] 播放进度已保存: {title: 世界的主人, episode: 1, year: 2025, progress: 234/6890} @ webpack-internal:///(app-pages-browser)/./src/app/play/page.tsx:784
[ 1890824ms] [ERROR] Access to XMLHttpRequest at 'https://v10.baofeng10.com/video/shijiedezhuren/6eae28ff3fbb/0000262.ts' from origin 'http://localhost:3001' has been blocked by CORS policy: No 'Access-Control-Allow-Origin' header is present on the requested resource. @ http://localhost:3001/play?title=%E4%B8%96%E7%95%8C%E7%9A%84%E4%B8%BB%E4%BA%BA&year=2025&stype=movie&source=bfzy&id=142321:0
[ 1890827ms] [ERROR] HLS Error: hlsError {type: networkError, details: fragLoadError, fatal: false, frag: Fragment, response: Object} @ webpack-internal:///(app-pages-browser)/./node_modules/.pnpm/next@14.2.30_@babel+core@7._9960d4ec3ace0dc381872aaaee443d1f/node_modules/next/dist/client/app-index.js:32
[ 1890827ms] [ERROR] Failed to load resource: net::ERR_FAILED @ https://v10.baofeng10.com/video/shijiedezhuren/6eae28ff3fbb/0000262.ts:0
[ 1890937ms] [ERROR] Access to XMLHttpRequest at 'https://v10.baofeng10.com/video/shijiedezhuren/6eae28ff3fbb/0000263.ts' from origin 'http://localhost:3001' has been blocked by CORS policy: No 'Access-Control-Allow-Origin' header is present on the requested resource. @ http://localhost:3001/play?title=%E4%B8%96%E7%95%8C%E7%9A%84%E4%B8%BB%E4%BA%BA&year=2025&stype=movie&source=bfzy&id=142321:0
[ 1890937ms] [ERROR] HLS Error: hlsError {type: networkError, details: fragLoadError, fatal: false, frag: Fragment, response: Object} @ webpack-internal:///(app-pages-browser)/./node_modules/.pnpm/next@14.2.30_@babel+core@7._9960d4ec3ace0dc381872aaaee443d1f/node_modules/next/dist/client/app-index.js:32
[ 1890938ms] [ERROR] Failed to load resource: net::ERR_FAILED @ https://v10.baofeng10.com/video/shijiedezhuren/6eae28ff3fbb/0000263.ts:0
[ 1891114ms] [ERROR] Access to XMLHttpRequest at 'https://v10.baofeng10.com/video/shijiedezhuren/6eae28ff3fbb/0000264.ts' from origin 'http://localhost:3001' has been blocked by CORS policy: No 'Access-Control-Allow-Origin' header is present on the requested resource. @ http://localhost:3001/play?title=%E4%B8%96%E7%95%8C%E7%9A%84%E4%B8%BB%E4%BA%BA&year=2025&stype=movie&source=bfzy&id=142321:0
[ 1891114ms] [ERROR] HLS Error: hlsError {type: networkError, details: fragLoadError, fatal: false, frag: Fragment, response: Object} @ webpack-internal:///(app-pages-browser)/./node_modules/.pnpm/next@14.2.30_@babel+core@7._9960d4ec3ace0dc381872aaaee443d1f/node_modules/next/dist/client/app-index.js:32
[ 1891115ms] [ERROR] Failed to load resource: net::ERR_FAILED @ https://v10.baofeng10.com/video/shijiedezhuren/6eae28ff3fbb/0000264.ts:0
[ 1891222ms] [ERROR] Access to XMLHttpRequest at 'https://v10.baofeng10.com/video/shijiedezhuren/6eae28ff3fbb/0000265.ts' from origin 'http://localhost:3001' has been blocked by CORS policy: No 'Access-Control-Allow-Origin' header is present on the requested resource. @ http://localhost:3001/play?title=%E4%B8%96%E7%95%8C%E7%9A%84%E4%B8%BB%E4%BA%BA&year=2025&stype=movie&source=bfzy&id=142321:0
[ 1891222ms] [ERROR] HLS Error: hlsError {type: networkError, details: fragLoadError, fatal: false, frag: Fragment, response: Object} @ webpack-internal:///(app-pages-browser)/./node_modules/.pnpm/next@14.2.30_@babel+core@7._9960d4ec3ace0dc381872aaaee443d1f/node_modules/next/dist/client/app-index.js:32
[ 1891222ms] [ERROR] Failed to load resource: net::ERR_FAILED @ https://v10.baofeng10.com/video/shijiedezhuren/6eae28ff3fbb/0000265.ts:0
[ 1891329ms] [ERROR] Access to XMLHttpRequest at 'https://v10.baofeng10.com/video/shijiedezhuren/6eae28ff3fbb/0000266.ts' from origin 'http://localhost:3001' has been blocked by CORS policy: No 'Access-Control-Allow-Origin' header is present on the requested resource. @ http://localhost:3001/play?title=%E4%B8%96%E7%95%8C%E7%9A%84%E4%B8%BB%E4%BA%BA&year=2025&stype=movie&source=bfzy&id=142321:0
[ 1891330ms] [ERROR] HLS Error: hlsError {type: networkError, details: fragLoadError, fatal: false, frag: Fragment, response: Object} @ webpack-internal:///(app-pages-browser)/./node_modules/.pnpm/next@14.2.30_@babel+core@7._9960d4ec3ace0dc381872aaaee443d1f/node_modules/next/dist/client/app-index.js:32
[ 1891330ms] [ERROR] Failed to load resource: net::ERR_FAILED @ https://v10.baofeng10.com/video/shijiedezhuren/6eae28ff3fbb/0000266.ts:0
[ 1891438ms] [ERROR] Access to XMLHttpRequest at 'https://v10.baofeng10.com/video/shijiedezhuren/6eae28ff3fbb/0000267.ts' from origin 'http://localhost:3001' has been blocked by CORS policy: No 'Access-Control-Allow-Origin' header is present on the requested resource. @ http://localhost:3001/play?title=%E4%B8%96%E7%95%8C%E7%9A%84%E4%B8%BB%E4%BA%BA&year=2025&stype=movie&source=bfzy&id=142321:0
[ 1891438ms] [ERROR] HLS Error: hlsError {type: networkError, details: fragLoadError, fatal: false, frag: Fragment, response: Object} @ webpack-internal:///(app-pages-browser)/./node_modules/.pnpm/next@14.2.30_@babel+core@7._9960d4ec3ace0dc381872aaaee443d1f/node_modules/next/dist/client/app-index.js:32
[ 1891439ms] [ERROR] Failed to load resource: net::ERR_FAILED @ https://v10.baofeng10.com/video/shijiedezhuren/6eae28ff3fbb/0000267.ts:0
[ 1891545ms] [ERROR] Access to XMLHttpRequest at 'https://v10.baofeng10.com/video/shijiedezhuren/6eae28ff3fbb/0000268.ts' from origin 'http://localhost:3001' has been blocked by CORS policy: No 'Access-Control-Allow-Origin' header is present on the requested resource. @ http://localhost:3001/play?title=%E4%B8%96%E7%95%8C%E7%9A%84%E4%B8%BB%E4%BA%BA&year=2025&stype=movie&source=bfzy&id=142321:0
[ 1891546ms] [ERROR] HLS Error: hlsError {type: networkError, details: fragLoadError, fatal: false, frag: Fragment, response: Object} @ webpack-internal:///(app-pages-browser)/./node_modules/.pnpm/next@14.2.30_@babel+core@7._9960d4ec3ace0dc381872aaaee443d1f/node_modules/next/dist/client/app-index.js:32
[ 1891546ms] [ERROR] Failed to load resource: net::ERR_FAILED @ https://v10.baofeng10.com/video/shijiedezhuren/6eae28ff3fbb/0000268.ts:0
[ 1891655ms] [ERROR] Access to XMLHttpRequest at 'https://v10.baofeng10.com/video/shijiedezhuren/6eae28ff3fbb/0000269.ts' from origin 'http://localhost:3001' has been blocked by CORS policy: No 'Access-Control-Allow-Origin' header is present on the requested resource. @ http://localhost:3001/play?title=%E4%B8%96%E7%95%8C%E7%9A%84%E4%B8%BB%E4%BA%BA&year=2025&stype=movie&source=bfzy&id=142321:0
[ 1891656ms] [ERROR] HLS Error: hlsError {type: networkError, details: fragLoadError, fatal: false, frag: Fragment, response: Object} @ webpack-internal:///(app-pages-browser)/./node_modules/.pnpm/next@14.2.30_@babel+core@7._9960d4ec3ace0dc381872aaaee443d1f/node_modules/next/dist/client/app-index.js:32
[ 1891656ms] [ERROR] Failed to load resource: net::ERR_FAILED @ https://v10.baofeng10.com/video/shijiedezhuren/6eae28ff3fbb/0000269.ts:0
[ 1891762ms] [ERROR] Access to XMLHttpRequest at 'https://v10.baofeng10.com/video/shijiedezhuren/6eae28ff3fbb/0000270.ts' from origin 'http://localhost:3001' has been blocked by CORS policy: No 'Access-Control-Allow-Origin' header is present on the requested resource. @ http://localhost:3001/douban?type=movie:0
[ 1891763ms] [ERROR] HLS Error: hlsError {type: networkError, details: fragLoadError, fatal: false, frag: Fragment, response: Object} @ webpack-internal:///(app-pages-browser)/./node_modules/.pnpm/next@14.2.30_@babel+core@7._9960d4ec3ace0dc381872aaaee443d1f/node_modules/next/dist/client/app-index.js:32
[ 1891763ms] [ERROR] Failed to load resource: net::ERR_FAILED @ https://v10.baofeng10.com/video/shijiedezhuren/6eae28ff3fbb/0000270.ts:0
[ 1891870ms] [ERROR] Access to XMLHttpRequest at 'https://v10.baofeng10.com/video/shijiedezhuren/6eae28ff3fbb/0000271.ts' from origin 'http://localhost:3001' has been blocked by CORS policy: No 'Access-Control-Allow-Origin' header is present on the requested resource. @ http://localhost:3001/douban?type=movie:0
[ 1891871ms] [ERROR] HLS Error: hlsError {type: networkError, details: fragLoadError, fatal: false, frag: Fragment, response: Object} @ webpack-internal:///(app-pages-browser)/./node_modules/.pnpm/next@14.2.30_@babel+core@7._9960d4ec3ace0dc381872aaaee443d1f/node_modules/next/dist/client/app-index.js:32
[ 1891871ms] [ERROR] Failed to load resource: net::ERR_FAILED @ https://v10.baofeng10.com/video/shijiedezhuren/6eae28ff3fbb/0000271.ts:0
[ 1891982ms] [ERROR] Access to XMLHttpRequest at 'https://v10.baofeng10.com/video/shijiedezhuren/6eae28ff3fbb/0000272.ts' from origin 'http://localhost:3001' has been blocked by CORS policy: No 'Access-Control-Allow-Origin' header is present on the requested resource. @ http://localhost:3001/douban?type=movie:0
[ 1891982ms] [ERROR] HLS Error: hlsError {type: networkError, details: fragLoadError, fatal: false, frag: Fragment, response: Object} @ webpack-internal:///(app-pages-browser)/./node_modules/.pnpm/next@14.2.30_@babel+core@7._9960d4ec3ace0dc381872aaaee443d1f/node_modules/next/dist/client/app-index.js:32
[ 1891982ms] [ERROR] Failed to load resource: net::ERR_FAILED @ https://v10.baofeng10.com/video/shijiedezhuren/6eae28ff3fbb/0000272.ts:0
[ 1892099ms] [ERROR] Access to XMLHttpRequest at 'https://v10.baofeng10.com/video/shijiedezhuren/6eae28ff3fbb/0000273.ts' from origin 'http://localhost:3001' has been blocked by CORS policy: No 'Access-Control-Allow-Origin' header is present on the requested resource. @ http://localhost:3001/douban?type=movie:0
[ 1892099ms] [ERROR] HLS Error: hlsError {type: networkError, details: fragLoadError, fatal: false, frag: Fragment, response: Object} @ webpack-internal:///(app-pages-browser)/./node_modules/.pnpm/next@14.2.30_@babel+core@7._9960d4ec3ace0dc381872aaaee443d1f/node_modules/next/dist/client/app-index.js:32
[ 1892099ms] [ERROR] Failed to load resource: net::ERR_FAILED @ https://v10.baofeng10.com/video/shijiedezhuren/6eae28ff3fbb/0000273.ts:0
[ 1892207ms] [ERROR] Access to XMLHttpRequest at 'https://v10.baofeng10.com/video/shijiedezhuren/6eae28ff3fbb/0000274.ts' from origin 'http://localhost:3001' has been blocked by CORS policy: No 'Access-Control-Allow-Origin' header is present on the requested resource. @ http://localhost:3001/douban?type=movie:0
[ 1892207ms] [ERROR] HLS Error: hlsError {type: networkError, details: fragLoadError, fatal: false, frag: Fragment, response: Object} @ webpack-internal:///(app-pages-browser)/./node_modules/.pnpm/next@14.2.30_@babel+core@7._9960d4ec3ace0dc381872aaaee443d1f/node_modules/next/dist/client/app-index.js:32
[ 1892207ms] [ERROR] Failed to load resource: net::ERR_FAILED @ https://v10.baofeng10.com/video/shijiedezhuren/6eae28ff3fbb/0000274.ts:0
[ 1892314ms] [ERROR] Access to XMLHttpRequest at 'https://v10.baofeng10.com/video/shijiedezhuren/6eae28ff3fbb/0000275.ts' from origin 'http://localhost:3001' has been blocked by CORS policy: No 'Access-Control-Allow-Origin' header is present on the requested resource. @ http://localhost:3001/douban?type=movie:0
[ 1892314ms] [ERROR] HLS Error: hlsError {type: networkError, details: fragLoadError, fatal: false, frag: Fragment, response: Object} @ webpack-internal:///(app-pages-browser)/./node_modules/.pnpm/next@14.2.30_@babel+core@7._9960d4ec3ace0dc381872aaaee443d1f/node_modules/next/dist/client/app-index.js:32
[ 1892315ms] [ERROR] Failed to load resource: net::ERR_FAILED @ https://v10.baofeng10.com/video/shijiedezhuren/6eae28ff3fbb/0000275.ts:0
[ 1892420ms] [ERROR] Access to XMLHttpRequest at 'https://v10.baofeng10.com/video/shijiedezhuren/6eae28ff3fbb/0000276.ts' from origin 'http://localhost:3001' has been blocked by CORS policy: No 'Access-Control-Allow-Origin' header is present on the requested resource. @ http://localhost:3001/douban?type=movie:0
[ 1892420ms] [ERROR] HLS Error: hlsError {type: networkError, details: fragLoadError, fatal: false, frag: Fragment, response: Object} @ webpack-internal:///(app-pages-browser)/./node_modules/.pnpm/next@14.2.30_@babel+core@7._9960d4ec3ace0dc381872aaaee443d1f/node_modules/next/dist/client/app-index.js:32
[ 1892420ms] [ERROR] Failed to load resource: net::ERR_FAILED @ https://v10.baofeng10.com/video/shijiedezhuren/6eae28ff3fbb/0000276.ts:0
[ 1892530ms] [ERROR] Access to XMLHttpRequest at 'https://v10.baofeng10.com/video/shijiedezhuren/6eae28ff3fbb/0000277.ts' from origin 'http://localhost:3001' has been blocked by CORS policy: No 'Access-Control-Allow-Origin' header is present on the requested resource. @ http://localhost:3001/douban?type=movie:0
[ 1892531ms] [ERROR] HLS Error: hlsError {type: networkError, details: fragLoadError, fatal: false, frag: Fragment, response: Object} @ webpack-internal:///(app-pages-browser)/./node_modules/.pnpm/next@14.2.30_@babel+core@7._9960d4ec3ace0dc381872aaaee443d1f/node_modules/next/dist/client/app-index.js:32
[ 1892531ms] [ERROR] Failed to load resource: net::ERR_FAILED @ https://v10.baofeng10.com/video/shijiedezhuren/6eae28ff3fbb/0000277.ts:0
[ 1892640ms] [ERROR] Access to XMLHttpRequest at 'https://v10.baofeng10.com/video/shijiedezhuren/6eae28ff3fbb/0000278.ts' from origin 'http://localhost:3001' has been blocked by CORS policy: No 'Access-Control-Allow-Origin' header is present on the requested resource. @ http://localhost:3001/douban?type=movie:0
[ 1892640ms] [ERROR] HLS Error: hlsError {type: networkError, details: fragLoadError, fatal: false, frag: Fragment, response: Object} @ webpack-internal:///(app-pages-browser)/./node_modules/.pnpm/next@14.2.30_@babel+core@7._9960d4ec3ace0dc381872aaaee443d1f/node_modules/next/dist/client/app-index.js:32
[ 1892640ms] [ERROR] Failed to load resource: net::ERR_FAILED @ https://v10.baofeng10.com/video/shijiedezhuren/6eae28ff3fbb/0000278.ts:0
[ 1892748ms] [ERROR] Access to XMLHttpRequest at 'https://v10.baofeng10.com/video/shijiedezhuren/6eae28ff3fbb/0000279.ts' from origin 'http://localhost:3001' has been blocked by CORS policy: No 'Access-Control-Allow-Origin' header is present on the requested resource. @ http://localhost:3001/douban?type=movie:0
[ 1892748ms] [ERROR] HLS Error: hlsError {type: networkError, details: fragLoadError, fatal: false, frag: Fragment, response: Object} @ webpack-internal:///(app-pages-browser)/./node_modules/.pnpm/next@14.2.30_@babel+core@7._9960d4ec3ace0dc381872aaaee443d1f/node_modules/next/dist/client/app-index.js:32
[ 1892748ms] [ERROR] Failed to load resource: net::ERR_FAILED @ https://v10.baofeng10.com/video/shijiedezhuren/6eae28ff3fbb/0000279.ts:0
[ 1892855ms] [ERROR] Access to XMLHttpRequest at 'https://v10.baofeng10.com/video/shijiedezhuren/6eae28ff3fbb/0000280.ts' from origin 'http://localhost:3001' has been blocked by CORS policy: No 'Access-Control-Allow-Origin' header is present on the requested resource. @ http://localhost:3001/douban?type=movie:0
[ 1892855ms] [ERROR] HLS Error: hlsError {type: networkError, details: fragLoadError, fatal: false, frag: Fragment, response: Object} @ webpack-internal:///(app-pages-browser)/./node_modules/.pnpm/next@14.2.30_@babel+core@7._9960d4ec3ace0dc381872aaaee443d1f/node_modules/next/dist/client/app-index.js:32
[ 1892855ms] [ERROR] Failed to load resource: net::ERR_FAILED @ https://v10.baofeng10.com/video/shijiedezhuren/6eae28ff3fbb/0000280.ts:0
[ 1892963ms] [ERROR] Access to XMLHttpRequest at 'https://v10.baofeng10.com/video/shijiedezhuren/6eae28ff3fbb/0000281.ts' from origin 'http://localhost:3001' has been blocked by CORS policy: No 'Access-Control-Allow-Origin' header is present on the requested resource. @ http://localhost:3001/douban?type=movie:0
[ 1892964ms] [ERROR] HLS Error: hlsError {type: networkError, details: fragLoadError, fatal: false, frag: Fragment, response: Object} @ webpack-internal:///(app-pages-browser)/./node_modules/.pnpm/next@14.2.30_@babel+core@7._9960d4ec3ace0dc381872aaaee443d1f/node_modules/next/dist/client/app-index.js:32
[ 1892964ms] [ERROR] Failed to load resource: net::ERR_FAILED @ https://v10.baofeng10.com/video/shijiedezhuren/6eae28ff3fbb/0000281.ts:0
[ 1893077ms] [ERROR] Access to XMLHttpRequest at 'https://v10.baofeng10.com/video/shijiedezhuren/6eae28ff3fbb/0000282.ts' from origin 'http://localhost:3001' has been blocked by CORS policy: No 'Access-Control-Allow-Origin' header is present on the requested resource. @ http://localhost:3001/douban?type=movie:0
[ 1893077ms] [ERROR] HLS Error: hlsError {type: networkError, details: fragLoadError, fatal: false, frag: Fragment, response: Object} @ webpack-internal:///(app-pages-browser)/./node_modules/.pnpm/next@14.2.30_@babel+core@7._9960d4ec3ace0dc381872aaaee443d1f/node_modules/next/dist/client/app-index.js:32
[ 1893078ms] [ERROR] Failed to load resource: net::ERR_FAILED @ https://v10.baofeng10.com/video/shijiedezhuren/6eae28ff3fbb/0000282.ts:0
[ 1893190ms] [ERROR] Access to XMLHttpRequest at 'https://v10.baofeng10.com/video/shijiedezhuren/6eae28ff3fbb/0000283.ts' from origin 'http://localhost:3001' has been blocked by CORS policy: No 'Access-Control-Allow-Origin' header is present on the requested resource. @ http://localhost:3001/douban?type=movie:0
[ 1893191ms] [ERROR] HLS Error: hlsError {type: networkError, details: fragLoadError, fatal: false, frag: Fragment, response: Object} @ webpack-internal:///(app-pages-browser)/./node_modules/.pnpm/next@14.2.30_@babel+core@7._9960d4ec3ace0dc381872aaaee443d1f/node_modules/next/dist/client/app-index.js:32
[ 1893191ms] [ERROR] Failed to load resource: net::ERR_FAILED @ https://v10.baofeng10.com/video/shijiedezhuren/6eae28ff3fbb/0000283.ts:0
[ 1893301ms] [ERROR] Access to XMLHttpRequest at 'https://v10.baofeng10.com/video/shijiedezhuren/6eae28ff3fbb/0000284.ts' from origin 'http://localhost:3001' has been blocked by CORS policy: No 'Access-Control-Allow-Origin' header is present on the requested resource. @ http://localhost:3001/douban?type=movie:0
[ 1893301ms] [ERROR] HLS Error: hlsError {type: networkError, details: fragLoadError, fatal: false, frag: Fragment, response: Object} @ webpack-internal:///(app-pages-browser)/./node_modules/.pnpm/next@14.2.30_@babel+core@7._9960d4ec3ace0dc381872aaaee443d1f/node_modules/next/dist/client/app-index.js:32
[ 1893301ms] [ERROR] Failed to load resource: net::ERR_FAILED @ https://v10.baofeng10.com/video/shijiedezhuren/6eae28ff3fbb/0000284.ts:0
[ 1893410ms] [ERROR] Access to XMLHttpRequest at 'https://v10.baofeng10.com/video/shijiedezhuren/6eae28ff3fbb/0000285.ts' from origin 'http://localhost:3001' has been blocked by CORS policy: No 'Access-Control-Allow-Origin' header is present on the requested resource. @ http://localhost:3001/douban?type=movie:0
[ 1893410ms] [ERROR] HLS Error: hlsError {type: networkError, details: fragLoadError, fatal: false, frag: Fragment, response: Object} @ webpack-internal:///(app-pages-browser)/./node_modules/.pnpm/next@14.2.30_@babel+core@7._9960d4ec3ace0dc381872aaaee443d1f/node_modules/next/dist/client/app-index.js:32
[ 1893410ms] [ERROR] Failed to load resource: net::ERR_FAILED @ https://v10.baofeng10.com/video/shijiedezhuren/6eae28ff3fbb/0000285.ts:0
[ 1893517ms] [ERROR] Access to XMLHttpRequest at 'https://v10.baofeng10.com/video/shijiedezhuren/6eae28ff3fbb/0000286.ts' from origin 'http://localhost:3001' has been blocked by CORS policy: No 'Access-Control-Allow-Origin' header is present on the requested resource. @ http://localhost:3001/douban?type=movie:0
[ 1893517ms] [ERROR] HLS Error: hlsError {type: networkError, details: fragLoadError, fatal: false, frag: Fragment, response: Object} @ webpack-internal:///(app-pages-browser)/./node_modules/.pnpm/next@14.2.30_@babel+core@7._9960d4ec3ace0dc381872aaaee443d1f/node_modules/next/dist/client/app-index.js:32
[ 1893517ms] [ERROR] Failed to load resource: net::ERR_FAILED @ https://v10.baofeng10.com/video/shijiedezhuren/6eae28ff3fbb/0000286.ts:0
[ 1893625ms] [ERROR] Access to XMLHttpRequest at 'https://v10.baofeng10.com/video/shijiedezhuren/6eae28ff3fbb/0000287.ts' from origin 'http://localhost:3001' has been blocked by CORS policy: No 'Access-Control-Allow-Origin' header is present on the requested resource. @ http://localhost:3001/douban?type=movie:0
[ 1893626ms] [ERROR] HLS Error: hlsError {type: networkError, details: fragLoadError, fatal: false, frag: Fragment, response: Object} @ webpack-internal:///(app-pages-browser)/./node_modules/.pnpm/next@14.2.30_@babel+core@7._9960d4ec3ace0dc381872aaaee443d1f/node_modules/next/dist/client/app-index.js:32
[ 1893626ms] [ERROR] Failed to load resource: net::ERR_FAILED @ https://v10.baofeng10.com/video/shijiedezhuren/6eae28ff3fbb/0000287.ts:0
[ 1893760ms] [ERROR] Access to XMLHttpRequest at 'https://v10.baofeng10.com/video/shijiedezhuren/6eae28ff3fbb/0000288.ts' from origin 'http://localhost:3001' has been blocked by CORS policy: No 'Access-Control-Allow-Origin' header is present on the requested resource. @ http://localhost:3001/douban?type=movie:0
[ 1893760ms] [ERROR] HLS Error: hlsError {type: networkError, details: fragLoadError, fatal: false, frag: Fragment, response: Object} @ webpack-internal:///(app-pages-browser)/./node_modules/.pnpm/next@14.2.30_@babel+core@7._9960d4ec3ace0dc381872aaaee443d1f/node_modules/next/dist/client/app-index.js:32
[ 1893760ms] [ERROR] Failed to load resource: net::ERR_FAILED @ https://v10.baofeng10.com/video/shijiedezhuren/6eae28ff3fbb/0000288.ts:0
[ 1893870ms] [ERROR] Access to XMLHttpRequest at 'https://v10.baofeng10.com/video/shijiedezhuren/6eae28ff3fbb/0000289.ts' from origin 'http://localhost:3001' has been blocked by CORS policy: No 'Access-Control-Allow-Origin' header is present on the requested resource. @ http://localhost:3001/douban?type=movie:0
[ 1893870ms] [ERROR] HLS Error: hlsError {type: networkError, details: fragLoadError, fatal: false, frag: Fragment, response: Object} @ webpack-internal:///(app-pages-browser)/./node_modules/.pnpm/next@14.2.30_@babel+core@7._9960d4ec3ace0dc381872aaaee443d1f/node_modules/next/dist/client/app-index.js:32
[ 1893870ms] [ERROR] Failed to load resource: net::ERR_FAILED @ https://v10.baofeng10.com/video/shijiedezhuren/6eae28ff3fbb/0000289.ts:0
[ 1893977ms] [ERROR] Access to XMLHttpRequest at 'https://v10.baofeng10.com/video/shijiedezhuren/6eae28ff3fbb/0000290.ts' from origin 'http://localhost:3001' has been blocked by CORS policy: No 'Access-Control-Allow-Origin' header is present on the requested resource. @ http://localhost:3001/douban?type=movie:0
[ 1893977ms] [ERROR] HLS Error: hlsError {type: networkError, details: fragLoadError, fatal: false, frag: Fragment, response: Object} @ webpack-internal:///(app-pages-browser)/./node_modules/.pnpm/next@14.2.30_@babel+core@7._9960d4ec3ace0dc381872aaaee443d1f/node_modules/next/dist/client/app-index.js:32
[ 1893977ms] [ERROR] Failed to load resource: net::ERR_FAILED @ https://v10.baofeng10.com/video/shijiedezhuren/6eae28ff3fbb/0000290.ts:0
[ 1894032ms] [ERROR] Failed to load resource: net::ERR_CONNECTION_REFUSED @ http://localhost:3001/manifest.json:0
[ 1894086ms] [ERROR] Access to XMLHttpRequest at 'https://v10.baofeng10.com/video/shijiedezhuren/6eae28ff3fbb/0000291.ts' from origin 'http://localhost:3001' has been blocked by CORS policy: No 'Access-Control-Allow-Origin' header is present on the requested resource. @ http://localhost:3001/douban?type=movie:0
[ 1894086ms] [ERROR] HLS Error: hlsError {type: networkError, details: fragLoadError, fatal: false, frag: Fragment, response: Object} @ webpack-internal:///(app-pages-browser)/./node_modules/.pnpm/next@14.2.30_@babel+core@7._9960d4ec3ace0dc381872aaaee443d1f/node_modules/next/dist/client/app-index.js:32
[ 1894086ms] [ERROR] Failed to load resource: net::ERR_FAILED @ https://v10.baofeng10.com/video/shijiedezhuren/6eae28ff3fbb/0000291.ts:0
[ 1894193ms] [ERROR] Access to XMLHttpRequest at 'https://v10.baofeng10.com/video/shijiedezhuren/6eae28ff3fbb/0000292.ts' from origin 'http://localhost:3001' has been blocked by CORS policy: No 'Access-Control-Allow-Origin' header is present on the requested resource. @ http://localhost:3001/douban?type=movie:0
[ 1894194ms] [ERROR] HLS Error: hlsError {type: networkError, details: fragLoadError, fatal: false, frag: Fragment, response: Object} @ webpack-internal:///(app-pages-browser)/./node_modules/.pnpm/next@14.2.30_@babel+core@7._9960d4ec3ace0dc381872aaaee443d1f/node_modules/next/dist/client/app-index.js:32
[ 1894194ms] [ERROR] Failed to load resource: net::ERR_FAILED @ https://v10.baofeng10.com/video/shijiedezhuren/6eae28ff3fbb/0000292.ts:0
[ 1894299ms] [ERROR] Access to XMLHttpRequest at 'https://v10.baofeng10.com/video/shijiedezhuren/6eae28ff3fbb/0000293.ts' from origin 'http://localhost:3001' has been blocked by CORS policy: No 'Access-Control-Allow-Origin' header is present on the requested resource. @ http://localhost:3001/douban?type=movie:0
[ 1894300ms] [ERROR] HLS Error: hlsError {type: networkError, details: fragLoadError, fatal: false, frag: Fragment, response: Object} @ webpack-internal:///(app-pages-browser)/./node_modules/.pnpm/next@14.2.30_@babel+core@7._9960d4ec3ace0dc381872aaaee443d1f/node_modules/next/dist/client/app-index.js:32
[ 1894300ms] [ERROR] Failed to load resource: net::ERR_FAILED @ https://v10.baofeng10.com/video/shijiedezhuren/6eae28ff3fbb/0000293.ts:0
[ 1894406ms] [ERROR] Access to XMLHttpRequest at 'https://v10.baofeng10.com/video/shijiedezhuren/6eae28ff3fbb/0000294.ts' from origin 'http://localhost:3001' has been blocked by CORS policy: No 'Access-Control-Allow-Origin' header is present on the requested resource. @ http://localhost:3001/douban?type=movie:0
[ 1894406ms] [ERROR] HLS Error: hlsError {type: networkError, details: fragLoadError, fatal: false, frag: Fragment, response: Object} @ webpack-internal:///(app-pages-browser)/./node_modules/.pnpm/next@14.2.30_@babel+core@7._9960d4ec3ace0dc381872aaaee443d1f/node_modules/next/dist/client/app-index.js:32
[ 1894406ms] [ERROR] Failed to load resource: net::ERR_FAILED @ https://v10.baofeng10.com/video/shijiedezhuren/6eae28ff3fbb/0000294.ts:0
[ 1894516ms] [ERROR] Access to XMLHttpRequest at 'https://v10.baofeng10.com/video/shijiedezhuren/6eae28ff3fbb/0000295.ts' from origin 'http://localhost:3001' has been blocked by CORS policy: No 'Access-Control-Allow-Origin' header is present on the requested resource. @ http://localhost:3001/douban?type=movie:0
[ 1894516ms] [ERROR] HLS Error: hlsError {type: networkError, details: fragLoadError, fatal: false, frag: Fragment, response: Object} @ webpack-internal:///(app-pages-browser)/./node_modules/.pnpm/next@14.2.30_@babel+core@7._9960d4ec3ace0dc381872aaaee443d1f/node_modules/next/dist/client/app-index.js:32
[ 1894516ms] [ERROR] Failed to load resource: net::ERR_FAILED @ https://v10.baofeng10.com/video/shijiedezhuren/6eae28ff3fbb/0000295.ts:0
